#! /usr/bin/vvp
:ivl_version "12.0 (stable)" "(v12_0-dirty)";
:ivl_delay_selection "TYPICAL";
:vpi_time_precision + 0;
:vpi_module "/usr/lib/ivl/system.vpi";
:vpi_module "/usr/lib/ivl/vhdl_sys.vpi";
:vpi_module "/usr/lib/ivl/vhdl_textio.vpi";
:vpi_module "/usr/lib/ivl/v2005_math.vpi";
:vpi_module "/usr/lib/ivl/va_math.vpi";
S_0x560d0e0b22e0 .scope module, "testbench" "testbench" 2 3;
 .timescale 0 0;
v0x560d0e179af0_0 .var "clk", 0 0;
v0x560d0e179b90_0 .net "halt", 0 0, v0x560d0e1794d0_0;  1 drivers
v0x560d0e179c50_0 .var "reset", 0 0;
S_0x560d0e142500 .scope module, "tiny" "processor" 2 8, 3 306 0, S_0x560d0e0b22e0;
 .timescale 0 0;
    .port_info 0 /INPUT 1 "clk";
    .port_info 1 /INPUT 1 "reset";
    .port_info 2 /OUTPUT 1 "halt";
P_0x560d0e0b9a90 .param/l "WIDTH" 0 3 306, +C4<00000000000000000000000000001000>;
L_0x560d0e19d7f0 .functor AND 1, v0x560d0e179af0_0, L_0x560d0e19d700, C4<1>, C4<1>;
v0x560d0e178240_0 .net "AI", 0 0, L_0x560d0e19bad0;  1 drivers
v0x560d0e178350_0 .net "AS", 0 0, L_0x560d0e19bdf0;  1 drivers
v0x560d0e178460_0 .net "C_in", 0 0, L_0x560d0e19c990;  1 drivers
v0x560d0e178550_0 .net "ES", 0 0, L_0x560d0e19c640;  1 drivers
v0x560d0e1785f0_0 .net "II", 0 0, L_0x560d0e19cd90;  1 drivers
v0x560d0e1786e0_0 .net "L", 3 0, L_0x560d0e19d1a0;  1 drivers
v0x560d0e1787d0_0 .net "LS", 0 0, L_0x560d0e19ca30;  1 drivers
v0x560d0e1788c0_0 .net "MI", 0 0, L_0x560d0e19c260;  1 drivers
v0x560d0e1789b0_0 .net "PI", 0 0, L_0x560d0e19be90;  1 drivers
v0x560d0e178a50_0 .net "PS", 0 0, L_0x560d0e19c1c0;  1 drivers
v0x560d0e178b40_0 .net "RI", 0 0, L_0x560d0e19c5a0;  1 drivers
v0x560d0e178c30_0 .net *"_ivl_0", 7 0, L_0x560d0e1918f0;  1 drivers
L_0x7f6c012d0530 .functor BUFT 1, C4<11111111>, C4<0>, C4<0>, C4<0>;
v0x560d0e178cd0_0 .net/2u *"_ivl_10", 7 0, L_0x7f6c012d0530;  1 drivers
v0x560d0e178d90_0 .net *"_ivl_12", 0 0, L_0x560d0e19d700;  1 drivers
v0x560d0e178e50_0 .net *"_ivl_14", 0 0, L_0x560d0e19d7f0;  1 drivers
L_0x7f6c012cf180 .functor BUFT 1, C4<0000>, C4<0>, C4<0>, C4<0>;
v0x560d0e178f30_0 .net *"_ivl_3", 3 0, L_0x7f6c012cf180;  1 drivers
v0x560d0e179010_0 .net "accumulator_bus", 7 0, v0x560d0e177f20_0;  1 drivers
v0x560d0e179230_0 .net "alu_out_bus", 7 0, L_0x560d0e1915a0;  1 drivers
v0x560d0e1792f0_0 .net "clk", 0 0, v0x560d0e179af0_0;  1 drivers
v0x560d0e179390_0 .net "counter", 2 0, v0x560d0e172730_0;  1 drivers
v0x560d0e179430_0 .net "decode", 15 0, L_0x560d0e19b990;  1 drivers
v0x560d0e1794d0_0 .var "halt", 0 0;
v0x560d0e179570_0 .var "inst", 7 0;
v0x560d0e179630_0 .net "mar", 7 0, L_0x560d0e144980;  1 drivers
v0x560d0e1796d0_0 .net "psr_bus", 3 0, v0x560d0e166f40_0;  1 drivers
v0x560d0e179770_0 .net "ram_read_bus", 7 0, L_0x560d0e10e380;  1 drivers
v0x560d0e179830_0 .net "ram_write_bus", 7 0, L_0x560d0e1919e0;  1 drivers
v0x560d0e179940_0 .net "reset", 0 0, v0x560d0e179c50_0;  1 drivers
E_0x560d0e0bda00 .event posedge, L_0x560d0e19d7f0;
L_0x560d0e1918f0 .concat [ 4 4 0 0], v0x560d0e166f40_0, L_0x7f6c012cf180;
L_0x560d0e1919e0 .functor MUXZ 8, L_0x560d0e1915a0, L_0x560d0e1918f0, L_0x560d0e19c640, C4<>;
L_0x560d0e19d700 .cmp/eq 8, v0x560d0e179570_0, L_0x7f6c012d0530;
S_0x560d0e111ce0 .scope module, "alu" "alu16" 3 329, 3 3 0, S_0x560d0e142500;
 .timescale 0 0;
    .port_info 0 /INPUT 1 "clk";
    .port_info 1 /INPUT 1 "reset";
    .port_info 2 /INPUT 8 "A";
    .port_info 3 /INPUT 8 "B";
    .port_info 4 /OUTPUT 8 "E";
    .port_info 5 /INPUT 4 "L";
    .port_info 6 /INPUT 1 "LS";
    .port_info 7 /INPUT 1 "Cn";
    .port_info 8 /INPUT 1 "PI";
    .port_info 9 /INPUT 1 "PS";
    .port_info 10 /OUTPUT 4 "psr";
P_0x560d0e11a020 .param/l "WIDTH" 0 3 3, +C4<00000000000000000000000000001000>;
L_0x7f6c012cf0f0 .functor BUFT 1, C4<000000001>, C4<0>, C4<0>, C4<0>;
L_0x560d0e17ad60 .functor AND 9, L_0x7f6c012cf0f0, L_0x560d0e191080, C4<111111111>, C4<111111111>;
v0x560d0e165cf0_0 .net "A", 7 0, v0x560d0e177f20_0;  alias, 1 drivers
v0x560d0e165df0_0 .net "B", 7 0, L_0x560d0e10e380;  alias, 1 drivers
v0x560d0e165ed0_0 .net "Cn", 0 0, L_0x560d0e19c990;  alias, 1 drivers
v0x560d0e165f70_0 .net "E", 7 0, L_0x560d0e1915a0;  alias, 1 drivers
v0x560d0e166050_0 .net "L", 3 0, L_0x560d0e19d1a0;  alias, 1 drivers
v0x560d0e166130_0 .net "LS", 0 0, L_0x560d0e19ca30;  alias, 1 drivers
v0x560d0e1661f0_0 .net "PI", 0 0, L_0x560d0e19be90;  alias, 1 drivers
v0x560d0e1662b0_0 .net "PS", 0 0, L_0x560d0e19c1c0;  alias, 1 drivers
L_0x7f6c012cf018 .functor BUFT 1, C4<00000000>, C4<0>, C4<0>, C4<0>;
v0x560d0e166370_0 .net/2u *"_ivl_73", 7 0, L_0x7f6c012cf018;  1 drivers
L_0x7f6c012cf060 .functor BUFT 1, C4<0>, C4<0>, C4<0>, C4<0>;
v0x560d0e1664e0_0 .net/2u *"_ivl_77", 0 0, L_0x7f6c012cf060;  1 drivers
v0x560d0e1665c0_0 .net *"_ivl_79", 8 0, L_0x560d0e180ac0;  1 drivers
L_0x7f6c012cf0a8 .functor BUFT 1, C4<0>, C4<0>, C4<0>, C4<0>;
v0x560d0e1666a0_0 .net/2u *"_ivl_81", 0 0, L_0x7f6c012cf0a8;  1 drivers
v0x560d0e166780_0 .net *"_ivl_83", 8 0, L_0x560d0e180c00;  1 drivers
v0x560d0e166860_0 .net *"_ivl_85", 8 0, L_0x560d0e180f30;  1 drivers
v0x560d0e166940_0 .net/2u *"_ivl_87", 8 0, L_0x7f6c012cf0f0;  1 drivers
v0x560d0e166a20_0 .net *"_ivl_89", 8 0, L_0x560d0e191080;  1 drivers
L_0x7f6c012cf138 .functor BUFT 1, C4<00000000>, C4<0>, C4<0>, C4<0>;
v0x560d0e166b00_0 .net *"_ivl_92", 7 0, L_0x7f6c012cf138;  1 drivers
v0x560d0e166be0_0 .net *"_ivl_93", 8 0, L_0x560d0e17ad60;  1 drivers
v0x560d0e166cc0_0 .net "clk", 0 0, v0x560d0e179af0_0;  alias, 1 drivers
v0x560d0e166d80_0 .net "lA", 7 0, L_0x560d0e1807f0;  1 drivers
v0x560d0e166e60_0 .net "lB", 7 0, L_0x560d0e17f490;  1 drivers
v0x560d0e166f40_0 .var "psr", 3 0;
v0x560d0e167020_0 .net "reset", 0 0, v0x560d0e179c50_0;  alias, 1 drivers
v0x560d0e1670e0_0 .net "tE", 8 0, L_0x560d0e191460;  1 drivers
E_0x560d0e0befa0/0 .event negedge, v0x560d0e167020_0;
E_0x560d0e0befa0/1 .event posedge, v0x560d0e166cc0_0;
E_0x560d0e0befa0 .event/or E_0x560d0e0befa0/0, E_0x560d0e0befa0/1;
L_0x560d0e179cf0 .part v0x560d0e177f20_0, 0, 1;
L_0x560d0e179d90 .part L_0x560d0e10e380, 0, 1;
L_0x560d0e179ec0 .part L_0x560d0e19d1a0, 3, 1;
L_0x560d0e179f60 .part L_0x560d0e19d1a0, 2, 1;
L_0x560d0e17a1c0 .part L_0x560d0e10e380, 0, 1;
L_0x560d0e17a260 .part L_0x560d0e19d1a0, 1, 1;
L_0x560d0e17a340 .part L_0x560d0e19d1a0, 0, 1;
L_0x560d0e17a700 .part v0x560d0e177f20_0, 1, 1;
L_0x560d0e17a880 .part L_0x560d0e10e380, 1, 1;
L_0x560d0e17a920 .part L_0x560d0e19d1a0, 3, 1;
L_0x560d0e17aa20 .part L_0x560d0e19d1a0, 2, 1;
L_0x560d0e17acc0 .part L_0x560d0e10e380, 1, 1;
L_0x560d0e17add0 .part L_0x560d0e19d1a0, 1, 1;
L_0x560d0e17ae70 .part L_0x560d0e19d1a0, 0, 1;
L_0x560d0e17b2e0 .part v0x560d0e177f20_0, 2, 1;
L_0x560d0e17b380 .part L_0x560d0e10e380, 2, 1;
L_0x560d0e17b5c0 .part L_0x560d0e19d1a0, 3, 1;
L_0x560d0e17b660 .part L_0x560d0e19d1a0, 2, 1;
L_0x560d0e17b930 .part L_0x560d0e10e380, 2, 1;
L_0x560d0e17b9d0 .part L_0x560d0e19d1a0, 1, 1;
L_0x560d0e17b700 .part L_0x560d0e19d1a0, 0, 1;
L_0x560d0e17be70 .part v0x560d0e177f20_0, 3, 1;
L_0x560d0e17bfd0 .part L_0x560d0e10e380, 3, 1;
L_0x560d0e17c070 .part L_0x560d0e19d1a0, 3, 1;
L_0x560d0e17c1e0 .part L_0x560d0e19d1a0, 2, 1;
L_0x560d0e17c410 .part L_0x560d0e10e380, 3, 1;
L_0x560d0e17c590 .part L_0x560d0e19d1a0, 1, 1;
L_0x560d0e17c630 .part L_0x560d0e19d1a0, 0, 1;
L_0x560d0e17cb10 .part v0x560d0e177f20_0, 4, 1;
L_0x560d0e17cbb0 .part L_0x560d0e10e380, 4, 1;
L_0x560d0e17cd50 .part L_0x560d0e19d1a0, 3, 1;
L_0x560d0e17cdf0 .part L_0x560d0e19d1a0, 2, 1;
L_0x560d0e17d130 .part L_0x560d0e10e380, 4, 1;
L_0x560d0e17d1d0 .part L_0x560d0e19d1a0, 1, 1;
L_0x560d0e17d390 .part L_0x560d0e19d1a0, 0, 1;
L_0x560d0e17d780 .part v0x560d0e177f20_0, 5, 1;
L_0x560d0e17d270 .part L_0x560d0e10e380, 5, 1;
L_0x560d0e17d950 .part L_0x560d0e19d1a0, 3, 1;
L_0x560d0e17db30 .part L_0x560d0e19d1a0, 2, 1;
L_0x560d0e17dd10 .part L_0x560d0e10e380, 5, 1;
L_0x560d0e17df00 .part L_0x560d0e19d1a0, 1, 1;
L_0x560d0e17dfa0 .part L_0x560d0e19d1a0, 0, 1;
L_0x560d0e17e4c0 .part v0x560d0e177f20_0, 6, 1;
L_0x560d0e17e560 .part L_0x560d0e10e380, 6, 1;
L_0x560d0e17e980 .part L_0x560d0e19d1a0, 3, 1;
L_0x560d0e17ea20 .part L_0x560d0e19d1a0, 2, 1;
L_0x560d0e17edd0 .part L_0x560d0e10e380, 6, 1;
L_0x560d0e17ee70 .part L_0x560d0e19d1a0, 1, 1;
L_0x560d0e17f0a0 .part L_0x560d0e19d1a0, 0, 1;
LS_0x560d0e17f490_0_0 .concat8 [ 1 1 1 1], L_0x560d0e17a570, L_0x560d0e17b150, L_0x560d0e17bce0, L_0x560d0e17c980;
LS_0x560d0e17f490_0_4 .concat8 [ 1 1 1 1], L_0x560d0e17d5f0, L_0x560d0e17e330, L_0x560d0e17f300, L_0x560d0e180610;
L_0x560d0e17f490 .concat8 [ 4 4 0 0], LS_0x560d0e17f490_0_0, LS_0x560d0e17f490_0_4;
L_0x560d0e17f950 .part v0x560d0e177f20_0, 7, 1;
L_0x560d0e17f9f0 .part L_0x560d0e10e380, 7, 1;
L_0x560d0e17fc40 .part L_0x560d0e19d1a0, 3, 1;
L_0x560d0e17fce0 .part L_0x560d0e19d1a0, 2, 1;
L_0x560d0e1800d0 .part L_0x560d0e10e380, 7, 1;
L_0x560d0e180170 .part L_0x560d0e19d1a0, 1, 1;
L_0x560d0e1803e0 .part L_0x560d0e19d1a0, 0, 1;
L_0x560d0e1807f0 .functor MUXZ 8, v0x560d0e177f20_0, L_0x7f6c012cf018, L_0x560d0e19ca30, C4<>;
L_0x560d0e180ac0 .concat [ 8 1 0 0], L_0x560d0e1807f0, L_0x7f6c012cf060;
L_0x560d0e180c00 .concat [ 8 1 0 0], L_0x560d0e17f490, L_0x7f6c012cf0a8;
L_0x560d0e180f30 .arith/sum 9, L_0x560d0e180ac0, L_0x560d0e180c00;
L_0x560d0e191080 .concat [ 1 8 0 0], L_0x560d0e19c990, L_0x7f6c012cf138;
L_0x560d0e191460 .arith/sum 9, L_0x560d0e180f30, L_0x560d0e17ad60;
L_0x560d0e1915a0 .part L_0x560d0e191460, 0, 8;
S_0x560d0e10d7c0 .scope generate, "genblk1[0]" "genblk1[0]" 3 21, 3 21 0, S_0x560d0e111ce0;
 .timescale 0 0;
P_0x560d0e0821d0 .param/l "i" 1 3 21, +C4<00>;
v0x560d0e0c8d60_0 .net *"_ivl_0", 0 0, L_0x560d0e179cf0;  1 drivers
v0x560d0e0c68a0_0 .net *"_ivl_1", 0 0, L_0x560d0e179d90;  1 drivers
v0x560d0e0e85d0_0 .net *"_ivl_11", 0 0, L_0x560d0e17a570;  1 drivers
v0x560d0e144ae0_0 .net *"_ivl_2", 0 0, L_0x560d0e179ec0;  1 drivers
v0x560d0e144b80_0 .net *"_ivl_3", 0 0, L_0x560d0e179f60;  1 drivers
v0x560d0e10e440_0 .net *"_ivl_4", 0 0, L_0x560d0e17a0f0;  1 drivers
v0x560d0e10e510_0 .net *"_ivl_6", 0 0, L_0x560d0e17a1c0;  1 drivers
v0x560d0e1606d0_0 .net *"_ivl_7", 0 0, L_0x560d0e17a260;  1 drivers
v0x560d0e1607b0_0 .net *"_ivl_8", 0 0, L_0x560d0e17a340;  1 drivers
v0x560d0e160890_0 .net *"_ivl_9", 0 0, L_0x560d0e17a3e0;  1 drivers
L_0x560d0e17a0f0 .functor MUXZ 1, L_0x560d0e179f60, L_0x560d0e179ec0, L_0x560d0e179d90, C4<>;
L_0x560d0e17a3e0 .functor MUXZ 1, L_0x560d0e17a340, L_0x560d0e17a260, L_0x560d0e17a1c0, C4<>;
L_0x560d0e17a570 .functor MUXZ 1, L_0x560d0e17a3e0, L_0x560d0e17a0f0, L_0x560d0e179cf0, C4<>;
S_0x560d0e160970 .scope generate, "genblk1[1]" "genblk1[1]" 3 21, 3 21 0, S_0x560d0e111ce0;
 .timescale 0 0;
P_0x560d0e160b40 .param/l "i" 1 3 21, +C4<01>;
v0x560d0e160c00_0 .net *"_ivl_0", 0 0, L_0x560d0e17a700;  1 drivers
v0x560d0e160ce0_0 .net *"_ivl_1", 0 0, L_0x560d0e17a880;  1 drivers
v0x560d0e160dc0_0 .net *"_ivl_11", 0 0, L_0x560d0e17b150;  1 drivers
v0x560d0e160e80_0 .net *"_ivl_2", 0 0, L_0x560d0e17a920;  1 drivers
v0x560d0e160f60_0 .net *"_ivl_3", 0 0, L_0x560d0e17aa20;  1 drivers
v0x560d0e161090_0 .net *"_ivl_4", 0 0, L_0x560d0e17abd0;  1 drivers
v0x560d0e161170_0 .net *"_ivl_6", 0 0, L_0x560d0e17acc0;  1 drivers
v0x560d0e161250_0 .net *"_ivl_7", 0 0, L_0x560d0e17add0;  1 drivers
v0x560d0e161330_0 .net *"_ivl_8", 0 0, L_0x560d0e17ae70;  1 drivers
v0x560d0e161410_0 .net *"_ivl_9", 0 0, L_0x560d0e17af90;  1 drivers
L_0x560d0e17abd0 .functor MUXZ 1, L_0x560d0e17aa20, L_0x560d0e17a920, L_0x560d0e17a880, C4<>;
L_0x560d0e17af90 .functor MUXZ 1, L_0x560d0e17ae70, L_0x560d0e17add0, L_0x560d0e17acc0, C4<>;
L_0x560d0e17b150 .functor MUXZ 1, L_0x560d0e17af90, L_0x560d0e17abd0, L_0x560d0e17a700, C4<>;
S_0x560d0e1614f0 .scope generate, "genblk1[2]" "genblk1[2]" 3 21, 3 21 0, S_0x560d0e111ce0;
 .timescale 0 0;
P_0x560d0e1616a0 .param/l "i" 1 3 21, +C4<010>;
v0x560d0e161760_0 .net *"_ivl_0", 0 0, L_0x560d0e17b2e0;  1 drivers
v0x560d0e161840_0 .net *"_ivl_1", 0 0, L_0x560d0e17b380;  1 drivers
v0x560d0e161920_0 .net *"_ivl_11", 0 0, L_0x560d0e17bce0;  1 drivers
v0x560d0e1619e0_0 .net *"_ivl_2", 0 0, L_0x560d0e17b5c0;  1 drivers
v0x560d0e161ac0_0 .net *"_ivl_3", 0 0, L_0x560d0e17b660;  1 drivers
v0x560d0e161bf0_0 .net *"_ivl_4", 0 0, L_0x560d0e17b7a0;  1 drivers
v0x560d0e161cd0_0 .net *"_ivl_6", 0 0, L_0x560d0e17b930;  1 drivers
v0x560d0e161db0_0 .net *"_ivl_7", 0 0, L_0x560d0e17b9d0;  1 drivers
v0x560d0e161e90_0 .net *"_ivl_8", 0 0, L_0x560d0e17b700;  1 drivers
v0x560d0e161f70_0 .net *"_ivl_9", 0 0, L_0x560d0e17bb20;  1 drivers
L_0x560d0e17b7a0 .functor MUXZ 1, L_0x560d0e17b660, L_0x560d0e17b5c0, L_0x560d0e17b380, C4<>;
L_0x560d0e17bb20 .functor MUXZ 1, L_0x560d0e17b700, L_0x560d0e17b9d0, L_0x560d0e17b930, C4<>;
L_0x560d0e17bce0 .functor MUXZ 1, L_0x560d0e17bb20, L_0x560d0e17b7a0, L_0x560d0e17b2e0, C4<>;
S_0x560d0e162050 .scope generate, "genblk1[3]" "genblk1[3]" 3 21, 3 21 0, S_0x560d0e111ce0;
 .timescale 0 0;
P_0x560d0e162200 .param/l "i" 1 3 21, +C4<011>;
v0x560d0e1622e0_0 .net *"_ivl_0", 0 0, L_0x560d0e17be70;  1 drivers
v0x560d0e1623c0_0 .net *"_ivl_1", 0 0, L_0x560d0e17bfd0;  1 drivers
v0x560d0e1624a0_0 .net *"_ivl_11", 0 0, L_0x560d0e17c980;  1 drivers
v0x560d0e162560_0 .net *"_ivl_2", 0 0, L_0x560d0e17c070;  1 drivers
v0x560d0e162640_0 .net *"_ivl_3", 0 0, L_0x560d0e17c1e0;  1 drivers
v0x560d0e162770_0 .net *"_ivl_4", 0 0, L_0x560d0e17c280;  1 drivers
v0x560d0e162850_0 .net *"_ivl_6", 0 0, L_0x560d0e17c410;  1 drivers
v0x560d0e162930_0 .net *"_ivl_7", 0 0, L_0x560d0e17c590;  1 drivers
v0x560d0e162a10_0 .net *"_ivl_8", 0 0, L_0x560d0e17c630;  1 drivers
v0x560d0e162b80_0 .net *"_ivl_9", 0 0, L_0x560d0e17c7c0;  1 drivers
L_0x560d0e17c280 .functor MUXZ 1, L_0x560d0e17c1e0, L_0x560d0e17c070, L_0x560d0e17bfd0, C4<>;
L_0x560d0e17c7c0 .functor MUXZ 1, L_0x560d0e17c630, L_0x560d0e17c590, L_0x560d0e17c410, C4<>;
L_0x560d0e17c980 .functor MUXZ 1, L_0x560d0e17c7c0, L_0x560d0e17c280, L_0x560d0e17be70, C4<>;
S_0x560d0e162c60 .scope generate, "genblk1[4]" "genblk1[4]" 3 21, 3 21 0, S_0x560d0e111ce0;
 .timescale 0 0;
P_0x560d0e162e60 .param/l "i" 1 3 21, +C4<0100>;
v0x560d0e162f40_0 .net *"_ivl_0", 0 0, L_0x560d0e17cb10;  1 drivers
v0x560d0e163020_0 .net *"_ivl_1", 0 0, L_0x560d0e17cbb0;  1 drivers
v0x560d0e163100_0 .net *"_ivl_11", 0 0, L_0x560d0e17d5f0;  1 drivers
v0x560d0e1631c0_0 .net *"_ivl_2", 0 0, L_0x560d0e17cd50;  1 drivers
v0x560d0e1632a0_0 .net *"_ivl_3", 0 0, L_0x560d0e17cdf0;  1 drivers
v0x560d0e1633d0_0 .net *"_ivl_4", 0 0, L_0x560d0e17cfa0;  1 drivers
v0x560d0e1634b0_0 .net *"_ivl_6", 0 0, L_0x560d0e17d130;  1 drivers
v0x560d0e163590_0 .net *"_ivl_7", 0 0, L_0x560d0e17d1d0;  1 drivers
v0x560d0e163670_0 .net *"_ivl_8", 0 0, L_0x560d0e17d390;  1 drivers
v0x560d0e1637e0_0 .net *"_ivl_9", 0 0, L_0x560d0e17d430;  1 drivers
L_0x560d0e17cfa0 .functor MUXZ 1, L_0x560d0e17cdf0, L_0x560d0e17cd50, L_0x560d0e17cbb0, C4<>;
L_0x560d0e17d430 .functor MUXZ 1, L_0x560d0e17d390, L_0x560d0e17d1d0, L_0x560d0e17d130, C4<>;
L_0x560d0e17d5f0 .functor MUXZ 1, L_0x560d0e17d430, L_0x560d0e17cfa0, L_0x560d0e17cb10, C4<>;
S_0x560d0e1638c0 .scope generate, "genblk1[5]" "genblk1[5]" 3 21, 3 21 0, S_0x560d0e111ce0;
 .timescale 0 0;
P_0x560d0e163a70 .param/l "i" 1 3 21, +C4<0101>;
v0x560d0e163b50_0 .net *"_ivl_0", 0 0, L_0x560d0e17d780;  1 drivers
v0x560d0e163c30_0 .net *"_ivl_1", 0 0, L_0x560d0e17d270;  1 drivers
v0x560d0e163d10_0 .net *"_ivl_11", 0 0, L_0x560d0e17e330;  1 drivers
v0x560d0e163dd0_0 .net *"_ivl_2", 0 0, L_0x560d0e17d950;  1 drivers
v0x560d0e163eb0_0 .net *"_ivl_3", 0 0, L_0x560d0e17db30;  1 drivers
v0x560d0e163fe0_0 .net *"_ivl_4", 0 0, L_0x560d0e17dbd0;  1 drivers
v0x560d0e1640c0_0 .net *"_ivl_6", 0 0, L_0x560d0e17dd10;  1 drivers
v0x560d0e1641a0_0 .net *"_ivl_7", 0 0, L_0x560d0e17df00;  1 drivers
v0x560d0e164280_0 .net *"_ivl_8", 0 0, L_0x560d0e17dfa0;  1 drivers
v0x560d0e1643f0_0 .net *"_ivl_9", 0 0, L_0x560d0e17e1a0;  1 drivers
L_0x560d0e17dbd0 .functor MUXZ 1, L_0x560d0e17db30, L_0x560d0e17d950, L_0x560d0e17d270, C4<>;
L_0x560d0e17e1a0 .functor MUXZ 1, L_0x560d0e17dfa0, L_0x560d0e17df00, L_0x560d0e17dd10, C4<>;
L_0x560d0e17e330 .functor MUXZ 1, L_0x560d0e17e1a0, L_0x560d0e17dbd0, L_0x560d0e17d780, C4<>;
S_0x560d0e1644d0 .scope generate, "genblk1[6]" "genblk1[6]" 3 21, 3 21 0, S_0x560d0e111ce0;
 .timescale 0 0;
P_0x560d0e164680 .param/l "i" 1 3 21, +C4<0110>;
v0x560d0e164760_0 .net *"_ivl_0", 0 0, L_0x560d0e17e4c0;  1 drivers
v0x560d0e164840_0 .net *"_ivl_1", 0 0, L_0x560d0e17e560;  1 drivers
v0x560d0e164920_0 .net *"_ivl_11", 0 0, L_0x560d0e17f300;  1 drivers
v0x560d0e1649e0_0 .net *"_ivl_2", 0 0, L_0x560d0e17e980;  1 drivers
v0x560d0e164ac0_0 .net *"_ivl_3", 0 0, L_0x560d0e17ea20;  1 drivers
v0x560d0e164bf0_0 .net *"_ivl_4", 0 0, L_0x560d0e17ec40;  1 drivers
v0x560d0e164cd0_0 .net *"_ivl_6", 0 0, L_0x560d0e17edd0;  1 drivers
v0x560d0e164db0_0 .net *"_ivl_7", 0 0, L_0x560d0e17ee70;  1 drivers
v0x560d0e164e90_0 .net *"_ivl_8", 0 0, L_0x560d0e17f0a0;  1 drivers
v0x560d0e165000_0 .net *"_ivl_9", 0 0, L_0x560d0e17f140;  1 drivers
L_0x560d0e17ec40 .functor MUXZ 1, L_0x560d0e17ea20, L_0x560d0e17e980, L_0x560d0e17e560, C4<>;
L_0x560d0e17f140 .functor MUXZ 1, L_0x560d0e17f0a0, L_0x560d0e17ee70, L_0x560d0e17edd0, C4<>;
L_0x560d0e17f300 .functor MUXZ 1, L_0x560d0e17f140, L_0x560d0e17ec40, L_0x560d0e17e4c0, C4<>;
S_0x560d0e1650e0 .scope generate, "genblk1[7]" "genblk1[7]" 3 21, 3 21 0, S_0x560d0e111ce0;
 .timescale 0 0;
P_0x560d0e165290 .param/l "i" 1 3 21, +C4<0111>;
v0x560d0e165370_0 .net *"_ivl_0", 0 0, L_0x560d0e17f950;  1 drivers
v0x560d0e165450_0 .net *"_ivl_1", 0 0, L_0x560d0e17f9f0;  1 drivers
v0x560d0e165530_0 .net *"_ivl_11", 0 0, L_0x560d0e180610;  1 drivers
v0x560d0e1655f0_0 .net *"_ivl_2", 0 0, L_0x560d0e17fc40;  1 drivers
v0x560d0e1656d0_0 .net *"_ivl_3", 0 0, L_0x560d0e17fce0;  1 drivers
v0x560d0e165800_0 .net *"_ivl_4", 0 0, L_0x560d0e17ff40;  1 drivers
v0x560d0e1658e0_0 .net *"_ivl_6", 0 0, L_0x560d0e1800d0;  1 drivers
v0x560d0e1659c0_0 .net *"_ivl_7", 0 0, L_0x560d0e180170;  1 drivers
v0x560d0e165aa0_0 .net *"_ivl_8", 0 0, L_0x560d0e1803e0;  1 drivers
v0x560d0e165c10_0 .net *"_ivl_9", 0 0, L_0x560d0e180480;  1 drivers
L_0x560d0e17ff40 .functor MUXZ 1, L_0x560d0e17fce0, L_0x560d0e17fc40, L_0x560d0e17f9f0, C4<>;
L_0x560d0e180480 .functor MUXZ 1, L_0x560d0e1803e0, L_0x560d0e180170, L_0x560d0e1800d0, C4<>;
L_0x560d0e180610 .functor MUXZ 1, L_0x560d0e180480, L_0x560d0e17ff40, L_0x560d0e17f950, C4<>;
S_0x560d0e167380 .scope module, "cu" "controlunit" 3 342, 3 173 0, S_0x560d0e142500;
 .timescale 0 0;
    .port_info 0 /INPUT 1 "clk";
    .port_info 1 /INPUT 1 "reset";
    .port_info 2 /INPUT 8 "inst";
    .port_info 3 /INPUT 4 "psr";
    .port_info 4 /OUTPUT 1 "cAI";
    .port_info 5 /OUTPUT 1 "cAS";
    .port_info 6 /OUTPUT 1 "cPI";
    .port_info 7 /OUTPUT 1 "cPS";
    .port_info 8 /OUTPUT 1 "cMI";
    .port_info 9 /OUTPUT 1 "cRI";
    .port_info 10 /OUTPUT 1 "cES";
    .port_info 11 /OUTPUT 1 "cCn";
    .port_info 12 /OUTPUT 4 "cL";
    .port_info 13 /OUTPUT 1 "cLS";
    .port_info 14 /OUTPUT 1 "cII";
    .port_info 15 /OUTPUT 16 "decode";
    .port_info 16 /OUTPUT 3 "counter";
P_0x560d0e167530 .param/l "AI" 0 3 176, +C4<00000000000000000000000000000001>;
P_0x560d0e167570 .param/l "AS" 0 3 177, +C4<000000000000000000000000000000010>;
P_0x560d0e1675b0 .param/l "BUF_A" 0 3 191, C4<11000000000000>;
P_0x560d0e1675f0 .param/l "BUF_B" 0 3 193, C4<10100000000000>;
P_0x560d0e167630 .param/l "Cn" 0 3 183, +C4<000000000000000000000000000000010000000>;
P_0x560d0e167670 .param/l "ES" 0 3 182, +C4<00000000000000000000000000000001000000>;
P_0x560d0e1676b0 .param/l "GEN_0" 0 3 189, C4<0000000000000000000000000000000100000000>;
P_0x560d0e1676f0 .param/l "GEN_1" 0 3 190, C4<0000000000000000000000000011110100000000>;
P_0x560d0e167730 .param/l "II" 0 3 185, +C4<00000000000000000000000000000001000000000>;
P_0x560d0e167770 .param/l "LS" 0 3 184, +C4<0000000000000000000000000000000100000000>;
P_0x560d0e1677b0 .param/l "MI" 0 3 180, +C4<000000000000000000000000000000010000>;
P_0x560d0e1677f0 .param/l "NEG_A" 0 3 192, C4<00110000000000>;
P_0x560d0e167830 .param/l "NEG_B" 0 3 194, C4<01010000000000>;
P_0x560d0e167870 .param/l "PI" 0 3 178, +C4<0000000000000000000000000000000100>;
P_0x560d0e1678b0 .param/l "PS" 0 3 179, +C4<00000000000000000000000000000001000>;
P_0x560d0e1678f0 .param/l "RI" 0 3 181, +C4<0000000000000000000000000000000100000>;
P_0x560d0e167930 .param/l "add" 0 3 206, C4<001000>;
P_0x560d0e167970 .param/l "addc" 0 3 207, C4<001001>;
P_0x560d0e1679b0 .param/l "jump" 0 3 201, C4<000100>;
P_0x560d0e1679f0 .param/l "jumpc" 0 3 203, C4<000110>;
P_0x560d0e167a30 .param/l "jumpn" 0 3 204, C4<000111>;
P_0x560d0e167a70 .param/l "jumpz" 0 3 202, C4<000101>;
P_0x560d0e167ab0 .param/l "load" 0 3 196, C4<000001>;
P_0x560d0e167af0 .param/l "loadi" 0 3 197, C4<000001>;
P_0x560d0e167b30 .param/l "store" 0 3 199, C4<000010>;
P_0x560d0e167b70 .param/l "sub" 0 3 209, C4<001011>;
P_0x560d0e167bb0 .param/l "subb" 0 3 208, C4<001010>;
L_0x560d0e191f50 .functor NOT 1, L_0x560d0e191e60, C4<0>, C4<0>, C4<0>;
L_0x560d0e1920b0 .functor NOT 1, L_0x560d0e192010, C4<0>, C4<0>, C4<0>;
L_0x560d0e192170 .functor AND 1, L_0x560d0e191f50, L_0x560d0e1920b0, C4<1>, C4<1>;
L_0x560d0e192320 .functor NOT 1, L_0x560d0e192280, C4<0>, C4<0>, C4<0>;
L_0x560d0e192430 .functor AND 1, L_0x560d0e192320, L_0x560d0e192390, C4<1>, C4<1>;
L_0x560d0e1926c0 .functor NOT 1, L_0x560d0e1925e0, C4<0>, C4<0>, C4<0>;
L_0x560d0e1927c0 .functor AND 1, L_0x560d0e192540, L_0x560d0e1926c0, C4<1>, C4<1>;
L_0x560d0e192a60 .functor AND 1, L_0x560d0e1928d0, L_0x560d0e192970, C4<1>, C4<1>;
L_0x560d0e192f80 .functor AND 1, L_0x560d0e195020, L_0x560d0e1953c0, C4<1>, C4<1>;
L_0x560d0e195250 .functor OR 1, L_0x560d0e194e20, L_0x560d0e192f80, C4<0>, C4<0>;
L_0x560d0e1985f0 .functor AND 1, L_0x560d0e197e30, L_0x560d0e1982d0, C4<1>, C4<1>;
L_0x560d0e198700 .functor OR 1, L_0x560d0e197b80, L_0x560d0e1985f0, C4<0>, C4<0>;
v0x560d0e167eb0_0 .net "TYPE_ABS", 0 0, L_0x560d0e192430;  1 drivers
v0x560d0e168ae0_0 .net "TYPE_IMM", 0 0, L_0x560d0e192170;  1 drivers
v0x560d0e168ba0_0 .net "TYPE_OFF", 0 0, L_0x560d0e1927c0;  1 drivers
v0x560d0e168c70_0 .net "TYPE_REG", 0 0, L_0x560d0e192a60;  1 drivers
v0x560d0e168d30_0 .net *"_ivl_1", 0 0, L_0x560d0e191e60;  1 drivers
L_0x7f6c012cf7b0 .functor BUFT 1, C4<001010>, C4<0>, C4<0>, C4<0>;
v0x560d0e168e60_0 .net/2u *"_ivl_100", 5 0, L_0x7f6c012cf7b0;  1 drivers
v0x560d0e168f40_0 .net *"_ivl_102", 0 0, L_0x560d0e193e00;  1 drivers
L_0x7f6c012cf7f8 .functor BUFT 1, C4<00000000000000000000000000001010000000111>, C4<0>, C4<0>, C4<0>;
v0x560d0e169000_0 .net/2u *"_ivl_104", 40 0, L_0x7f6c012cf7f8;  1 drivers
L_0x7f6c012cf840 .functor BUFT 1, C4<001011>, C4<0>, C4<0>, C4<0>;
v0x560d0e1690e0_0 .net/2u *"_ivl_106", 5 0, L_0x7f6c012cf840;  1 drivers
v0x560d0e169250_0 .net *"_ivl_108", 0 0, L_0x560d0e193f50;  1 drivers
v0x560d0e169310_0 .net *"_ivl_11", 0 0, L_0x560d0e192280;  1 drivers
L_0x7f6c012cf888 .functor BUFT 1, C4<00000000000000000000000000001010010000111>, C4<0>, C4<0>, C4<0>;
v0x560d0e1693f0_0 .net/2u *"_ivl_110", 40 0, L_0x7f6c012cf888;  1 drivers
L_0x7f6c012cf8d0 .functor BUFT 1, C4<00000000000000000000000000000000000000000>, C4<0>, C4<0>, C4<0>;
v0x560d0e1694d0_0 .net/2u *"_ivl_112", 40 0, L_0x7f6c012cf8d0;  1 drivers
v0x560d0e1695b0_0 .net *"_ivl_114", 40 0, L_0x560d0e194170;  1 drivers
v0x560d0e169690_0 .net *"_ivl_116", 40 0, L_0x560d0e194330;  1 drivers
v0x560d0e169770_0 .net *"_ivl_118", 40 0, L_0x560d0e1945a0;  1 drivers
v0x560d0e169850_0 .net *"_ivl_12", 0 0, L_0x560d0e192320;  1 drivers
v0x560d0e169a40_0 .net *"_ivl_120", 40 0, L_0x560d0e194730;  1 drivers
v0x560d0e169b20_0 .net *"_ivl_122", 40 0, L_0x560d0e1949b0;  1 drivers
L_0x7f6c012cf918 .functor BUFT 1, C4<000001>, C4<0>, C4<0>, C4<0>;
v0x560d0e169c00_0 .net/2u *"_ivl_124", 5 0, L_0x7f6c012cf918;  1 drivers
v0x560d0e169ce0_0 .net *"_ivl_126", 0 0, L_0x560d0e194b40;  1 drivers
L_0x7f6c012cf960 .functor BUFT 1, C4<00000000000000000000000000010100100010000>, C4<0>, C4<0>, C4<0>;
v0x560d0e169da0_0 .net/2u *"_ivl_128", 40 0, L_0x7f6c012cf960;  1 drivers
L_0x7f6c012cf9a8 .functor BUFT 1, C4<000010>, C4<0>, C4<0>, C4<0>;
v0x560d0e169e80_0 .net/2u *"_ivl_130", 5 0, L_0x7f6c012cf9a8;  1 drivers
v0x560d0e169f60_0 .net *"_ivl_132", 0 0, L_0x560d0e194d30;  1 drivers
L_0x7f6c012cf9f0 .functor BUFT 1, C4<00000000000000000000000000010100100010000>, C4<0>, C4<0>, C4<0>;
v0x560d0e16a020_0 .net/2u *"_ivl_134", 40 0, L_0x7f6c012cf9f0;  1 drivers
L_0x7f6c012cfa38 .functor BUFT 1, C4<000100>, C4<0>, C4<0>, C4<0>;
v0x560d0e16a100_0 .net/2u *"_ivl_136", 5 0, L_0x7f6c012cfa38;  1 drivers
v0x560d0e16a1e0_0 .net *"_ivl_138", 0 0, L_0x560d0e194e20;  1 drivers
L_0x7f6c012cfa80 .functor BUFT 1, C4<000101>, C4<0>, C4<0>, C4<0>;
v0x560d0e16a2a0_0 .net/2u *"_ivl_140", 5 0, L_0x7f6c012cfa80;  1 drivers
v0x560d0e16a380_0 .net *"_ivl_142", 0 0, L_0x560d0e195020;  1 drivers
v0x560d0e16a440_0 .net *"_ivl_145", 0 0, L_0x560d0e195110;  1 drivers
v0x560d0e16a520_0 .net *"_ivl_146", 31 0, L_0x560d0e1952d0;  1 drivers
L_0x7f6c012cfac8 .functor BUFT 1, C4<0000000000000000000000000000000>, C4<0>, C4<0>, C4<0>;
v0x560d0e16a600_0 .net *"_ivl_149", 30 0, L_0x7f6c012cfac8;  1 drivers
v0x560d0e16a6e0_0 .net *"_ivl_15", 0 0, L_0x560d0e192390;  1 drivers
L_0x7f6c012cfb10 .functor BUFT 1, C4<00000000000000000000000000000001>, C4<0>, C4<0>, C4<0>;
v0x560d0e16a7c0_0 .net/2u *"_ivl_150", 31 0, L_0x7f6c012cfb10;  1 drivers
v0x560d0e16a8a0_0 .net *"_ivl_152", 0 0, L_0x560d0e1953c0;  1 drivers
v0x560d0e16a960_0 .net *"_ivl_154", 0 0, L_0x560d0e192f80;  1 drivers
v0x560d0e16aa40_0 .net *"_ivl_156", 0 0, L_0x560d0e195250;  1 drivers
L_0x7f6c012cfb58 .functor BUFT 1, C4<00000000000000000000000000000000100010001>, C4<0>, C4<0>, C4<0>;
v0x560d0e16ab20_0 .net/2u *"_ivl_158", 40 0, L_0x7f6c012cfb58;  1 drivers
L_0x7f6c012cfba0 .functor BUFT 1, C4<001000>, C4<0>, C4<0>, C4<0>;
v0x560d0e16ac00_0 .net/2u *"_ivl_160", 5 0, L_0x7f6c012cfba0;  1 drivers
v0x560d0e16ace0_0 .net *"_ivl_162", 0 0, L_0x560d0e195730;  1 drivers
L_0x7f6c012cfbe8 .functor BUFT 1, C4<00000000000000000000000000010100100010000>, C4<0>, C4<0>, C4<0>;
v0x560d0e16ada0_0 .net/2u *"_ivl_164", 40 0, L_0x7f6c012cfbe8;  1 drivers
L_0x7f6c012cfc30 .functor BUFT 1, C4<001001>, C4<0>, C4<0>, C4<0>;
v0x560d0e16ae80_0 .net/2u *"_ivl_166", 5 0, L_0x7f6c012cfc30;  1 drivers
v0x560d0e16af60_0 .net *"_ivl_168", 0 0, L_0x560d0e1957d0;  1 drivers
L_0x7f6c012cfc78 .functor BUFT 1, C4<00000000000000000000000000010100100010000>, C4<0>, C4<0>, C4<0>;
v0x560d0e16b020_0 .net/2u *"_ivl_170", 40 0, L_0x7f6c012cfc78;  1 drivers
L_0x7f6c012cfcc0 .functor BUFT 1, C4<001011>, C4<0>, C4<0>, C4<0>;
v0x560d0e16b100_0 .net/2u *"_ivl_172", 5 0, L_0x7f6c012cfcc0;  1 drivers
v0x560d0e16b1e0_0 .net *"_ivl_174", 0 0, L_0x560d0e195a00;  1 drivers
L_0x7f6c012cfd08 .functor BUFT 1, C4<00000000000000000000000000010100100010000>, C4<0>, C4<0>, C4<0>;
v0x560d0e16b2a0_0 .net/2u *"_ivl_176", 40 0, L_0x7f6c012cfd08;  1 drivers
L_0x7f6c012cfd50 .functor BUFT 1, C4<001010>, C4<0>, C4<0>, C4<0>;
v0x560d0e16b380_0 .net/2u *"_ivl_178", 5 0, L_0x7f6c012cfd50;  1 drivers
v0x560d0e16b460_0 .net *"_ivl_180", 0 0, L_0x560d0e195b50;  1 drivers
L_0x7f6c012cfd98 .functor BUFT 1, C4<00000000000000000000000000010100100010000>, C4<0>, C4<0>, C4<0>;
v0x560d0e16b520_0 .net/2u *"_ivl_182", 40 0, L_0x7f6c012cfd98;  1 drivers
L_0x7f6c012cfde0 .functor BUFT 1, C4<00000000000000000000000000000000000000000>, C4<0>, C4<0>, C4<0>;
v0x560d0e16b600_0 .net/2u *"_ivl_184", 40 0, L_0x7f6c012cfde0;  1 drivers
v0x560d0e16b6e0_0 .net *"_ivl_186", 40 0, L_0x560d0e195df0;  1 drivers
v0x560d0e16b7c0_0 .net *"_ivl_188", 40 0, L_0x560d0e195fb0;  1 drivers
v0x560d0e16b8a0_0 .net *"_ivl_19", 0 0, L_0x560d0e192540;  1 drivers
v0x560d0e16b980_0 .net *"_ivl_190", 40 0, L_0x560d0e1962a0;  1 drivers
v0x560d0e16ba60_0 .net *"_ivl_192", 40 0, L_0x560d0e196430;  1 drivers
v0x560d0e16bb40_0 .net *"_ivl_194", 40 0, L_0x560d0e196730;  1 drivers
v0x560d0e16bc20_0 .net *"_ivl_196", 40 0, L_0x560d0e1968c0;  1 drivers
v0x560d0e16bd00_0 .net *"_ivl_198", 40 0, L_0x560d0e196bd0;  1 drivers
v0x560d0e16bde0_0 .net *"_ivl_2", 0 0, L_0x560d0e191f50;  1 drivers
L_0x7f6c012cfe28 .functor BUFT 1, C4<00000000000000000000000000000000000000000>, C4<0>, C4<0>, C4<0>;
v0x560d0e16bec0_0 .net/2u *"_ivl_200", 40 0, L_0x7f6c012cfe28;  1 drivers
v0x560d0e16bfa0_0 .net *"_ivl_202", 40 0, L_0x560d0e196d60;  1 drivers
v0x560d0e16c080_0 .net *"_ivl_204", 40 0, L_0x560d0e197080;  1 drivers
v0x560d0e16c160_0 .net *"_ivl_206", 31 0, L_0x560d0e197210;  1 drivers
L_0x7f6c012cfe70 .functor BUFT 1, C4<00000000000000000000000000000>, C4<0>, C4<0>, C4<0>;
v0x560d0e16c240_0 .net *"_ivl_209", 28 0, L_0x7f6c012cfe70;  1 drivers
v0x560d0e16c730_0 .net *"_ivl_21", 0 0, L_0x560d0e1925e0;  1 drivers
L_0x7f6c012cfeb8 .functor BUFT 1, C4<00000000000000000000000000000101>, C4<0>, C4<0>, C4<0>;
v0x560d0e16c810_0 .net/2u *"_ivl_210", 31 0, L_0x7f6c012cfeb8;  1 drivers
v0x560d0e16c8f0_0 .net *"_ivl_212", 0 0, L_0x560d0e1974a0;  1 drivers
L_0x7f6c012cff00 .functor BUFT 1, C4<000001>, C4<0>, C4<0>, C4<0>;
v0x560d0e16c9b0_0 .net/2u *"_ivl_214", 5 0, L_0x7f6c012cff00;  1 drivers
v0x560d0e16ca90_0 .net *"_ivl_216", 0 0, L_0x560d0e1975e0;  1 drivers
L_0x7f6c012cff48 .functor BUFT 1, C4<00000000000000000000000000000000000000001>, C4<0>, C4<0>, C4<0>;
v0x560d0e16cb50_0 .net/2u *"_ivl_218", 40 0, L_0x7f6c012cff48;  1 drivers
v0x560d0e16cc30_0 .net *"_ivl_22", 0 0, L_0x560d0e1926c0;  1 drivers
L_0x7f6c012cff90 .functor BUFT 1, C4<000010>, C4<0>, C4<0>, C4<0>;
v0x560d0e16cd10_0 .net/2u *"_ivl_220", 5 0, L_0x7f6c012cff90;  1 drivers
v0x560d0e16cdf0_0 .net *"_ivl_222", 0 0, L_0x560d0e197880;  1 drivers
L_0x7f6c012cffd8 .functor BUFT 1, C4<00000000000000000000000000011000100100000>, C4<0>, C4<0>, C4<0>;
v0x560d0e16ceb0_0 .net/2u *"_ivl_224", 40 0, L_0x7f6c012cffd8;  1 drivers
L_0x7f6c012d0020 .functor BUFT 1, C4<000100>, C4<0>, C4<0>, C4<0>;
v0x560d0e16cf90_0 .net/2u *"_ivl_226", 5 0, L_0x7f6c012d0020;  1 drivers
v0x560d0e16d070_0 .net *"_ivl_228", 0 0, L_0x560d0e197b80;  1 drivers
L_0x7f6c012d0068 .functor BUFT 1, C4<000101>, C4<0>, C4<0>, C4<0>;
v0x560d0e16d130_0 .net/2u *"_ivl_230", 5 0, L_0x7f6c012d0068;  1 drivers
v0x560d0e16d210_0 .net *"_ivl_232", 0 0, L_0x560d0e197e30;  1 drivers
v0x560d0e16d2d0_0 .net *"_ivl_235", 0 0, L_0x560d0e197f20;  1 drivers
v0x560d0e16d3b0_0 .net *"_ivl_236", 31 0, L_0x560d0e198190;  1 drivers
L_0x7f6c012d00b0 .functor BUFT 1, C4<0000000000000000000000000000000>, C4<0>, C4<0>, C4<0>;
v0x560d0e16d490_0 .net *"_ivl_239", 30 0, L_0x7f6c012d00b0;  1 drivers
L_0x7f6c012d00f8 .functor BUFT 1, C4<00000000000000000000000000000001>, C4<0>, C4<0>, C4<0>;
v0x560d0e16d570_0 .net/2u *"_ivl_240", 31 0, L_0x7f6c012d00f8;  1 drivers
v0x560d0e16d650_0 .net *"_ivl_242", 0 0, L_0x560d0e1982d0;  1 drivers
v0x560d0e16d710_0 .net *"_ivl_244", 0 0, L_0x560d0e1985f0;  1 drivers
v0x560d0e16d7f0_0 .net *"_ivl_246", 0 0, L_0x560d0e198700;  1 drivers
L_0x7f6c012d0140 .functor BUFT 1, C4<00000000000000000000000000011000100110000>, C4<0>, C4<0>, C4<0>;
v0x560d0e16d8d0_0 .net/2u *"_ivl_248", 40 0, L_0x7f6c012d0140;  1 drivers
L_0x7f6c012d0188 .functor BUFT 1, C4<001000>, C4<0>, C4<0>, C4<0>;
v0x560d0e16d9b0_0 .net/2u *"_ivl_250", 5 0, L_0x7f6c012d0188;  1 drivers
v0x560d0e16da90_0 .net *"_ivl_252", 0 0, L_0x560d0e198880;  1 drivers
L_0x7f6c012d01d0 .functor BUFT 1, C4<00000000000000000000000000010100000000111>, C4<0>, C4<0>, C4<0>;
v0x560d0e16db50_0 .net/2u *"_ivl_254", 40 0, L_0x7f6c012d01d0;  1 drivers
L_0x7f6c012d0218 .functor BUFT 1, C4<001001>, C4<0>, C4<0>, C4<0>;
v0x560d0e16dc30_0 .net/2u *"_ivl_256", 5 0, L_0x7f6c012d0218;  1 drivers
v0x560d0e16dd10_0 .net *"_ivl_258", 0 0, L_0x560d0e198d80;  1 drivers
L_0x7f6c012d0260 .functor BUFT 1, C4<00000000000000000000000000010100010000111>, C4<0>, C4<0>, C4<0>;
v0x560d0e16ddd0_0 .net/2u *"_ivl_260", 40 0, L_0x7f6c012d0260;  1 drivers
L_0x7f6c012d02a8 .functor BUFT 1, C4<001010>, C4<0>, C4<0>, C4<0>;
v0x560d0e16deb0_0 .net/2u *"_ivl_262", 5 0, L_0x7f6c012d02a8;  1 drivers
v0x560d0e16df90_0 .net *"_ivl_264", 0 0, L_0x560d0e199060;  1 drivers
L_0x7f6c012d02f0 .functor BUFT 1, C4<00000000000000000000000000001010000000111>, C4<0>, C4<0>, C4<0>;
v0x560d0e16e050_0 .net/2u *"_ivl_266", 40 0, L_0x7f6c012d02f0;  1 drivers
L_0x7f6c012d0338 .functor BUFT 1, C4<001011>, C4<0>, C4<0>, C4<0>;
v0x560d0e16e130_0 .net/2u *"_ivl_268", 5 0, L_0x7f6c012d0338;  1 drivers
v0x560d0e16e210_0 .net *"_ivl_27", 0 0, L_0x560d0e1928d0;  1 drivers
v0x560d0e16e2f0_0 .net *"_ivl_270", 0 0, L_0x560d0e199150;  1 drivers
L_0x7f6c012d0380 .functor BUFT 1, C4<00000000000000000000000000001010010000111>, C4<0>, C4<0>, C4<0>;
v0x560d0e16e3b0_0 .net/2u *"_ivl_272", 40 0, L_0x7f6c012d0380;  1 drivers
L_0x7f6c012d03c8 .functor BUFT 1, C4<00000000000000000000000000000000000000000>, C4<0>, C4<0>, C4<0>;
v0x560d0e16e490_0 .net/2u *"_ivl_274", 40 0, L_0x7f6c012d03c8;  1 drivers
v0x560d0e16e570_0 .net *"_ivl_276", 40 0, L_0x560d0e199440;  1 drivers
v0x560d0e16e650_0 .net *"_ivl_278", 40 0, L_0x560d0e1995d0;  1 drivers
v0x560d0e16e730_0 .net *"_ivl_280", 40 0, L_0x560d0e199970;  1 drivers
v0x560d0e16e810_0 .net *"_ivl_282", 40 0, L_0x560d0e199b00;  1 drivers
v0x560d0e16e8f0_0 .net *"_ivl_284", 40 0, L_0x560d0e199eb0;  1 drivers
v0x560d0e16e9d0_0 .net *"_ivl_286", 40 0, L_0x560d0e19a040;  1 drivers
v0x560d0e16eab0_0 .net *"_ivl_288", 40 0, L_0x560d0e19a400;  1 drivers
v0x560d0e16eb90_0 .net *"_ivl_29", 0 0, L_0x560d0e192970;  1 drivers
L_0x7f6c012d0410 .functor BUFT 1, C4<00000000000000000000000000000000000000000>, C4<0>, C4<0>, C4<0>;
v0x560d0e16ec70_0 .net/2u *"_ivl_290", 40 0, L_0x7f6c012d0410;  1 drivers
v0x560d0e16ed50_0 .net *"_ivl_292", 40 0, L_0x560d0e19a590;  1 drivers
L_0x7f6c012d0458 .functor BUFT 1, C4<00000000000000000000000000000000000000000>, C4<0>, C4<0>, C4<0>;
v0x560d0e16ee30_0 .net/2u *"_ivl_294", 40 0, L_0x7f6c012d0458;  1 drivers
v0x560d0e16ef10_0 .net *"_ivl_296", 40 0, L_0x560d0e19a910;  1 drivers
v0x560d0e16eff0_0 .net *"_ivl_298", 40 0, L_0x560d0e19aaa0;  1 drivers
v0x560d0e16f0d0_0 .net *"_ivl_300", 40 0, L_0x560d0e19ae80;  1 drivers
v0x560d0e16f1b0_0 .net *"_ivl_302", 40 0, L_0x560d0e19b010;  1 drivers
v0x560d0e16f290_0 .net *"_ivl_304", 40 0, L_0x560d0e19b400;  1 drivers
v0x560d0e16f370_0 .net *"_ivl_306", 40 0, L_0x560d0e19b590;  1 drivers
v0x560d0e16f450_0 .net *"_ivl_331", 4 0, L_0x560d0e19ce30;  1 drivers
v0x560d0e16f530_0 .net *"_ivl_338", 31 0, L_0x560d0e19d240;  1 drivers
v0x560d0e16f610_0 .net *"_ivl_34", 31 0, L_0x560d0e192c60;  1 drivers
L_0x7f6c012d04a0 .functor BUFT 1, C4<0000000000000000>, C4<0>, C4<0>, C4<0>;
v0x560d0e16f6f0_0 .net *"_ivl_341", 15 0, L_0x7f6c012d04a0;  1 drivers
L_0x7f6c012d04e8 .functor BUFT 1, C4<00000000000000000000000000000000>, C4<0>, C4<0>, C4<0>;
v0x560d0e16f7d0_0 .net/2u *"_ivl_342", 31 0, L_0x7f6c012d04e8;  1 drivers
v0x560d0e16f8b0_0 .net *"_ivl_344", 0 0, L_0x560d0e19d5c0;  1 drivers
L_0x7f6c012cf210 .functor BUFT 1, C4<00000000000000000000000000000>, C4<0>, C4<0>, C4<0>;
v0x560d0e16f970_0 .net *"_ivl_37", 28 0, L_0x7f6c012cf210;  1 drivers
L_0x7f6c012cf258 .functor BUFT 1, C4<00000000000000000000000000000000>, C4<0>, C4<0>, C4<0>;
v0x560d0e16fa50_0 .net/2u *"_ivl_38", 31 0, L_0x7f6c012cf258;  1 drivers
v0x560d0e16fb30_0 .net *"_ivl_40", 0 0, L_0x560d0e192db0;  1 drivers
L_0x7f6c012cf2a0 .functor BUFT 1, C4<00000000000000000000000000000000100010000>, C4<0>, C4<0>, C4<0>;
v0x560d0e16fbf0_0 .net/2u *"_ivl_42", 40 0, L_0x7f6c012cf2a0;  1 drivers
v0x560d0e16fcd0_0 .net *"_ivl_44", 31 0, L_0x560d0e192ee0;  1 drivers
L_0x7f6c012cf2e8 .functor BUFT 1, C4<00000000000000000000000000000>, C4<0>, C4<0>, C4<0>;
v0x560d0e1705c0_0 .net *"_ivl_47", 28 0, L_0x7f6c012cf2e8;  1 drivers
L_0x7f6c012cf330 .functor BUFT 1, C4<00000000000000000000000000000001>, C4<0>, C4<0>, C4<0>;
v0x560d0e1706a0_0 .net/2u *"_ivl_48", 31 0, L_0x7f6c012cf330;  1 drivers
v0x560d0e170780_0 .net *"_ivl_5", 0 0, L_0x560d0e192010;  1 drivers
v0x560d0e170860_0 .net *"_ivl_50", 0 0, L_0x560d0e193040;  1 drivers
L_0x7f6c012cf378 .functor BUFT 1, C4<00000000000000000000000000010100110110000>, C4<0>, C4<0>, C4<0>;
v0x560d0e170920_0 .net/2u *"_ivl_52", 40 0, L_0x7f6c012cf378;  1 drivers
v0x560d0e170a00_0 .net *"_ivl_54", 31 0, L_0x560d0e193180;  1 drivers
L_0x7f6c012cf3c0 .functor BUFT 1, C4<00000000000000000000000000000>, C4<0>, C4<0>, C4<0>;
v0x560d0e170ae0_0 .net *"_ivl_57", 28 0, L_0x7f6c012cf3c0;  1 drivers
L_0x7f6c012cf408 .functor BUFT 1, C4<00000000000000000000000000000010>, C4<0>, C4<0>, C4<0>;
v0x560d0e170bc0_0 .net/2u *"_ivl_58", 31 0, L_0x7f6c012cf408;  1 drivers
v0x560d0e170ca0_0 .net *"_ivl_6", 0 0, L_0x560d0e1920b0;  1 drivers
v0x560d0e170d80_0 .net *"_ivl_60", 0 0, L_0x560d0e1932a0;  1 drivers
L_0x7f6c012cf450 .functor BUFT 1, C4<00000000000000000000000000000001100010000>, C4<0>, C4<0>, C4<0>;
v0x560d0e170e40_0 .net/2u *"_ivl_62", 40 0, L_0x7f6c012cf450;  1 drivers
v0x560d0e170f20_0 .net *"_ivl_64", 31 0, L_0x560d0e1933e0;  1 drivers
L_0x7f6c012cf498 .functor BUFT 1, C4<00000000000000000000000000000>, C4<0>, C4<0>, C4<0>;
v0x560d0e171000_0 .net *"_ivl_67", 28 0, L_0x7f6c012cf498;  1 drivers
L_0x7f6c012cf4e0 .functor BUFT 1, C4<00000000000000000000000000000011>, C4<0>, C4<0>, C4<0>;
v0x560d0e1710e0_0 .net/2u *"_ivl_68", 31 0, L_0x7f6c012cf4e0;  1 drivers
v0x560d0e1711c0_0 .net *"_ivl_70", 0 0, L_0x560d0e193560;  1 drivers
L_0x7f6c012cf528 .functor BUFT 1, C4<00000000000000000000000000010100110110000>, C4<0>, C4<0>, C4<0>;
v0x560d0e171280_0 .net/2u *"_ivl_72", 40 0, L_0x7f6c012cf528;  1 drivers
v0x560d0e171360_0 .net *"_ivl_74", 31 0, L_0x560d0e1936a0;  1 drivers
L_0x7f6c012cf570 .functor BUFT 1, C4<00000000000000000000000000000>, C4<0>, C4<0>, C4<0>;
v0x560d0e171440_0 .net *"_ivl_77", 28 0, L_0x7f6c012cf570;  1 drivers
L_0x7f6c012cf5b8 .functor BUFT 1, C4<00000000000000000000000000000100>, C4<0>, C4<0>, C4<0>;
v0x560d0e171520_0 .net/2u *"_ivl_78", 31 0, L_0x7f6c012cf5b8;  1 drivers
v0x560d0e171600_0 .net *"_ivl_80", 0 0, L_0x560d0e193830;  1 drivers
L_0x7f6c012cf600 .functor BUFT 1, C4<000001>, C4<0>, C4<0>, C4<0>;
v0x560d0e1716c0_0 .net/2u *"_ivl_82", 5 0, L_0x7f6c012cf600;  1 drivers
v0x560d0e1717a0_0 .net *"_ivl_84", 0 0, L_0x560d0e1939a0;  1 drivers
L_0x7f6c012cf648 .functor BUFT 1, C4<00000000000000000000000000000000000000001>, C4<0>, C4<0>, C4<0>;
v0x560d0e171860_0 .net/2u *"_ivl_86", 40 0, L_0x7f6c012cf648;  1 drivers
L_0x7f6c012cf690 .functor BUFT 1, C4<001000>, C4<0>, C4<0>, C4<0>;
v0x560d0e171940_0 .net/2u *"_ivl_88", 5 0, L_0x7f6c012cf690;  1 drivers
v0x560d0e171a20_0 .net *"_ivl_90", 0 0, L_0x560d0e193740;  1 drivers
L_0x7f6c012cf6d8 .functor BUFT 1, C4<00000000000000000000000000010100000000111>, C4<0>, C4<0>, C4<0>;
v0x560d0e171ae0_0 .net/2u *"_ivl_92", 40 0, L_0x7f6c012cf6d8;  1 drivers
L_0x7f6c012cf720 .functor BUFT 1, C4<001001>, C4<0>, C4<0>, C4<0>;
v0x560d0e171bc0_0 .net/2u *"_ivl_94", 5 0, L_0x7f6c012cf720;  1 drivers
v0x560d0e171ca0_0 .net *"_ivl_96", 0 0, L_0x560d0e193c40;  1 drivers
L_0x7f6c012cf768 .functor BUFT 1, C4<00000000000000000000000000010100010000111>, C4<0>, C4<0>, C4<0>;
v0x560d0e171d60_0 .net/2u *"_ivl_98", 40 0, L_0x7f6c012cf768;  1 drivers
v0x560d0e171e40_0 .net "cAI", 0 0, L_0x560d0e19bad0;  alias, 1 drivers
v0x560d0e171f00_0 .net "cAS", 0 0, L_0x560d0e19bdf0;  alias, 1 drivers
v0x560d0e171fc0_0 .net "cCn", 0 0, L_0x560d0e19c990;  alias, 1 drivers
v0x560d0e172060_0 .net "cES", 0 0, L_0x560d0e19c640;  alias, 1 drivers
v0x560d0e172100_0 .net "cII", 0 0, L_0x560d0e19cd90;  alias, 1 drivers
v0x560d0e1721c0_0 .net "cL", 3 0, L_0x560d0e19d1a0;  alias, 1 drivers
v0x560d0e1722b0_0 .net "cLS", 0 0, L_0x560d0e19ca30;  alias, 1 drivers
v0x560d0e172380_0 .net "cMI", 0 0, L_0x560d0e19c260;  alias, 1 drivers
v0x560d0e172420_0 .net "cPI", 0 0, L_0x560d0e19be90;  alias, 1 drivers
v0x560d0e1724f0_0 .net "cPS", 0 0, L_0x560d0e19c1c0;  alias, 1 drivers
v0x560d0e1725c0_0 .net "cRI", 0 0, L_0x560d0e19c5a0;  alias, 1 drivers
v0x560d0e172660_0 .net "clk", 0 0, v0x560d0e179af0_0;  alias, 1 drivers
v0x560d0e172730_0 .var "counter", 2 0;
v0x560d0e1727d0_0 .net "decode", 15 0, L_0x560d0e19b990;  alias, 1 drivers
v0x560d0e172890_0 .net "inst", 7 0, v0x560d0e179570_0;  1 drivers
v0x560d0e172970_0 .net "opcode", 5 0, L_0x560d0e192bc0;  1 drivers
v0x560d0e172a50_0 .net "psr", 3 0, v0x560d0e166f40_0;  alias, 1 drivers
v0x560d0e172b40_0 .net "reset", 0 0, v0x560d0e179c50_0;  alias, 1 drivers
E_0x560d0e0a5380 .event anyedge, L_0x560d0e19d5c0;
E_0x560d0e1469d0/0 .event negedge, v0x560d0e166cc0_0;
E_0x560d0e1469d0/1 .event posedge, v0x560d0e167020_0;
E_0x560d0e1469d0 .event/or E_0x560d0e1469d0/0, E_0x560d0e1469d0/1;
L_0x560d0e191e60 .part v0x560d0e179570_0, 7, 1;
L_0x560d0e192010 .part v0x560d0e179570_0, 6, 1;
L_0x560d0e192280 .part v0x560d0e179570_0, 7, 1;
L_0x560d0e192390 .part v0x560d0e179570_0, 6, 1;
L_0x560d0e192540 .part v0x560d0e179570_0, 7, 1;
L_0x560d0e1925e0 .part v0x560d0e179570_0, 6, 1;
L_0x560d0e1928d0 .part v0x560d0e179570_0, 7, 1;
L_0x560d0e192970 .part v0x560d0e179570_0, 6, 1;
L_0x560d0e192bc0 .part v0x560d0e179570_0, 0, 6;
L_0x560d0e192c60 .concat [ 3 29 0 0], v0x560d0e172730_0, L_0x7f6c012cf210;
L_0x560d0e192db0 .cmp/eq 32, L_0x560d0e192c60, L_0x7f6c012cf258;
L_0x560d0e192ee0 .concat [ 3 29 0 0], v0x560d0e172730_0, L_0x7f6c012cf2e8;
L_0x560d0e193040 .cmp/eq 32, L_0x560d0e192ee0, L_0x7f6c012cf330;
L_0x560d0e193180 .concat [ 3 29 0 0], v0x560d0e172730_0, L_0x7f6c012cf3c0;
L_0x560d0e1932a0 .cmp/eq 32, L_0x560d0e193180, L_0x7f6c012cf408;
L_0x560d0e1933e0 .concat [ 3 29 0 0], v0x560d0e172730_0, L_0x7f6c012cf498;
L_0x560d0e193560 .cmp/eq 32, L_0x560d0e1933e0, L_0x7f6c012cf4e0;
L_0x560d0e1936a0 .concat [ 3 29 0 0], v0x560d0e172730_0, L_0x7f6c012cf570;
L_0x560d0e193830 .cmp/eq 32, L_0x560d0e1936a0, L_0x7f6c012cf5b8;
L_0x560d0e1939a0 .cmp/eq 6, L_0x560d0e192bc0, L_0x7f6c012cf600;
L_0x560d0e193740 .cmp/eq 6, L_0x560d0e192bc0, L_0x7f6c012cf690;
L_0x560d0e193c40 .cmp/eq 6, L_0x560d0e192bc0, L_0x7f6c012cf720;
L_0x560d0e193e00 .cmp/eq 6, L_0x560d0e192bc0, L_0x7f6c012cf7b0;
L_0x560d0e193f50 .cmp/eq 6, L_0x560d0e192bc0, L_0x7f6c012cf840;
L_0x560d0e194170 .functor MUXZ 41, L_0x7f6c012cf8d0, L_0x7f6c012cf888, L_0x560d0e193f50, C4<>;
L_0x560d0e194330 .functor MUXZ 41, L_0x560d0e194170, L_0x7f6c012cf7f8, L_0x560d0e193e00, C4<>;
L_0x560d0e1945a0 .functor MUXZ 41, L_0x560d0e194330, L_0x7f6c012cf768, L_0x560d0e193c40, C4<>;
L_0x560d0e194730 .functor MUXZ 41, L_0x560d0e1945a0, L_0x7f6c012cf6d8, L_0x560d0e193740, C4<>;
L_0x560d0e1949b0 .functor MUXZ 41, L_0x560d0e194730, L_0x7f6c012cf648, L_0x560d0e1939a0, C4<>;
L_0x560d0e194b40 .cmp/eq 6, L_0x560d0e192bc0, L_0x7f6c012cf918;
L_0x560d0e194d30 .cmp/eq 6, L_0x560d0e192bc0, L_0x7f6c012cf9a8;
L_0x560d0e194e20 .cmp/eq 6, L_0x560d0e192bc0, L_0x7f6c012cfa38;
L_0x560d0e195020 .cmp/eq 6, L_0x560d0e192bc0, L_0x7f6c012cfa80;
L_0x560d0e195110 .part v0x560d0e166f40_0, 2, 1;
L_0x560d0e1952d0 .concat [ 1 31 0 0], L_0x560d0e195110, L_0x7f6c012cfac8;
L_0x560d0e1953c0 .cmp/eq 32, L_0x560d0e1952d0, L_0x7f6c012cfb10;
L_0x560d0e195730 .cmp/eq 6, L_0x560d0e192bc0, L_0x7f6c012cfba0;
L_0x560d0e1957d0 .cmp/eq 6, L_0x560d0e192bc0, L_0x7f6c012cfc30;
L_0x560d0e195a00 .cmp/eq 6, L_0x560d0e192bc0, L_0x7f6c012cfcc0;
L_0x560d0e195b50 .cmp/eq 6, L_0x560d0e192bc0, L_0x7f6c012cfd50;
L_0x560d0e195df0 .functor MUXZ 41, L_0x7f6c012cfde0, L_0x7f6c012cfd98, L_0x560d0e195b50, C4<>;
L_0x560d0e195fb0 .functor MUXZ 41, L_0x560d0e195df0, L_0x7f6c012cfd08, L_0x560d0e195a00, C4<>;
L_0x560d0e1962a0 .functor MUXZ 41, L_0x560d0e195fb0, L_0x7f6c012cfc78, L_0x560d0e1957d0, C4<>;
L_0x560d0e196430 .functor MUXZ 41, L_0x560d0e1962a0, L_0x7f6c012cfbe8, L_0x560d0e195730, C4<>;
L_0x560d0e196730 .functor MUXZ 41, L_0x560d0e196430, L_0x7f6c012cfb58, L_0x560d0e195250, C4<>;
L_0x560d0e1968c0 .functor MUXZ 41, L_0x560d0e196730, L_0x7f6c012cf9f0, L_0x560d0e194d30, C4<>;
L_0x560d0e196bd0 .functor MUXZ 41, L_0x560d0e1968c0, L_0x7f6c012cf960, L_0x560d0e194b40, C4<>;
L_0x560d0e196d60 .functor MUXZ 41, L_0x7f6c012cfe28, L_0x560d0e196bd0, L_0x560d0e192430, C4<>;
L_0x560d0e197080 .functor MUXZ 41, L_0x560d0e196d60, L_0x560d0e1949b0, L_0x560d0e192170, C4<>;
L_0x560d0e197210 .concat [ 3 29 0 0], v0x560d0e172730_0, L_0x7f6c012cfe70;
L_0x560d0e1974a0 .cmp/eq 32, L_0x560d0e197210, L_0x7f6c012cfeb8;
L_0x560d0e1975e0 .cmp/eq 6, L_0x560d0e192bc0, L_0x7f6c012cff00;
L_0x560d0e197880 .cmp/eq 6, L_0x560d0e192bc0, L_0x7f6c012cff90;
L_0x560d0e197b80 .cmp/eq 6, L_0x560d0e192bc0, L_0x7f6c012d0020;
L_0x560d0e197e30 .cmp/eq 6, L_0x560d0e192bc0, L_0x7f6c012d0068;
L_0x560d0e197f20 .part v0x560d0e166f40_0, 2, 1;
L_0x560d0e198190 .concat [ 1 31 0 0], L_0x560d0e197f20, L_0x7f6c012d00b0;
L_0x560d0e1982d0 .cmp/eq 32, L_0x560d0e198190, L_0x7f6c012d00f8;
L_0x560d0e198880 .cmp/eq 6, L_0x560d0e192bc0, L_0x7f6c012d0188;
L_0x560d0e198d80 .cmp/eq 6, L_0x560d0e192bc0, L_0x7f6c012d0218;
L_0x560d0e199060 .cmp/eq 6, L_0x560d0e192bc0, L_0x7f6c012d02a8;
L_0x560d0e199150 .cmp/eq 6, L_0x560d0e192bc0, L_0x7f6c012d0338;
L_0x560d0e199440 .functor MUXZ 41, L_0x7f6c012d03c8, L_0x7f6c012d0380, L_0x560d0e199150, C4<>;
L_0x560d0e1995d0 .functor MUXZ 41, L_0x560d0e199440, L_0x7f6c012d02f0, L_0x560d0e199060, C4<>;
L_0x560d0e199970 .functor MUXZ 41, L_0x560d0e1995d0, L_0x7f6c012d0260, L_0x560d0e198d80, C4<>;
L_0x560d0e199b00 .functor MUXZ 41, L_0x560d0e199970, L_0x7f6c012d01d0, L_0x560d0e198880, C4<>;
L_0x560d0e199eb0 .functor MUXZ 41, L_0x560d0e199b00, L_0x7f6c012d0140, L_0x560d0e198700, C4<>;
L_0x560d0e19a040 .functor MUXZ 41, L_0x560d0e199eb0, L_0x7f6c012cffd8, L_0x560d0e197880, C4<>;
L_0x560d0e19a400 .functor MUXZ 41, L_0x560d0e19a040, L_0x7f6c012cff48, L_0x560d0e1975e0, C4<>;
L_0x560d0e19a590 .functor MUXZ 41, L_0x7f6c012d0410, L_0x560d0e19a400, L_0x560d0e192430, C4<>;
L_0x560d0e19a910 .functor MUXZ 41, L_0x7f6c012d0458, L_0x560d0e19a590, L_0x560d0e1974a0, C4<>;
L_0x560d0e19aaa0 .functor MUXZ 41, L_0x560d0e19a910, L_0x560d0e197080, L_0x560d0e193830, C4<>;
L_0x560d0e19ae80 .functor MUXZ 41, L_0x560d0e19aaa0, L_0x7f6c012cf528, L_0x560d0e193560, C4<>;
L_0x560d0e19b010 .functor MUXZ 41, L_0x560d0e19ae80, L_0x7f6c012cf450, L_0x560d0e1932a0, C4<>;
L_0x560d0e19b400 .functor MUXZ 41, L_0x560d0e19b010, L_0x7f6c012cf378, L_0x560d0e193040, C4<>;
L_0x560d0e19b590 .functor MUXZ 41, L_0x560d0e19b400, L_0x7f6c012cf2a0, L_0x560d0e192db0, C4<>;
L_0x560d0e19b990 .part L_0x560d0e19b590, 0, 16;
L_0x560d0e19bad0 .part L_0x560d0e19b990, 0, 1;
L_0x560d0e19bdf0 .part L_0x560d0e19b990, 1, 1;
L_0x560d0e19be90 .part L_0x560d0e19b990, 2, 1;
L_0x560d0e19c1c0 .part L_0x560d0e19b990, 3, 1;
L_0x560d0e19c260 .part L_0x560d0e19b990, 4, 1;
L_0x560d0e19c5a0 .part L_0x560d0e19b990, 5, 1;
L_0x560d0e19c640 .part L_0x560d0e19b990, 6, 1;
L_0x560d0e19c990 .part L_0x560d0e19b990, 7, 1;
L_0x560d0e19ca30 .part L_0x560d0e19b990, 8, 1;
L_0x560d0e19cd90 .part L_0x560d0e19b990, 9, 1;
L_0x560d0e19ce30 .part L_0x560d0e19b990, 10, 5;
L_0x560d0e19d1a0 .part L_0x560d0e19ce30, 0, 4;
L_0x560d0e19d240 .concat [ 16 16 0 0], L_0x560d0e19b990, L_0x7f6c012d04a0;
L_0x560d0e19d5c0 .cmp/eq 32, L_0x560d0e19d240, L_0x7f6c012d04e8;
S_0x560d0e172df0 .scope module, "ram" "memory" 3 338, 3 71 0, S_0x560d0e142500;
 .timescale 0 0;
    .port_info 0 /INPUT 1 "clk";
    .port_info 1 /INPUT 1 "reset";
    .port_info 2 /INPUT 1 "MI";
    .port_info 3 /INPUT 1 "RI";
    .port_info 4 /INPUT 8 "write";
    .port_info 5 /OUTPUT 8 "read";
    .port_info 6 /OUTPUT 8 "mar";
P_0x560d0e172fb0 .param/l "WIDTH" 0 3 71, +C4<00000000000000000000000000001000>;
P_0x560d0e172ff0 .param/l "abs" 1 3 87, +C4<00000000000000000000000000000001000000>;
P_0x560d0e173030 .param/l "adc" 1 3 101, C4<01001>;
P_0x560d0e173070 .param/l "adca" 1 3 106, C4<00000000000000000000000000000001001001>;
P_0x560d0e1730b0 .param/l "add" 1 3 100, C4<01000>;
P_0x560d0e1730f0 .param/l "adda" 1 3 105, C4<00000000000000000000000000000001001000>;
P_0x560d0e173130 .param/l "count" 1 3 113, +C4<00000000000000000000000000001101>;
P_0x560d0e173170 .param/l "first" 1 3 111, +C4<00000000000000000000000000001011>;
P_0x560d0e1731b0 .param/l "imm" 1 3 86, +C4<00000000000000000000000000000000000000>;
P_0x560d0e1731f0 .param/l "jump" 1 3 95, C4<00000000000000000000000000000001000100>;
P_0x560d0e173230 .param/l "jumpc" 1 3 97, C4<00000000000000000000000000000001000110>;
P_0x560d0e173270 .param/l "jumpn" 1 3 98, C4<00000000000000000000000000000001000111>;
P_0x560d0e1732b0 .param/l "jumpz" 1 3 96, C4<00000000000000000000000000000001000101>;
P_0x560d0e1732f0 .param/l "loada" 1 3 91, C4<00000000000000000000000000000001000001>;
P_0x560d0e173330 .param/l "loadi" 1 3 90, C4<00001>;
P_0x560d0e173370 .param/l "off" 1 3 88, +C4<00000000000000000000000000000010000000>;
P_0x560d0e1733b0 .param/l "sbb" 1 3 102, C4<01010>;
P_0x560d0e1733f0 .param/l "sbba" 1 3 107, C4<00000000000000000000000000000001001010>;
P_0x560d0e173430 .param/l "second" 1 3 112, +C4<00000000000000000000000000001100>;
P_0x560d0e173470 .param/l "store" 1 3 93, C4<00000000000000000000000000000001000010>;
P_0x560d0e1734b0 .param/l "sub" 1 3 103, C4<01011>;
P_0x560d0e1734f0 .param/l "suba" 1 3 108, C4<00000000000000000000000000000001001011>;
P_0x560d0e173530 .param/l "tmp" 1 3 110, +C4<00000000000000000000000000001010>;
L_0x560d0e144980 .functor BUFZ 8, v0x560d0e174a00_0, C4<00000000>, C4<00000000>, C4<00000000>;
L_0x560d0e10e380 .functor BUFZ 8, L_0x560d0e191b70, C4<00000000>, C4<00000000>, C4<00000000>;
v0x560d0e174bc0_11 .array/port v0x560d0e174bc0, 11;
L_0x560d0e191df0 .functor BUFZ 8, v0x560d0e174bc0_11, C4<00000000>, C4<00000000>, C4<00000000>;
v0x560d0e173650_0 .net "MI", 0 0, L_0x560d0e19c260;  alias, 1 drivers
v0x560d0e174200_0 .net "RI", 0 0, L_0x560d0e19c5a0;  alias, 1 drivers
v0x560d0e1742d0_0 .net *"_ivl_2", 7 0, L_0x560d0e191b70;  1 drivers
v0x560d0e1743a0_0 .net *"_ivl_4", 9 0, L_0x560d0e191c10;  1 drivers
L_0x7f6c012cf1c8 .functor BUFT 1, C4<00>, C4<0>, C4<0>, C4<0>;
v0x560d0e174460_0 .net *"_ivl_7", 1 0, L_0x7f6c012cf1c8;  1 drivers
v0x560d0e174590_0 .net "clk", 0 0, v0x560d0e179af0_0;  alias, 1 drivers
v0x560d0e174680_0 .net "display", 7 0, L_0x560d0e191df0;  1 drivers
v0x560d0e174760_0 .var/i "finish", 31 0;
v0x560d0e174840_0 .var/i "i", 31 0;
v0x560d0e174920_0 .net "mar", 7 0, L_0x560d0e144980;  alias, 1 drivers
v0x560d0e174a00_0 .var "mem_addr_reg", 7 0;
v0x560d0e174ae0_0 .var/i "org", 31 0;
v0x560d0e174bc0 .array "ram", 0 255, 7 0;
v0x560d0e177490_0 .net "read", 7 0, L_0x560d0e10e380;  alias, 1 drivers
v0x560d0e177550_0 .net "reset", 0 0, v0x560d0e179c50_0;  alias, 1 drivers
v0x560d0e1775f0_0 .var/i "start", 31 0;
v0x560d0e1776b0_0 .net "write", 7 0, L_0x560d0e1919e0;  alias, 1 drivers
E_0x560d0e174150 .event posedge, v0x560d0e167020_0, v0x560d0e166cc0_0;
L_0x560d0e191b70 .array/port v0x560d0e174bc0, L_0x560d0e191c10;
L_0x560d0e191c10 .concat [ 8 2 0 0], v0x560d0e174a00_0, L_0x7f6c012cf1c8;
S_0x560d0e1778b0 .scope module, "rega_mux" "sync_mux_2x1" 3 335, 3 51 0, S_0x560d0e142500;
 .timescale 0 0;
    .port_info 0 /INPUT 1 "clk";
    .port_info 1 /INPUT 1 "reset";
    .port_info 2 /INPUT 1 "sel";
    .port_info 3 /INPUT 1 "enable";
    .port_info 4 /INPUT 8 "in0";
    .port_info 5 /INPUT 8 "in1";
    .port_info 6 /OUTPUT 8 "out";
P_0x560d0e177a90 .param/l "WIDTH" 0 3 51, +C4<00000000000000000000000000001000>;
v0x560d0e177be0_0 .net "clk", 0 0, v0x560d0e179af0_0;  alias, 1 drivers
v0x560d0e177ca0_0 .net "enable", 0 0, L_0x560d0e19bad0;  alias, 1 drivers
v0x560d0e177d60_0 .net "in0", 7 0, L_0x560d0e10e380;  alias, 1 drivers
v0x560d0e177e80_0 .net "in1", 7 0, L_0x560d0e1919e0;  alias, 1 drivers
v0x560d0e177f20_0 .var "out", 7 0;
v0x560d0e178010_0 .net "reset", 0 0, v0x560d0e179c50_0;  alias, 1 drivers
v0x560d0e1780b0_0 .net "sel", 0 0, L_0x560d0e19bdf0;  alias, 1 drivers
    .scope S_0x560d0e111ce0;
T_0 ;
    %wait E_0x560d0e0befa0;
    %load/vec4 v0x560d0e167020_0;
    %pad/u 32;
    %cmpi/e 1, 0, 32;
    %jmp/0xz  T_0.0, 4;
    %pushi/vec4 0, 0, 4;
    %assign/vec4 v0x560d0e166f40_0, 0;
    %jmp T_0.1;
T_0.0 ;
    %load/vec4 v0x560d0e1661f0_0;
    %pad/u 32;
    %cmpi/e 1, 0, 32;
    %jmp/0xz  T_0.2, 4;
    %load/vec4 v0x560d0e1670e0_0;
    %parti/s 1, 8, 5;
    %ix/load 4, 0, 0;
    %ix/load 5, 0, 0;
    %flag_set/imm 4, 0;
    %assign/vec4/off/d v0x560d0e166f40_0, 4, 5;
    %load/vec4 v0x560d0e165f70_0;
    %parti/s 1, 7, 4;
    %ix/load 4, 1, 0;
    %ix/load 5, 0, 0;
    %flag_set/imm 4, 0;
    %assign/vec4/off/d v0x560d0e166f40_0, 4, 5;
    %load/vec4 v0x560d0e165f70_0;
    %pad/u 32;
    %cmpi/e 0, 0, 32;
    %flag_mov 8, 4;
    %jmp/0 T_0.4, 8;
    %pushi/vec4 1, 0, 2;
    %jmp/1 T_0.5, 8;
T_0.4 ; End of true expr.
    %pushi/vec4 0, 0, 2;
    %jmp/0 T_0.5, 8;
 ; End of false expr.
    %blend;
T_0.5;
    %pad/s 1;
    %ix/load 4, 2, 0;
    %ix/load 5, 0, 0;
    %flag_set/imm 4, 0;
    %assign/vec4/off/d v0x560d0e166f40_0, 4, 5;
    %pushi/vec4 0, 0, 1;
    %ix/load 4, 3, 0;
    %ix/load 5, 0, 0;
    %flag_set/imm 4, 0;
    %assign/vec4/off/d v0x560d0e166f40_0, 4, 5;
T_0.2 ;
T_0.1 ;
    %jmp T_0;
    .thread T_0;
    .scope S_0x560d0e1778b0;
T_1 ;
    %wait E_0x560d0e174150;
    %load/vec4 v0x560d0e178010_0;
    %pad/u 32;
    %cmpi/e 1, 0, 32;
    %jmp/0xz  T_1.0, 4;
    %pushi/vec4 0, 0, 8;
    %store/vec4 v0x560d0e177f20_0, 0, 8;
    %jmp T_1.1;
T_1.0 ;
    %load/vec4 v0x560d0e177ca0_0;
    %flag_set/vec4 8;
    %jmp/0xz  T_1.2, 8;
    %load/vec4 v0x560d0e1780b0_0;
    %pad/u 32;
    %cmpi/e 1, 0, 32;
    %jmp/0xz  T_1.4, 4;
    %load/vec4 v0x560d0e177e80_0;
    %store/vec4 v0x560d0e177f20_0, 0, 8;
    %jmp T_1.5;
T_1.4 ;
    %load/vec4 v0x560d0e177d60_0;
    %store/vec4 v0x560d0e177f20_0, 0, 8;
T_1.5 ;
T_1.2 ;
T_1.1 ;
    %jmp T_1;
    .thread T_1;
    .scope S_0x560d0e172df0;
T_2 ;
    %wait E_0x560d0e174150;
    %load/vec4 v0x560d0e177550_0;
    %pad/u 32;
    %cmpi/e 1, 0, 32;
    %jmp/0xz  T_2.0, 4;
    %pushi/vec4 100, 0, 32;
    %store/vec4 v0x560d0e1775f0_0, 0, 32;
    %pushi/vec4 200, 0, 32;
    %store/vec4 v0x560d0e174760_0, 0, 32;
    %pushi/vec4 0, 0, 8;
    %assign/vec4 v0x560d0e174a00_0, 0;
    %pushi/vec4 0, 0, 32;
    %store/vec4 v0x560d0e174840_0, 0, 32;
T_2.2 ;
    %load/vec4 v0x560d0e174840_0;
    %cmpi/s 128, 0, 32;
    %jmp/0xz T_2.3, 5;
    %pushi/vec4 0, 0, 8;
    %ix/getv/s 4, v0x560d0e174840_0;
    %store/vec4a v0x560d0e174bc0, 4, 0;
    ; show_stmt_assign_vector: Get l-value for compressed += operand
    %load/vec4 v0x560d0e174840_0;
    %pushi/vec4 1, 0, 32;
    %add;
    %store/vec4 v0x560d0e174840_0, 0, 32;
    %jmp T_2.2;
T_2.3 ;
    %load/vec4 v0x560d0e1775f0_0;
    %store/vec4 v0x560d0e174ae0_0, 0, 32;
    %load/vec4 v0x560d0e174ae0_0;
    %subi 1, 0, 32;
    %pad/s 8;
    %ix/load 4, 0, 0;
    %flag_set/imm 4, 0;
    %store/vec4a v0x560d0e174bc0, 4, 0;
    %pushi/vec4 0, 0, 8;
    %ix/load 4, 11, 0;
    %flag_set/imm 4, 0;
    %store/vec4a v0x560d0e174bc0, 4, 0;
    %pushi/vec4 1, 0, 8;
    %ix/load 4, 12, 0;
    %flag_set/imm 4, 0;
    %store/vec4a v0x560d0e174bc0, 4, 0;
    %pushi/vec4 10, 0, 8;
    %ix/load 4, 13, 0;
    %flag_set/imm 4, 0;
    %store/vec4a v0x560d0e174bc0, 4, 0;
    %load/vec4 v0x560d0e174ae0_0;
    %dup/vec4;
    %pushi/vec4 1, 0, 32;
    %add;
    %store/vec4 v0x560d0e174ae0_0, 0, 32;
    %store/vec4 v0x560d0e1775f0_0, 0, 32;
    %pushi/vec4 65, 0, 8;
    %ix/getv/s 4, v0x560d0e1775f0_0;
    %store/vec4a v0x560d0e174bc0, 4, 0;
    %pushi/vec4 13, 0, 8;
    %load/vec4 v0x560d0e174ae0_0;
    %dup/vec4;
    %pushi/vec4 1, 0, 32;
    %add;
    %store/vec4 v0x560d0e174ae0_0, 0, 32;
    %ix/vec4/s 4;
    %store/vec4a v0x560d0e174bc0, 4, 0;
    %pushi/vec4 10, 0, 8;
    %load/vec4 v0x560d0e174ae0_0;
    %dup/vec4;
    %pushi/vec4 1, 0, 32;
    %add;
    %store/vec4 v0x560d0e174ae0_0, 0, 32;
    %ix/vec4/s 4;
    %store/vec4a v0x560d0e174bc0, 4, 0;
    %pushi/vec4 0, 0, 8;
    %load/vec4 v0x560d0e174ae0_0;
    %dup/vec4;
    %pushi/vec4 1, 0, 32;
    %add;
    %store/vec4 v0x560d0e174ae0_0, 0, 32;
    %ix/vec4/s 4;
    %store/vec4a v0x560d0e174bc0, 4, 0;
    %pushi/vec4 66, 0, 8;
    %load/vec4 v0x560d0e174ae0_0;
    %dup/vec4;
    %pushi/vec4 1, 0, 32;
    %add;
    %store/vec4 v0x560d0e174ae0_0, 0, 32;
    %ix/vec4/s 4;
    %store/vec4a v0x560d0e174bc0, 4, 0;
    %pushi/vec4 13, 0, 8;
    %load/vec4 v0x560d0e174ae0_0;
    %dup/vec4;
    %pushi/vec4 1, 0, 32;
    %add;
    %store/vec4 v0x560d0e174ae0_0, 0, 32;
    %ix/vec4/s 4;
    %store/vec4a v0x560d0e174bc0, 4, 0;
    %pushi/vec4 69, 0, 8;
    %load/vec4 v0x560d0e174ae0_0;
    %dup/vec4;
    %pushi/vec4 1, 0, 32;
    %add;
    %store/vec4 v0x560d0e174ae0_0, 0, 32;
    %ix/vec4/s 4;
    %store/vec4a v0x560d0e174bc0, 4, 0;
    %load/vec4 v0x560d0e174760_0;
    %subi 1, 0, 32;
    %pad/s 8;
    %load/vec4 v0x560d0e174ae0_0;
    %dup/vec4;
    %pushi/vec4 1, 0, 32;
    %add;
    %store/vec4 v0x560d0e174ae0_0, 0, 32;
    %ix/vec4/s 4;
    %store/vec4a v0x560d0e174bc0, 4, 0;
    %pushi/vec4 65, 0, 8;
    %load/vec4 v0x560d0e174ae0_0;
    %dup/vec4;
    %pushi/vec4 1, 0, 32;
    %add;
    %store/vec4 v0x560d0e174ae0_0, 0, 32;
    %ix/vec4/s 4;
    %store/vec4a v0x560d0e174bc0, 4, 0;
    %pushi/vec4 12, 0, 8;
    %load/vec4 v0x560d0e174ae0_0;
    %dup/vec4;
    %pushi/vec4 1, 0, 32;
    %add;
    %store/vec4 v0x560d0e174ae0_0, 0, 32;
    %ix/vec4/s 4;
    %store/vec4a v0x560d0e174bc0, 4, 0;
    %pushi/vec4 66, 0, 8;
    %load/vec4 v0x560d0e174ae0_0;
    %dup/vec4;
    %pushi/vec4 1, 0, 32;
    %add;
    %store/vec4 v0x560d0e174ae0_0, 0, 32;
    %ix/vec4/s 4;
    %store/vec4a v0x560d0e174bc0, 4, 0;
    %pushi/vec4 10, 0, 8;
    %load/vec4 v0x560d0e174ae0_0;
    %dup/vec4;
    %pushi/vec4 1, 0, 32;
    %add;
    %store/vec4 v0x560d0e174ae0_0, 0, 32;
    %ix/vec4/s 4;
    %store/vec4a v0x560d0e174bc0, 4, 0;
    %pushi/vec4 72, 0, 8;
    %load/vec4 v0x560d0e174ae0_0;
    %dup/vec4;
    %pushi/vec4 1, 0, 32;
    %add;
    %store/vec4 v0x560d0e174ae0_0, 0, 32;
    %ix/vec4/s 4;
    %store/vec4a v0x560d0e174bc0, 4, 0;
    %pushi/vec4 11, 0, 8;
    %load/vec4 v0x560d0e174ae0_0;
    %dup/vec4;
    %pushi/vec4 1, 0, 32;
    %add;
    %store/vec4 v0x560d0e174ae0_0, 0, 32;
    %ix/vec4/s 4;
    %store/vec4a v0x560d0e174bc0, 4, 0;
    %pushi/vec4 66, 0, 8;
    %load/vec4 v0x560d0e174ae0_0;
    %dup/vec4;
    %pushi/vec4 1, 0, 32;
    %add;
    %store/vec4 v0x560d0e174ae0_0, 0, 32;
    %ix/vec4/s 4;
    %store/vec4a v0x560d0e174bc0, 4, 0;
    %pushi/vec4 12, 0, 8;
    %load/vec4 v0x560d0e174ae0_0;
    %dup/vec4;
    %pushi/vec4 1, 0, 32;
    %add;
    %store/vec4 v0x560d0e174ae0_0, 0, 32;
    %ix/vec4/s 4;
    %store/vec4a v0x560d0e174bc0, 4, 0;
    %pushi/vec4 65, 0, 8;
    %load/vec4 v0x560d0e174ae0_0;
    %dup/vec4;
    %pushi/vec4 1, 0, 32;
    %add;
    %store/vec4 v0x560d0e174ae0_0, 0, 32;
    %ix/vec4/s 4;
    %store/vec4a v0x560d0e174bc0, 4, 0;
    %pushi/vec4 10, 0, 8;
    %load/vec4 v0x560d0e174ae0_0;
    %dup/vec4;
    %pushi/vec4 1, 0, 32;
    %add;
    %store/vec4 v0x560d0e174ae0_0, 0, 32;
    %ix/vec4/s 4;
    %store/vec4a v0x560d0e174bc0, 4, 0;
    %pushi/vec4 66, 0, 8;
    %load/vec4 v0x560d0e174ae0_0;
    %dup/vec4;
    %pushi/vec4 1, 0, 32;
    %add;
    %store/vec4 v0x560d0e174ae0_0, 0, 32;
    %ix/vec4/s 4;
    %store/vec4a v0x560d0e174bc0, 4, 0;
    %pushi/vec4 11, 0, 8;
    %load/vec4 v0x560d0e174ae0_0;
    %dup/vec4;
    %pushi/vec4 1, 0, 32;
    %add;
    %store/vec4 v0x560d0e174ae0_0, 0, 32;
    %ix/vec4/s 4;
    %store/vec4a v0x560d0e174bc0, 4, 0;
    %pushi/vec4 68, 0, 8;
    %load/vec4 v0x560d0e174ae0_0;
    %dup/vec4;
    %pushi/vec4 1, 0, 32;
    %add;
    %store/vec4 v0x560d0e174ae0_0, 0, 32;
    %ix/vec4/s 4;
    %store/vec4a v0x560d0e174bc0, 4, 0;
    %load/vec4 v0x560d0e1775f0_0;
    %subi 1, 0, 32;
    %pad/s 8;
    %load/vec4 v0x560d0e174ae0_0;
    %dup/vec4;
    %pushi/vec4 1, 0, 32;
    %add;
    %store/vec4 v0x560d0e174ae0_0, 0, 32;
    %ix/vec4/s 4;
    %store/vec4a v0x560d0e174bc0, 4, 0;
    %pushi/vec4 255, 0, 8;
    %ix/getv/s 4, v0x560d0e174760_0;
    %store/vec4a v0x560d0e174bc0, 4, 0;
    %jmp T_2.1;
T_2.0 ;
    %load/vec4 v0x560d0e173650_0;
    %pad/u 32;
    %cmpi/e 1, 0, 32;
    %jmp/0xz  T_2.4, 4;
    %load/vec4 v0x560d0e1776b0_0;
    %assign/vec4 v0x560d0e174a00_0, 0;
T_2.4 ;
    %load/vec4 v0x560d0e174200_0;
    %pad/u 32;
    %cmpi/e 1, 0, 32;
    %jmp/0xz  T_2.6, 4;
    %load/vec4 v0x560d0e1776b0_0;
    %load/vec4 v0x560d0e174a00_0;
    %pad/u 10;
    %ix/vec4 3;
    %ix/load 4, 0, 0; Constant delay
    %assign/vec4/a/d v0x560d0e174bc0, 0, 4;
T_2.6 ;
T_2.1 ;
    %jmp T_2;
    .thread T_2;
    .scope S_0x560d0e167380;
T_3 ;
    %wait E_0x560d0e1469d0;
    %load/vec4 v0x560d0e172b40_0;
    %pad/u 32;
    %cmpi/e 1, 0, 32;
    %jmp/0xz  T_3.0, 4;
    %pushi/vec4 0, 0, 3;
    %assign/vec4 v0x560d0e172730_0, 0;
    %jmp T_3.1;
T_3.0 ;
    %load/vec4 v0x560d0e172730_0;
    %addi 1, 0, 3;
    %assign/vec4 v0x560d0e172730_0, 0;
T_3.1 ;
    %jmp T_3;
    .thread T_3;
    .scope S_0x560d0e167380;
T_4 ;
    %wait E_0x560d0e0a5380;
    %pushi/vec4 0, 0, 3;
    %assign/vec4 v0x560d0e172730_0, 0;
    %jmp T_4;
    .thread T_4, $push;
    .scope S_0x560d0e142500;
T_5 ;
    %wait E_0x560d0e174150;
    %load/vec4 v0x560d0e179940_0;
    %pad/u 32;
    %cmpi/e 1, 0, 32;
    %jmp/0xz  T_5.0, 4;
    %pushi/vec4 0, 0, 8;
    %assign/vec4 v0x560d0e179570_0, 0;
    %jmp T_5.1;
T_5.0 ;
    %load/vec4 v0x560d0e1785f0_0;
    %pad/u 32;
    %cmpi/e 1, 0, 32;
    %jmp/0xz  T_5.2, 4;
    %load/vec4 v0x560d0e179770_0;
    %assign/vec4 v0x560d0e179570_0, 0;
    %pushi/vec4 0, 0, 1;
    %assign/vec4 v0x560d0e1794d0_0, 0;
T_5.2 ;
T_5.1 ;
    %jmp T_5;
    .thread T_5;
    .scope S_0x560d0e142500;
T_6 ;
    %wait E_0x560d0e0bda00;
    %pushi/vec4 1, 0, 1;
    %assign/vec4 v0x560d0e1794d0_0, 0;
    %jmp T_6;
    .thread T_6;
    .scope S_0x560d0e0b22e0;
T_7 ;
    %pushi/vec4 0, 0, 1;
    %store/vec4 v0x560d0e179af0_0, 0, 1;
    %pushi/vec4 1, 0, 1;
    %store/vec4 v0x560d0e179c50_0, 0, 1;
T_7.0 ;
    %delay 1, 0;
    %load/vec4 v0x560d0e179af0_0;
    %inv;
    %store/vec4 v0x560d0e179af0_0, 0, 1;
    %load/vec4 v0x560d0e179c50_0;
    %pad/u 32;
    %pushi/vec4 1, 0, 32;
    %cmp/e;
    %flag_get/vec4 4;
    %load/vec4 v0x560d0e179af0_0;
    %and;
    %flag_set/vec4 8;
    %jmp/0xz  T_7.1, 8;
    %pushi/vec4 0, 0, 1;
    %store/vec4 v0x560d0e179c50_0, 0, 1;
    %jmp T_7.2;
T_7.1 ;
    %load/vec4 v0x560d0e179b90_0;
    %flag_set/vec4 8;
    %jmp/0xz  T_7.3, 8;
    %vpi_call 2 19 "$finish" {0 0 0};
T_7.3 ;
T_7.2 ;
    %jmp T_7.0;
    %end;
    .thread T_7;
    .scope S_0x560d0e0b22e0;
T_8 ;
    %vpi_call 2 24 "$dumpfile", "testbench.vcd" {0 0 0};
    %vpi_call 2 25 "$dumpvars", 32'sb00000000000000000000000000000000, S_0x560d0e0b22e0 {0 0 0};
    %vpi_call 2 27 "$monitor", $time, ":\011clk=%B | reset=%B | halt=%B", v0x560d0e179af0_0, v0x560d0e179c50_0, v0x560d0e179b90_0 {0 0 0};
    %delay 2000, 0;
    %vpi_call 2 30 "$finish" {0 0 0};
    %end;
    .thread T_8;
# The file index is used to find the file name in the following table.
:file_names 4;
    "N/A";
    "<interactive>";
    "testbench.sv";
    "tiny.sv";
