#! /usr/bin/vvp
:ivl_version "12.0 (stable)" "(v12_0-dirty)";
:ivl_delay_selection "TYPICAL";
:vpi_time_precision + 0;
:vpi_module "/usr/lib/ivl/system.vpi";
:vpi_module "/usr/lib/ivl/vhdl_sys.vpi";
:vpi_module "/usr/lib/ivl/vhdl_textio.vpi";
:vpi_module "/usr/lib/ivl/v2005_math.vpi";
:vpi_module "/usr/lib/ivl/va_math.vpi";
S_0x563a6f2e1200 .scope module, "testbench" "testbench" 2 354;
 .timescale 0 0;
v0x563a6f3a78c0_0 .var "clk", 0 0;
v0x563a6f3a7960_0 .net "halt", 0 0, L_0x563a6f3cb540;  1 drivers
v0x563a6f3a7a20_0 .var "reset", 0 0;
S_0x563a6f370e50 .scope module, "tiny" "processor" 2 359, 2 306 0, S_0x563a6f2e1200;
 .timescale 0 0;
    .port_info 0 /INPUT 1 "clk";
    .port_info 1 /INPUT 1 "reset";
    .port_info 2 /OUTPUT 1 "halt";
P_0x563a6f33d040 .param/l "WIDTH" 0 2 306, +C4<00000000000000000000000000001000>;
L_0x563a6f3cb4d0 .functor NOT 8, v0x563a6f3a7340_0, C4<00000000>, C4<00000000>, C4<00000000>;
v0x563a6f3a61b0_0 .net "AI", 0 0, L_0x563a6f3c98a0;  1 drivers
v0x563a6f3a62c0_0 .net "AS", 0 0, L_0x563a6f3c9bc0;  1 drivers
v0x563a6f3a63d0_0 .net "C_in", 0 0, L_0x563a6f3ca760;  1 drivers
v0x563a6f3a64c0_0 .net "ES", 0 0, L_0x563a6f3ca410;  1 drivers
v0x563a6f3a6560_0 .net "II", 0 0, L_0x563a6f3cab60;  1 drivers
v0x563a6f3a6650_0 .net "L", 3 0, L_0x563a6f3caf70;  1 drivers
v0x563a6f3a6740_0 .net "LS", 0 0, L_0x563a6f3ca800;  1 drivers
v0x563a6f3a6830_0 .net "MI", 0 0, L_0x563a6f3ca030;  1 drivers
v0x563a6f3a6920_0 .net "PI", 0 0, L_0x563a6f3c9c60;  1 drivers
v0x563a6f3a69c0_0 .net "PS", 0 0, L_0x563a6f3c9f90;  1 drivers
v0x563a6f3a6ab0_0 .net "RI", 0 0, L_0x563a6f3ca370;  1 drivers
v0x563a6f3a6ba0_0 .net *"_ivl_0", 7 0, L_0x563a6f3bf6c0;  1 drivers
L_0x7fb51127f180 .functor BUFT 1, C4<0000>, C4<0>, C4<0>, C4<0>;
v0x563a6f3a6c40_0 .net *"_ivl_3", 3 0, L_0x7fb51127f180;  1 drivers
v0x563a6f3a6d00_0 .net *"_ivl_6", 7 0, L_0x563a6f3cb4d0;  1 drivers
v0x563a6f3a6de0_0 .net "accumulator_bus", 7 0, v0x563a6f3a5e90_0;  1 drivers
v0x563a6f3a6ef0_0 .net "alu_out_bus", 7 0, L_0x563a6f3bf370;  1 drivers
v0x563a6f3a6fb0_0 .net "clk", 0 0, v0x563a6f3a78c0_0;  1 drivers
v0x563a6f3a7160_0 .net "counter", 2 0, v0x563a6f3a06e0_0;  1 drivers
v0x563a6f3a7200_0 .net "decode", 15 0, L_0x563a6f3c9760;  1 drivers
v0x563a6f3a72a0_0 .net "halt", 0 0, L_0x563a6f3cb540;  alias, 1 drivers
v0x563a6f3a7340_0 .var "inst", 7 0;
v0x563a6f3a7400_0 .net "mar", 7 0, L_0x563a6f373720;  1 drivers
v0x563a6f3a74a0_0 .net "psr_bus", 3 0, v0x563a6f394ef0_0;  1 drivers
v0x563a6f3a7540_0 .net "ram_read_bus", 7 0, L_0x563a6f33ccd0;  1 drivers
v0x563a6f3a7600_0 .net "ram_write_bus", 7 0, L_0x563a6f3bf7b0;  1 drivers
v0x563a6f3a7710_0 .net "reset", 0 0, v0x563a6f3a7a20_0;  1 drivers
L_0x563a6f3bf6c0 .concat [ 4 4 0 0], v0x563a6f394ef0_0, L_0x7fb51127f180;
L_0x563a6f3bf7b0 .functor MUXZ 8, L_0x563a6f3bf370, L_0x563a6f3bf6c0, L_0x563a6f3ca410, C4<>;
L_0x563a6f3cb540 .part L_0x563a6f3cb4d0, 0, 1;
S_0x563a6f340630 .scope module, "alu" "alu16" 2 329, 2 3 0, S_0x563a6f370e50;
 .timescale 0 0;
    .port_info 0 /INPUT 1 "clk";
    .port_info 1 /INPUT 1 "reset";
    .port_info 2 /INPUT 8 "A";
    .port_info 3 /INPUT 8 "B";
    .port_info 4 /OUTPUT 8 "E";
    .port_info 5 /INPUT 4 "L";
    .port_info 6 /INPUT 1 "LS";
    .port_info 7 /INPUT 1 "Cn";
    .port_info 8 /INPUT 1 "PI";
    .port_info 9 /INPUT 1 "PS";
    .port_info 10 /OUTPUT 4 "psr";
P_0x563a6f348970 .param/l "WIDTH" 0 2 3, +C4<00000000000000000000000000001000>;
L_0x7fb51127f0f0 .functor BUFT 1, C4<000000001>, C4<0>, C4<0>, C4<0>;
L_0x563a6f3a8b30 .functor AND 9, L_0x7fb51127f0f0, L_0x563a6f3bee50, C4<111111111>, C4<111111111>;
v0x563a6f393ca0_0 .net "A", 7 0, v0x563a6f3a5e90_0;  alias, 1 drivers
v0x563a6f393da0_0 .net "B", 7 0, L_0x563a6f33ccd0;  alias, 1 drivers
v0x563a6f393e80_0 .net "Cn", 0 0, L_0x563a6f3ca760;  alias, 1 drivers
v0x563a6f393f20_0 .net "E", 7 0, L_0x563a6f3bf370;  alias, 1 drivers
v0x563a6f394000_0 .net "L", 3 0, L_0x563a6f3caf70;  alias, 1 drivers
v0x563a6f3940e0_0 .net "LS", 0 0, L_0x563a6f3ca800;  alias, 1 drivers
v0x563a6f3941a0_0 .net "PI", 0 0, L_0x563a6f3c9c60;  alias, 1 drivers
v0x563a6f394260_0 .net "PS", 0 0, L_0x563a6f3c9f90;  alias, 1 drivers
L_0x7fb51127f018 .functor BUFT 1, C4<00000000>, C4<0>, C4<0>, C4<0>;
v0x563a6f394320_0 .net/2u *"_ivl_73", 7 0, L_0x7fb51127f018;  1 drivers
L_0x7fb51127f060 .functor BUFT 1, C4<0>, C4<0>, C4<0>, C4<0>;
v0x563a6f394490_0 .net/2u *"_ivl_77", 0 0, L_0x7fb51127f060;  1 drivers
v0x563a6f394570_0 .net *"_ivl_79", 8 0, L_0x563a6f3ae890;  1 drivers
L_0x7fb51127f0a8 .functor BUFT 1, C4<0>, C4<0>, C4<0>, C4<0>;
v0x563a6f394650_0 .net/2u *"_ivl_81", 0 0, L_0x7fb51127f0a8;  1 drivers
v0x563a6f394730_0 .net *"_ivl_83", 8 0, L_0x563a6f3ae9d0;  1 drivers
v0x563a6f394810_0 .net *"_ivl_85", 8 0, L_0x563a6f3aed00;  1 drivers
v0x563a6f3948f0_0 .net/2u *"_ivl_87", 8 0, L_0x7fb51127f0f0;  1 drivers
v0x563a6f3949d0_0 .net *"_ivl_89", 8 0, L_0x563a6f3bee50;  1 drivers
L_0x7fb51127f138 .functor BUFT 1, C4<00000000>, C4<0>, C4<0>, C4<0>;
v0x563a6f394ab0_0 .net *"_ivl_92", 7 0, L_0x7fb51127f138;  1 drivers
v0x563a6f394b90_0 .net *"_ivl_93", 8 0, L_0x563a6f3a8b30;  1 drivers
v0x563a6f394c70_0 .net "clk", 0 0, v0x563a6f3a78c0_0;  alias, 1 drivers
v0x563a6f394d30_0 .net "lA", 7 0, L_0x563a6f3ae5c0;  1 drivers
v0x563a6f394e10_0 .net "lB", 7 0, L_0x563a6f3ad260;  1 drivers
v0x563a6f394ef0_0 .var "psr", 3 0;
v0x563a6f394fd0_0 .net "reset", 0 0, v0x563a6f3a7a20_0;  alias, 1 drivers
v0x563a6f395090_0 .net "tE", 8 0, L_0x563a6f3bf230;  1 drivers
E_0x563a6f2e9c20/0 .event negedge, v0x563a6f394fd0_0;
E_0x563a6f2e9c20/1 .event posedge, v0x563a6f394c70_0;
E_0x563a6f2e9c20 .event/or E_0x563a6f2e9c20/0, E_0x563a6f2e9c20/1;
L_0x563a6f3a7ac0 .part v0x563a6f3a5e90_0, 0, 1;
L_0x563a6f3a7b60 .part L_0x563a6f33ccd0, 0, 1;
L_0x563a6f3a7c90 .part L_0x563a6f3caf70, 3, 1;
L_0x563a6f3a7d30 .part L_0x563a6f3caf70, 2, 1;
L_0x563a6f3a7f90 .part L_0x563a6f33ccd0, 0, 1;
L_0x563a6f3a8030 .part L_0x563a6f3caf70, 1, 1;
L_0x563a6f3a8110 .part L_0x563a6f3caf70, 0, 1;
L_0x563a6f3a84d0 .part v0x563a6f3a5e90_0, 1, 1;
L_0x563a6f3a8650 .part L_0x563a6f33ccd0, 1, 1;
L_0x563a6f3a86f0 .part L_0x563a6f3caf70, 3, 1;
L_0x563a6f3a87f0 .part L_0x563a6f3caf70, 2, 1;
L_0x563a6f3a8a90 .part L_0x563a6f33ccd0, 1, 1;
L_0x563a6f3a8ba0 .part L_0x563a6f3caf70, 1, 1;
L_0x563a6f3a8c40 .part L_0x563a6f3caf70, 0, 1;
L_0x563a6f3a90b0 .part v0x563a6f3a5e90_0, 2, 1;
L_0x563a6f3a9150 .part L_0x563a6f33ccd0, 2, 1;
L_0x563a6f3a9390 .part L_0x563a6f3caf70, 3, 1;
L_0x563a6f3a9430 .part L_0x563a6f3caf70, 2, 1;
L_0x563a6f3a9700 .part L_0x563a6f33ccd0, 2, 1;
L_0x563a6f3a97a0 .part L_0x563a6f3caf70, 1, 1;
L_0x563a6f3a94d0 .part L_0x563a6f3caf70, 0, 1;
L_0x563a6f3a9c40 .part v0x563a6f3a5e90_0, 3, 1;
L_0x563a6f3a9da0 .part L_0x563a6f33ccd0, 3, 1;
L_0x563a6f3a9e40 .part L_0x563a6f3caf70, 3, 1;
L_0x563a6f3a9fb0 .part L_0x563a6f3caf70, 2, 1;
L_0x563a6f3aa1e0 .part L_0x563a6f33ccd0, 3, 1;
L_0x563a6f3aa360 .part L_0x563a6f3caf70, 1, 1;
L_0x563a6f3aa400 .part L_0x563a6f3caf70, 0, 1;
L_0x563a6f3aa8e0 .part v0x563a6f3a5e90_0, 4, 1;
L_0x563a6f3aa980 .part L_0x563a6f33ccd0, 4, 1;
L_0x563a6f3aab20 .part L_0x563a6f3caf70, 3, 1;
L_0x563a6f3aabc0 .part L_0x563a6f3caf70, 2, 1;
L_0x563a6f3aaf00 .part L_0x563a6f33ccd0, 4, 1;
L_0x563a6f3aafa0 .part L_0x563a6f3caf70, 1, 1;
L_0x563a6f3ab160 .part L_0x563a6f3caf70, 0, 1;
L_0x563a6f3ab550 .part v0x563a6f3a5e90_0, 5, 1;
L_0x563a6f3ab040 .part L_0x563a6f33ccd0, 5, 1;
L_0x563a6f3ab720 .part L_0x563a6f3caf70, 3, 1;
L_0x563a6f3ab900 .part L_0x563a6f3caf70, 2, 1;
L_0x563a6f3abae0 .part L_0x563a6f33ccd0, 5, 1;
L_0x563a6f3abcd0 .part L_0x563a6f3caf70, 1, 1;
L_0x563a6f3abd70 .part L_0x563a6f3caf70, 0, 1;
L_0x563a6f3ac290 .part v0x563a6f3a5e90_0, 6, 1;
L_0x563a6f3ac330 .part L_0x563a6f33ccd0, 6, 1;
L_0x563a6f3ac750 .part L_0x563a6f3caf70, 3, 1;
L_0x563a6f3ac7f0 .part L_0x563a6f3caf70, 2, 1;
L_0x563a6f3acba0 .part L_0x563a6f33ccd0, 6, 1;
L_0x563a6f3acc40 .part L_0x563a6f3caf70, 1, 1;
L_0x563a6f3ace70 .part L_0x563a6f3caf70, 0, 1;
LS_0x563a6f3ad260_0_0 .concat8 [ 1 1 1 1], L_0x563a6f3a8340, L_0x563a6f3a8f20, L_0x563a6f3a9ab0, L_0x563a6f3aa750;
LS_0x563a6f3ad260_0_4 .concat8 [ 1 1 1 1], L_0x563a6f3ab3c0, L_0x563a6f3ac100, L_0x563a6f3ad0d0, L_0x563a6f3ae3e0;
L_0x563a6f3ad260 .concat8 [ 4 4 0 0], LS_0x563a6f3ad260_0_0, LS_0x563a6f3ad260_0_4;
L_0x563a6f3ad720 .part v0x563a6f3a5e90_0, 7, 1;
L_0x563a6f3ad7c0 .part L_0x563a6f33ccd0, 7, 1;
L_0x563a6f3ada10 .part L_0x563a6f3caf70, 3, 1;
L_0x563a6f3adab0 .part L_0x563a6f3caf70, 2, 1;
L_0x563a6f3adea0 .part L_0x563a6f33ccd0, 7, 1;
L_0x563a6f3adf40 .part L_0x563a6f3caf70, 1, 1;
L_0x563a6f3ae1b0 .part L_0x563a6f3caf70, 0, 1;
L_0x563a6f3ae5c0 .functor MUXZ 8, v0x563a6f3a5e90_0, L_0x7fb51127f018, L_0x563a6f3ca800, C4<>;
L_0x563a6f3ae890 .concat [ 8 1 0 0], L_0x563a6f3ae5c0, L_0x7fb51127f060;
L_0x563a6f3ae9d0 .concat [ 8 1 0 0], L_0x563a6f3ad260, L_0x7fb51127f0a8;
L_0x563a6f3aed00 .arith/sum 9, L_0x563a6f3ae890, L_0x563a6f3ae9d0;
L_0x563a6f3bee50 .concat [ 1 8 0 0], L_0x563a6f3ca760, L_0x7fb51127f138;
L_0x563a6f3bf230 .arith/sum 9, L_0x563a6f3aed00, L_0x563a6f3a8b30;
L_0x563a6f3bf370 .part L_0x563a6f3bf230, 0, 8;
S_0x563a6f33c110 .scope generate, "genblk1[0]" "genblk1[0]" 2 21, 2 21 0, S_0x563a6f340630;
 .timescale 0 0;
P_0x563a6f31c850 .param/l "i" 1 2 21, +C4<00>;
v0x563a6f2f4f80_0 .net *"_ivl_0", 0 0, L_0x563a6f3a7ac0;  1 drivers
v0x563a6f2f2ac0_0 .net *"_ivl_1", 0 0, L_0x563a6f3a7b60;  1 drivers
v0x563a6f3147f0_0 .net *"_ivl_11", 0 0, L_0x563a6f3a8340;  1 drivers
v0x563a6f373840_0 .net *"_ivl_2", 0 0, L_0x563a6f3a7c90;  1 drivers
v0x563a6f3738e0_0 .net *"_ivl_3", 0 0, L_0x563a6f3a7d30;  1 drivers
v0x563a6f33cd90_0 .net *"_ivl_4", 0 0, L_0x563a6f3a7ec0;  1 drivers
v0x563a6f33ce60_0 .net *"_ivl_6", 0 0, L_0x563a6f3a7f90;  1 drivers
v0x563a6f38e680_0 .net *"_ivl_7", 0 0, L_0x563a6f3a8030;  1 drivers
v0x563a6f38e760_0 .net *"_ivl_8", 0 0, L_0x563a6f3a8110;  1 drivers
v0x563a6f38e840_0 .net *"_ivl_9", 0 0, L_0x563a6f3a81b0;  1 drivers
L_0x563a6f3a7ec0 .functor MUXZ 1, L_0x563a6f3a7d30, L_0x563a6f3a7c90, L_0x563a6f3a7b60, C4<>;
L_0x563a6f3a81b0 .functor MUXZ 1, L_0x563a6f3a8110, L_0x563a6f3a8030, L_0x563a6f3a7f90, C4<>;
L_0x563a6f3a8340 .functor MUXZ 1, L_0x563a6f3a81b0, L_0x563a6f3a7ec0, L_0x563a6f3a7ac0, C4<>;
S_0x563a6f38e920 .scope generate, "genblk1[1]" "genblk1[1]" 2 21, 2 21 0, S_0x563a6f340630;
 .timescale 0 0;
P_0x563a6f38eaf0 .param/l "i" 1 2 21, +C4<01>;
v0x563a6f38ebb0_0 .net *"_ivl_0", 0 0, L_0x563a6f3a84d0;  1 drivers
v0x563a6f38ec90_0 .net *"_ivl_1", 0 0, L_0x563a6f3a8650;  1 drivers
v0x563a6f38ed70_0 .net *"_ivl_11", 0 0, L_0x563a6f3a8f20;  1 drivers
v0x563a6f38ee30_0 .net *"_ivl_2", 0 0, L_0x563a6f3a86f0;  1 drivers
v0x563a6f38ef10_0 .net *"_ivl_3", 0 0, L_0x563a6f3a87f0;  1 drivers
v0x563a6f38f040_0 .net *"_ivl_4", 0 0, L_0x563a6f3a89a0;  1 drivers
v0x563a6f38f120_0 .net *"_ivl_6", 0 0, L_0x563a6f3a8a90;  1 drivers
v0x563a6f38f200_0 .net *"_ivl_7", 0 0, L_0x563a6f3a8ba0;  1 drivers
v0x563a6f38f2e0_0 .net *"_ivl_8", 0 0, L_0x563a6f3a8c40;  1 drivers
v0x563a6f38f3c0_0 .net *"_ivl_9", 0 0, L_0x563a6f3a8d60;  1 drivers
L_0x563a6f3a89a0 .functor MUXZ 1, L_0x563a6f3a87f0, L_0x563a6f3a86f0, L_0x563a6f3a8650, C4<>;
L_0x563a6f3a8d60 .functor MUXZ 1, L_0x563a6f3a8c40, L_0x563a6f3a8ba0, L_0x563a6f3a8a90, C4<>;
L_0x563a6f3a8f20 .functor MUXZ 1, L_0x563a6f3a8d60, L_0x563a6f3a89a0, L_0x563a6f3a84d0, C4<>;
S_0x563a6f38f4a0 .scope generate, "genblk1[2]" "genblk1[2]" 2 21, 2 21 0, S_0x563a6f340630;
 .timescale 0 0;
P_0x563a6f38f650 .param/l "i" 1 2 21, +C4<010>;
v0x563a6f38f710_0 .net *"_ivl_0", 0 0, L_0x563a6f3a90b0;  1 drivers
v0x563a6f38f7f0_0 .net *"_ivl_1", 0 0, L_0x563a6f3a9150;  1 drivers
v0x563a6f38f8d0_0 .net *"_ivl_11", 0 0, L_0x563a6f3a9ab0;  1 drivers
v0x563a6f38f990_0 .net *"_ivl_2", 0 0, L_0x563a6f3a9390;  1 drivers
v0x563a6f38fa70_0 .net *"_ivl_3", 0 0, L_0x563a6f3a9430;  1 drivers
v0x563a6f38fba0_0 .net *"_ivl_4", 0 0, L_0x563a6f3a9570;  1 drivers
v0x563a6f38fc80_0 .net *"_ivl_6", 0 0, L_0x563a6f3a9700;  1 drivers
v0x563a6f38fd60_0 .net *"_ivl_7", 0 0, L_0x563a6f3a97a0;  1 drivers
v0x563a6f38fe40_0 .net *"_ivl_8", 0 0, L_0x563a6f3a94d0;  1 drivers
v0x563a6f38ff20_0 .net *"_ivl_9", 0 0, L_0x563a6f3a98f0;  1 drivers
L_0x563a6f3a9570 .functor MUXZ 1, L_0x563a6f3a9430, L_0x563a6f3a9390, L_0x563a6f3a9150, C4<>;
L_0x563a6f3a98f0 .functor MUXZ 1, L_0x563a6f3a94d0, L_0x563a6f3a97a0, L_0x563a6f3a9700, C4<>;
L_0x563a6f3a9ab0 .functor MUXZ 1, L_0x563a6f3a98f0, L_0x563a6f3a9570, L_0x563a6f3a90b0, C4<>;
S_0x563a6f390000 .scope generate, "genblk1[3]" "genblk1[3]" 2 21, 2 21 0, S_0x563a6f340630;
 .timescale 0 0;
P_0x563a6f3901b0 .param/l "i" 1 2 21, +C4<011>;
v0x563a6f390290_0 .net *"_ivl_0", 0 0, L_0x563a6f3a9c40;  1 drivers
v0x563a6f390370_0 .net *"_ivl_1", 0 0, L_0x563a6f3a9da0;  1 drivers
v0x563a6f390450_0 .net *"_ivl_11", 0 0, L_0x563a6f3aa750;  1 drivers
v0x563a6f390510_0 .net *"_ivl_2", 0 0, L_0x563a6f3a9e40;  1 drivers
v0x563a6f3905f0_0 .net *"_ivl_3", 0 0, L_0x563a6f3a9fb0;  1 drivers
v0x563a6f390720_0 .net *"_ivl_4", 0 0, L_0x563a6f3aa050;  1 drivers
v0x563a6f390800_0 .net *"_ivl_6", 0 0, L_0x563a6f3aa1e0;  1 drivers
v0x563a6f3908e0_0 .net *"_ivl_7", 0 0, L_0x563a6f3aa360;  1 drivers
v0x563a6f3909c0_0 .net *"_ivl_8", 0 0, L_0x563a6f3aa400;  1 drivers
v0x563a6f390b30_0 .net *"_ivl_9", 0 0, L_0x563a6f3aa590;  1 drivers
L_0x563a6f3aa050 .functor MUXZ 1, L_0x563a6f3a9fb0, L_0x563a6f3a9e40, L_0x563a6f3a9da0, C4<>;
L_0x563a6f3aa590 .functor MUXZ 1, L_0x563a6f3aa400, L_0x563a6f3aa360, L_0x563a6f3aa1e0, C4<>;
L_0x563a6f3aa750 .functor MUXZ 1, L_0x563a6f3aa590, L_0x563a6f3aa050, L_0x563a6f3a9c40, C4<>;
S_0x563a6f390c10 .scope generate, "genblk1[4]" "genblk1[4]" 2 21, 2 21 0, S_0x563a6f340630;
 .timescale 0 0;
P_0x563a6f390e10 .param/l "i" 1 2 21, +C4<0100>;
v0x563a6f390ef0_0 .net *"_ivl_0", 0 0, L_0x563a6f3aa8e0;  1 drivers
v0x563a6f390fd0_0 .net *"_ivl_1", 0 0, L_0x563a6f3aa980;  1 drivers
v0x563a6f3910b0_0 .net *"_ivl_11", 0 0, L_0x563a6f3ab3c0;  1 drivers
v0x563a6f391170_0 .net *"_ivl_2", 0 0, L_0x563a6f3aab20;  1 drivers
v0x563a6f391250_0 .net *"_ivl_3", 0 0, L_0x563a6f3aabc0;  1 drivers
v0x563a6f391380_0 .net *"_ivl_4", 0 0, L_0x563a6f3aad70;  1 drivers
v0x563a6f391460_0 .net *"_ivl_6", 0 0, L_0x563a6f3aaf00;  1 drivers
v0x563a6f391540_0 .net *"_ivl_7", 0 0, L_0x563a6f3aafa0;  1 drivers
v0x563a6f391620_0 .net *"_ivl_8", 0 0, L_0x563a6f3ab160;  1 drivers
v0x563a6f391790_0 .net *"_ivl_9", 0 0, L_0x563a6f3ab200;  1 drivers
L_0x563a6f3aad70 .functor MUXZ 1, L_0x563a6f3aabc0, L_0x563a6f3aab20, L_0x563a6f3aa980, C4<>;
L_0x563a6f3ab200 .functor MUXZ 1, L_0x563a6f3ab160, L_0x563a6f3aafa0, L_0x563a6f3aaf00, C4<>;
L_0x563a6f3ab3c0 .functor MUXZ 1, L_0x563a6f3ab200, L_0x563a6f3aad70, L_0x563a6f3aa8e0, C4<>;
S_0x563a6f391870 .scope generate, "genblk1[5]" "genblk1[5]" 2 21, 2 21 0, S_0x563a6f340630;
 .timescale 0 0;
P_0x563a6f391a20 .param/l "i" 1 2 21, +C4<0101>;
v0x563a6f391b00_0 .net *"_ivl_0", 0 0, L_0x563a6f3ab550;  1 drivers
v0x563a6f391be0_0 .net *"_ivl_1", 0 0, L_0x563a6f3ab040;  1 drivers
v0x563a6f391cc0_0 .net *"_ivl_11", 0 0, L_0x563a6f3ac100;  1 drivers
v0x563a6f391d80_0 .net *"_ivl_2", 0 0, L_0x563a6f3ab720;  1 drivers
v0x563a6f391e60_0 .net *"_ivl_3", 0 0, L_0x563a6f3ab900;  1 drivers
v0x563a6f391f90_0 .net *"_ivl_4", 0 0, L_0x563a6f3ab9a0;  1 drivers
v0x563a6f392070_0 .net *"_ivl_6", 0 0, L_0x563a6f3abae0;  1 drivers
v0x563a6f392150_0 .net *"_ivl_7", 0 0, L_0x563a6f3abcd0;  1 drivers
v0x563a6f392230_0 .net *"_ivl_8", 0 0, L_0x563a6f3abd70;  1 drivers
v0x563a6f3923a0_0 .net *"_ivl_9", 0 0, L_0x563a6f3abf70;  1 drivers
L_0x563a6f3ab9a0 .functor MUXZ 1, L_0x563a6f3ab900, L_0x563a6f3ab720, L_0x563a6f3ab040, C4<>;
L_0x563a6f3abf70 .functor MUXZ 1, L_0x563a6f3abd70, L_0x563a6f3abcd0, L_0x563a6f3abae0, C4<>;
L_0x563a6f3ac100 .functor MUXZ 1, L_0x563a6f3abf70, L_0x563a6f3ab9a0, L_0x563a6f3ab550, C4<>;
S_0x563a6f392480 .scope generate, "genblk1[6]" "genblk1[6]" 2 21, 2 21 0, S_0x563a6f340630;
 .timescale 0 0;
P_0x563a6f392630 .param/l "i" 1 2 21, +C4<0110>;
v0x563a6f392710_0 .net *"_ivl_0", 0 0, L_0x563a6f3ac290;  1 drivers
v0x563a6f3927f0_0 .net *"_ivl_1", 0 0, L_0x563a6f3ac330;  1 drivers
v0x563a6f3928d0_0 .net *"_ivl_11", 0 0, L_0x563a6f3ad0d0;  1 drivers
v0x563a6f392990_0 .net *"_ivl_2", 0 0, L_0x563a6f3ac750;  1 drivers
v0x563a6f392a70_0 .net *"_ivl_3", 0 0, L_0x563a6f3ac7f0;  1 drivers
v0x563a6f392ba0_0 .net *"_ivl_4", 0 0, L_0x563a6f3aca10;  1 drivers
v0x563a6f392c80_0 .net *"_ivl_6", 0 0, L_0x563a6f3acba0;  1 drivers
v0x563a6f392d60_0 .net *"_ivl_7", 0 0, L_0x563a6f3acc40;  1 drivers
v0x563a6f392e40_0 .net *"_ivl_8", 0 0, L_0x563a6f3ace70;  1 drivers
v0x563a6f392fb0_0 .net *"_ivl_9", 0 0, L_0x563a6f3acf10;  1 drivers
L_0x563a6f3aca10 .functor MUXZ 1, L_0x563a6f3ac7f0, L_0x563a6f3ac750, L_0x563a6f3ac330, C4<>;
L_0x563a6f3acf10 .functor MUXZ 1, L_0x563a6f3ace70, L_0x563a6f3acc40, L_0x563a6f3acba0, C4<>;
L_0x563a6f3ad0d0 .functor MUXZ 1, L_0x563a6f3acf10, L_0x563a6f3aca10, L_0x563a6f3ac290, C4<>;
S_0x563a6f393090 .scope generate, "genblk1[7]" "genblk1[7]" 2 21, 2 21 0, S_0x563a6f340630;
 .timescale 0 0;
P_0x563a6f393240 .param/l "i" 1 2 21, +C4<0111>;
v0x563a6f393320_0 .net *"_ivl_0", 0 0, L_0x563a6f3ad720;  1 drivers
v0x563a6f393400_0 .net *"_ivl_1", 0 0, L_0x563a6f3ad7c0;  1 drivers
v0x563a6f3934e0_0 .net *"_ivl_11", 0 0, L_0x563a6f3ae3e0;  1 drivers
v0x563a6f3935a0_0 .net *"_ivl_2", 0 0, L_0x563a6f3ada10;  1 drivers
v0x563a6f393680_0 .net *"_ivl_3", 0 0, L_0x563a6f3adab0;  1 drivers
v0x563a6f3937b0_0 .net *"_ivl_4", 0 0, L_0x563a6f3add10;  1 drivers
v0x563a6f393890_0 .net *"_ivl_6", 0 0, L_0x563a6f3adea0;  1 drivers
v0x563a6f393970_0 .net *"_ivl_7", 0 0, L_0x563a6f3adf40;  1 drivers
v0x563a6f393a50_0 .net *"_ivl_8", 0 0, L_0x563a6f3ae1b0;  1 drivers
v0x563a6f393bc0_0 .net *"_ivl_9", 0 0, L_0x563a6f3ae250;  1 drivers
L_0x563a6f3add10 .functor MUXZ 1, L_0x563a6f3adab0, L_0x563a6f3ada10, L_0x563a6f3ad7c0, C4<>;
L_0x563a6f3ae250 .functor MUXZ 1, L_0x563a6f3ae1b0, L_0x563a6f3adf40, L_0x563a6f3adea0, C4<>;
L_0x563a6f3ae3e0 .functor MUXZ 1, L_0x563a6f3ae250, L_0x563a6f3add10, L_0x563a6f3ad720, C4<>;
S_0x563a6f395330 .scope module, "cu" "controlunit" 2 342, 2 173 0, S_0x563a6f370e50;
 .timescale 0 0;
    .port_info 0 /INPUT 1 "clk";
    .port_info 1 /INPUT 1 "reset";
    .port_info 2 /INPUT 8 "inst";
    .port_info 3 /INPUT 4 "psr";
    .port_info 4 /OUTPUT 1 "cAI";
    .port_info 5 /OUTPUT 1 "cAS";
    .port_info 6 /OUTPUT 1 "cPI";
    .port_info 7 /OUTPUT 1 "cPS";
    .port_info 8 /OUTPUT 1 "cMI";
    .port_info 9 /OUTPUT 1 "cRI";
    .port_info 10 /OUTPUT 1 "cES";
    .port_info 11 /OUTPUT 1 "cCn";
    .port_info 12 /OUTPUT 4 "cL";
    .port_info 13 /OUTPUT 1 "cLS";
    .port_info 14 /OUTPUT 1 "cII";
    .port_info 15 /OUTPUT 16 "decode";
    .port_info 16 /OUTPUT 3 "counter";
P_0x563a6f3954e0 .param/l "AI" 0 2 176, +C4<00000000000000000000000000000001>;
P_0x563a6f395520 .param/l "AS" 0 2 177, +C4<000000000000000000000000000000010>;
P_0x563a6f395560 .param/l "BUF_A" 0 2 191, C4<11000000000000>;
P_0x563a6f3955a0 .param/l "BUF_B" 0 2 193, C4<10100000000000>;
P_0x563a6f3955e0 .param/l "Cn" 0 2 183, +C4<000000000000000000000000000000010000000>;
P_0x563a6f395620 .param/l "ES" 0 2 182, +C4<00000000000000000000000000000001000000>;
P_0x563a6f395660 .param/l "GEN_0" 0 2 189, C4<0000000000000000000000000000000100000000>;
P_0x563a6f3956a0 .param/l "GEN_1" 0 2 190, C4<0000000000000000000000000011110100000000>;
P_0x563a6f3956e0 .param/l "II" 0 2 185, +C4<00000000000000000000000000000001000000000>;
P_0x563a6f395720 .param/l "LS" 0 2 184, +C4<0000000000000000000000000000000100000000>;
P_0x563a6f395760 .param/l "MI" 0 2 180, +C4<000000000000000000000000000000010000>;
P_0x563a6f3957a0 .param/l "NEG_A" 0 2 192, C4<00110000000000>;
P_0x563a6f3957e0 .param/l "NEG_B" 0 2 194, C4<01010000000000>;
P_0x563a6f395820 .param/l "PI" 0 2 178, +C4<0000000000000000000000000000000100>;
P_0x563a6f395860 .param/l "PS" 0 2 179, +C4<00000000000000000000000000000001000>;
P_0x563a6f3958a0 .param/l "RI" 0 2 181, +C4<0000000000000000000000000000000100000>;
P_0x563a6f3958e0 .param/l "add" 0 2 206, C4<001000>;
P_0x563a6f395920 .param/l "addc" 0 2 207, C4<001001>;
P_0x563a6f395960 .param/l "jump" 0 2 201, C4<000100>;
P_0x563a6f3959a0 .param/l "jumpc" 0 2 203, C4<000110>;
P_0x563a6f3959e0 .param/l "jumpn" 0 2 204, C4<000111>;
P_0x563a6f395a20 .param/l "jumpz" 0 2 202, C4<000101>;
P_0x563a6f395a60 .param/l "load" 0 2 196, C4<000001>;
P_0x563a6f395aa0 .param/l "loadi" 0 2 197, C4<000001>;
P_0x563a6f395ae0 .param/l "store" 0 2 199, C4<000010>;
P_0x563a6f395b20 .param/l "sub" 0 2 209, C4<001011>;
P_0x563a6f395b60 .param/l "subb" 0 2 208, C4<001010>;
L_0x563a6f3bfd20 .functor NOT 1, L_0x563a6f3bfc30, C4<0>, C4<0>, C4<0>;
L_0x563a6f3bfe80 .functor NOT 1, L_0x563a6f3bfde0, C4<0>, C4<0>, C4<0>;
L_0x563a6f3bff40 .functor AND 1, L_0x563a6f3bfd20, L_0x563a6f3bfe80, C4<1>, C4<1>;
L_0x563a6f3c00f0 .functor NOT 1, L_0x563a6f3c0050, C4<0>, C4<0>, C4<0>;
L_0x563a6f3c0200 .functor AND 1, L_0x563a6f3c00f0, L_0x563a6f3c0160, C4<1>, C4<1>;
L_0x563a6f3c0490 .functor NOT 1, L_0x563a6f3c03b0, C4<0>, C4<0>, C4<0>;
L_0x563a6f3c0590 .functor AND 1, L_0x563a6f3c0310, L_0x563a6f3c0490, C4<1>, C4<1>;
L_0x563a6f3c0830 .functor AND 1, L_0x563a6f3c06a0, L_0x563a6f3c0740, C4<1>, C4<1>;
L_0x563a6f3c0d50 .functor AND 1, L_0x563a6f3c2df0, L_0x563a6f3c3190, C4<1>, C4<1>;
L_0x563a6f3c3020 .functor OR 1, L_0x563a6f3c2bf0, L_0x563a6f3c0d50, C4<0>, C4<0>;
L_0x563a6f3c63c0 .functor AND 1, L_0x563a6f3c5c00, L_0x563a6f3c60a0, C4<1>, C4<1>;
L_0x563a6f3c64d0 .functor OR 1, L_0x563a6f3c5950, L_0x563a6f3c63c0, C4<0>, C4<0>;
v0x563a6f395e60_0 .net "TYPE_ABS", 0 0, L_0x563a6f3c0200;  1 drivers
v0x563a6f396a90_0 .net "TYPE_IMM", 0 0, L_0x563a6f3bff40;  1 drivers
v0x563a6f396b50_0 .net "TYPE_OFF", 0 0, L_0x563a6f3c0590;  1 drivers
v0x563a6f396c20_0 .net "TYPE_REG", 0 0, L_0x563a6f3c0830;  1 drivers
v0x563a6f396ce0_0 .net *"_ivl_1", 0 0, L_0x563a6f3bfc30;  1 drivers
L_0x7fb51127f7b0 .functor BUFT 1, C4<001010>, C4<0>, C4<0>, C4<0>;
v0x563a6f396e10_0 .net/2u *"_ivl_100", 5 0, L_0x7fb51127f7b0;  1 drivers
v0x563a6f396ef0_0 .net *"_ivl_102", 0 0, L_0x563a6f3c1bd0;  1 drivers
L_0x7fb51127f7f8 .functor BUFT 1, C4<00000000000000000000000000001010000000111>, C4<0>, C4<0>, C4<0>;
v0x563a6f396fb0_0 .net/2u *"_ivl_104", 40 0, L_0x7fb51127f7f8;  1 drivers
L_0x7fb51127f840 .functor BUFT 1, C4<001011>, C4<0>, C4<0>, C4<0>;
v0x563a6f397090_0 .net/2u *"_ivl_106", 5 0, L_0x7fb51127f840;  1 drivers
v0x563a6f397200_0 .net *"_ivl_108", 0 0, L_0x563a6f3c1d20;  1 drivers
v0x563a6f3972c0_0 .net *"_ivl_11", 0 0, L_0x563a6f3c0050;  1 drivers
L_0x7fb51127f888 .functor BUFT 1, C4<00000000000000000000000000001010010000111>, C4<0>, C4<0>, C4<0>;
v0x563a6f3973a0_0 .net/2u *"_ivl_110", 40 0, L_0x7fb51127f888;  1 drivers
L_0x7fb51127f8d0 .functor BUFT 1, C4<00000000000000000000000000000000000000000>, C4<0>, C4<0>, C4<0>;
v0x563a6f397480_0 .net/2u *"_ivl_112", 40 0, L_0x7fb51127f8d0;  1 drivers
v0x563a6f397560_0 .net *"_ivl_114", 40 0, L_0x563a6f3c1f40;  1 drivers
v0x563a6f397640_0 .net *"_ivl_116", 40 0, L_0x563a6f3c2100;  1 drivers
v0x563a6f397720_0 .net *"_ivl_118", 40 0, L_0x563a6f3c2370;  1 drivers
v0x563a6f397800_0 .net *"_ivl_12", 0 0, L_0x563a6f3c00f0;  1 drivers
v0x563a6f3979f0_0 .net *"_ivl_120", 40 0, L_0x563a6f3c2500;  1 drivers
v0x563a6f397ad0_0 .net *"_ivl_122", 40 0, L_0x563a6f3c2780;  1 drivers
L_0x7fb51127f918 .functor BUFT 1, C4<000001>, C4<0>, C4<0>, C4<0>;
v0x563a6f397bb0_0 .net/2u *"_ivl_124", 5 0, L_0x7fb51127f918;  1 drivers
v0x563a6f397c90_0 .net *"_ivl_126", 0 0, L_0x563a6f3c2910;  1 drivers
L_0x7fb51127f960 .functor BUFT 1, C4<00000000000000000000000000010100100010000>, C4<0>, C4<0>, C4<0>;
v0x563a6f397d50_0 .net/2u *"_ivl_128", 40 0, L_0x7fb51127f960;  1 drivers
L_0x7fb51127f9a8 .functor BUFT 1, C4<000010>, C4<0>, C4<0>, C4<0>;
v0x563a6f397e30_0 .net/2u *"_ivl_130", 5 0, L_0x7fb51127f9a8;  1 drivers
v0x563a6f397f10_0 .net *"_ivl_132", 0 0, L_0x563a6f3c2b00;  1 drivers
L_0x7fb51127f9f0 .functor BUFT 1, C4<00000000000000000000000000010100100010000>, C4<0>, C4<0>, C4<0>;
v0x563a6f397fd0_0 .net/2u *"_ivl_134", 40 0, L_0x7fb51127f9f0;  1 drivers
L_0x7fb51127fa38 .functor BUFT 1, C4<000100>, C4<0>, C4<0>, C4<0>;
v0x563a6f3980b0_0 .net/2u *"_ivl_136", 5 0, L_0x7fb51127fa38;  1 drivers
v0x563a6f398190_0 .net *"_ivl_138", 0 0, L_0x563a6f3c2bf0;  1 drivers
L_0x7fb51127fa80 .functor BUFT 1, C4<000101>, C4<0>, C4<0>, C4<0>;
v0x563a6f398250_0 .net/2u *"_ivl_140", 5 0, L_0x7fb51127fa80;  1 drivers
v0x563a6f398330_0 .net *"_ivl_142", 0 0, L_0x563a6f3c2df0;  1 drivers
v0x563a6f3983f0_0 .net *"_ivl_145", 0 0, L_0x563a6f3c2ee0;  1 drivers
v0x563a6f3984d0_0 .net *"_ivl_146", 31 0, L_0x563a6f3c30a0;  1 drivers
L_0x7fb51127fac8 .functor BUFT 1, C4<0000000000000000000000000000000>, C4<0>, C4<0>, C4<0>;
v0x563a6f3985b0_0 .net *"_ivl_149", 30 0, L_0x7fb51127fac8;  1 drivers
v0x563a6f398690_0 .net *"_ivl_15", 0 0, L_0x563a6f3c0160;  1 drivers
L_0x7fb51127fb10 .functor BUFT 1, C4<00000000000000000000000000000001>, C4<0>, C4<0>, C4<0>;
v0x563a6f398770_0 .net/2u *"_ivl_150", 31 0, L_0x7fb51127fb10;  1 drivers
v0x563a6f398850_0 .net *"_ivl_152", 0 0, L_0x563a6f3c3190;  1 drivers
v0x563a6f398910_0 .net *"_ivl_154", 0 0, L_0x563a6f3c0d50;  1 drivers
v0x563a6f3989f0_0 .net *"_ivl_156", 0 0, L_0x563a6f3c3020;  1 drivers
L_0x7fb51127fb58 .functor BUFT 1, C4<00000000000000000000000000000000100010001>, C4<0>, C4<0>, C4<0>;
v0x563a6f398ad0_0 .net/2u *"_ivl_158", 40 0, L_0x7fb51127fb58;  1 drivers
L_0x7fb51127fba0 .functor BUFT 1, C4<001000>, C4<0>, C4<0>, C4<0>;
v0x563a6f398bb0_0 .net/2u *"_ivl_160", 5 0, L_0x7fb51127fba0;  1 drivers
v0x563a6f398c90_0 .net *"_ivl_162", 0 0, L_0x563a6f3c3500;  1 drivers
L_0x7fb51127fbe8 .functor BUFT 1, C4<00000000000000000000000000010100100010000>, C4<0>, C4<0>, C4<0>;
v0x563a6f398d50_0 .net/2u *"_ivl_164", 40 0, L_0x7fb51127fbe8;  1 drivers
L_0x7fb51127fc30 .functor BUFT 1, C4<001001>, C4<0>, C4<0>, C4<0>;
v0x563a6f398e30_0 .net/2u *"_ivl_166", 5 0, L_0x7fb51127fc30;  1 drivers
v0x563a6f398f10_0 .net *"_ivl_168", 0 0, L_0x563a6f3c35a0;  1 drivers
L_0x7fb51127fc78 .functor BUFT 1, C4<00000000000000000000000000010100100010000>, C4<0>, C4<0>, C4<0>;
v0x563a6f398fd0_0 .net/2u *"_ivl_170", 40 0, L_0x7fb51127fc78;  1 drivers
L_0x7fb51127fcc0 .functor BUFT 1, C4<001011>, C4<0>, C4<0>, C4<0>;
v0x563a6f3990b0_0 .net/2u *"_ivl_172", 5 0, L_0x7fb51127fcc0;  1 drivers
v0x563a6f399190_0 .net *"_ivl_174", 0 0, L_0x563a6f3c37d0;  1 drivers
L_0x7fb51127fd08 .functor BUFT 1, C4<00000000000000000000000000010100100010000>, C4<0>, C4<0>, C4<0>;
v0x563a6f399250_0 .net/2u *"_ivl_176", 40 0, L_0x7fb51127fd08;  1 drivers
L_0x7fb51127fd50 .functor BUFT 1, C4<001010>, C4<0>, C4<0>, C4<0>;
v0x563a6f399330_0 .net/2u *"_ivl_178", 5 0, L_0x7fb51127fd50;  1 drivers
v0x563a6f399410_0 .net *"_ivl_180", 0 0, L_0x563a6f3c3920;  1 drivers
L_0x7fb51127fd98 .functor BUFT 1, C4<00000000000000000000000000010100100010000>, C4<0>, C4<0>, C4<0>;
v0x563a6f3994d0_0 .net/2u *"_ivl_182", 40 0, L_0x7fb51127fd98;  1 drivers
L_0x7fb51127fde0 .functor BUFT 1, C4<00000000000000000000000000000000000000000>, C4<0>, C4<0>, C4<0>;
v0x563a6f3995b0_0 .net/2u *"_ivl_184", 40 0, L_0x7fb51127fde0;  1 drivers
v0x563a6f399690_0 .net *"_ivl_186", 40 0, L_0x563a6f3c3bc0;  1 drivers
v0x563a6f399770_0 .net *"_ivl_188", 40 0, L_0x563a6f3c3d80;  1 drivers
v0x563a6f399850_0 .net *"_ivl_19", 0 0, L_0x563a6f3c0310;  1 drivers
v0x563a6f399930_0 .net *"_ivl_190", 40 0, L_0x563a6f3c4070;  1 drivers
v0x563a6f399a10_0 .net *"_ivl_192", 40 0, L_0x563a6f3c4200;  1 drivers
v0x563a6f399af0_0 .net *"_ivl_194", 40 0, L_0x563a6f3c4500;  1 drivers
v0x563a6f399bd0_0 .net *"_ivl_196", 40 0, L_0x563a6f3c4690;  1 drivers
v0x563a6f399cb0_0 .net *"_ivl_198", 40 0, L_0x563a6f3c49a0;  1 drivers
v0x563a6f399d90_0 .net *"_ivl_2", 0 0, L_0x563a6f3bfd20;  1 drivers
L_0x7fb51127fe28 .functor BUFT 1, C4<00000000000000000000000000000000000000000>, C4<0>, C4<0>, C4<0>;
v0x563a6f399e70_0 .net/2u *"_ivl_200", 40 0, L_0x7fb51127fe28;  1 drivers
v0x563a6f399f50_0 .net *"_ivl_202", 40 0, L_0x563a6f3c4b30;  1 drivers
v0x563a6f39a030_0 .net *"_ivl_204", 40 0, L_0x563a6f3c4e50;  1 drivers
v0x563a6f39a110_0 .net *"_ivl_206", 31 0, L_0x563a6f3c4fe0;  1 drivers
L_0x7fb51127fe70 .functor BUFT 1, C4<00000000000000000000000000000>, C4<0>, C4<0>, C4<0>;
v0x563a6f39a1f0_0 .net *"_ivl_209", 28 0, L_0x7fb51127fe70;  1 drivers
v0x563a6f39a6e0_0 .net *"_ivl_21", 0 0, L_0x563a6f3c03b0;  1 drivers
L_0x7fb51127feb8 .functor BUFT 1, C4<00000000000000000000000000000101>, C4<0>, C4<0>, C4<0>;
v0x563a6f39a7c0_0 .net/2u *"_ivl_210", 31 0, L_0x7fb51127feb8;  1 drivers
v0x563a6f39a8a0_0 .net *"_ivl_212", 0 0, L_0x563a6f3c5270;  1 drivers
L_0x7fb51127ff00 .functor BUFT 1, C4<000001>, C4<0>, C4<0>, C4<0>;
v0x563a6f39a960_0 .net/2u *"_ivl_214", 5 0, L_0x7fb51127ff00;  1 drivers
v0x563a6f39aa40_0 .net *"_ivl_216", 0 0, L_0x563a6f3c53b0;  1 drivers
L_0x7fb51127ff48 .functor BUFT 1, C4<00000000000000000000000000000000000000001>, C4<0>, C4<0>, C4<0>;
v0x563a6f39ab00_0 .net/2u *"_ivl_218", 40 0, L_0x7fb51127ff48;  1 drivers
v0x563a6f39abe0_0 .net *"_ivl_22", 0 0, L_0x563a6f3c0490;  1 drivers
L_0x7fb51127ff90 .functor BUFT 1, C4<000010>, C4<0>, C4<0>, C4<0>;
v0x563a6f39acc0_0 .net/2u *"_ivl_220", 5 0, L_0x7fb51127ff90;  1 drivers
v0x563a6f39ada0_0 .net *"_ivl_222", 0 0, L_0x563a6f3c5650;  1 drivers
L_0x7fb51127ffd8 .functor BUFT 1, C4<00000000000000000000000000011000100100000>, C4<0>, C4<0>, C4<0>;
v0x563a6f39ae60_0 .net/2u *"_ivl_224", 40 0, L_0x7fb51127ffd8;  1 drivers
L_0x7fb511280020 .functor BUFT 1, C4<000100>, C4<0>, C4<0>, C4<0>;
v0x563a6f39af40_0 .net/2u *"_ivl_226", 5 0, L_0x7fb511280020;  1 drivers
v0x563a6f39b020_0 .net *"_ivl_228", 0 0, L_0x563a6f3c5950;  1 drivers
L_0x7fb511280068 .functor BUFT 1, C4<000101>, C4<0>, C4<0>, C4<0>;
v0x563a6f39b0e0_0 .net/2u *"_ivl_230", 5 0, L_0x7fb511280068;  1 drivers
v0x563a6f39b1c0_0 .net *"_ivl_232", 0 0, L_0x563a6f3c5c00;  1 drivers
v0x563a6f39b280_0 .net *"_ivl_235", 0 0, L_0x563a6f3c5cf0;  1 drivers
v0x563a6f39b360_0 .net *"_ivl_236", 31 0, L_0x563a6f3c5f60;  1 drivers
L_0x7fb5112800b0 .functor BUFT 1, C4<0000000000000000000000000000000>, C4<0>, C4<0>, C4<0>;
v0x563a6f39b440_0 .net *"_ivl_239", 30 0, L_0x7fb5112800b0;  1 drivers
L_0x7fb5112800f8 .functor BUFT 1, C4<00000000000000000000000000000001>, C4<0>, C4<0>, C4<0>;
v0x563a6f39b520_0 .net/2u *"_ivl_240", 31 0, L_0x7fb5112800f8;  1 drivers
v0x563a6f39b600_0 .net *"_ivl_242", 0 0, L_0x563a6f3c60a0;  1 drivers
v0x563a6f39b6c0_0 .net *"_ivl_244", 0 0, L_0x563a6f3c63c0;  1 drivers
v0x563a6f39b7a0_0 .net *"_ivl_246", 0 0, L_0x563a6f3c64d0;  1 drivers
L_0x7fb511280140 .functor BUFT 1, C4<00000000000000000000000000011000100110000>, C4<0>, C4<0>, C4<0>;
v0x563a6f39b880_0 .net/2u *"_ivl_248", 40 0, L_0x7fb511280140;  1 drivers
L_0x7fb511280188 .functor BUFT 1, C4<001000>, C4<0>, C4<0>, C4<0>;
v0x563a6f39b960_0 .net/2u *"_ivl_250", 5 0, L_0x7fb511280188;  1 drivers
v0x563a6f39ba40_0 .net *"_ivl_252", 0 0, L_0x563a6f3c6650;  1 drivers
L_0x7fb5112801d0 .functor BUFT 1, C4<00000000000000000000000000010100000000111>, C4<0>, C4<0>, C4<0>;
v0x563a6f39bb00_0 .net/2u *"_ivl_254", 40 0, L_0x7fb5112801d0;  1 drivers
L_0x7fb511280218 .functor BUFT 1, C4<001001>, C4<0>, C4<0>, C4<0>;
v0x563a6f39bbe0_0 .net/2u *"_ivl_256", 5 0, L_0x7fb511280218;  1 drivers
v0x563a6f39bcc0_0 .net *"_ivl_258", 0 0, L_0x563a6f3c6b50;  1 drivers
L_0x7fb511280260 .functor BUFT 1, C4<00000000000000000000000000010100010000111>, C4<0>, C4<0>, C4<0>;
v0x563a6f39bd80_0 .net/2u *"_ivl_260", 40 0, L_0x7fb511280260;  1 drivers
L_0x7fb5112802a8 .functor BUFT 1, C4<001010>, C4<0>, C4<0>, C4<0>;
v0x563a6f39be60_0 .net/2u *"_ivl_262", 5 0, L_0x7fb5112802a8;  1 drivers
v0x563a6f39bf40_0 .net *"_ivl_264", 0 0, L_0x563a6f3c6e30;  1 drivers
L_0x7fb5112802f0 .functor BUFT 1, C4<00000000000000000000000000001010000000111>, C4<0>, C4<0>, C4<0>;
v0x563a6f39c000_0 .net/2u *"_ivl_266", 40 0, L_0x7fb5112802f0;  1 drivers
L_0x7fb511280338 .functor BUFT 1, C4<001011>, C4<0>, C4<0>, C4<0>;
v0x563a6f39c0e0_0 .net/2u *"_ivl_268", 5 0, L_0x7fb511280338;  1 drivers
v0x563a6f39c1c0_0 .net *"_ivl_27", 0 0, L_0x563a6f3c06a0;  1 drivers
v0x563a6f39c2a0_0 .net *"_ivl_270", 0 0, L_0x563a6f3c6f20;  1 drivers
L_0x7fb511280380 .functor BUFT 1, C4<00000000000000000000000000001010010000111>, C4<0>, C4<0>, C4<0>;
v0x563a6f39c360_0 .net/2u *"_ivl_272", 40 0, L_0x7fb511280380;  1 drivers
L_0x7fb5112803c8 .functor BUFT 1, C4<00000000000000000000000000000000000000000>, C4<0>, C4<0>, C4<0>;
v0x563a6f39c440_0 .net/2u *"_ivl_274", 40 0, L_0x7fb5112803c8;  1 drivers
v0x563a6f39c520_0 .net *"_ivl_276", 40 0, L_0x563a6f3c7210;  1 drivers
v0x563a6f39c600_0 .net *"_ivl_278", 40 0, L_0x563a6f3c73a0;  1 drivers
v0x563a6f39c6e0_0 .net *"_ivl_280", 40 0, L_0x563a6f3c7740;  1 drivers
v0x563a6f39c7c0_0 .net *"_ivl_282", 40 0, L_0x563a6f3c78d0;  1 drivers
v0x563a6f39c8a0_0 .net *"_ivl_284", 40 0, L_0x563a6f3c7c80;  1 drivers
v0x563a6f39c980_0 .net *"_ivl_286", 40 0, L_0x563a6f3c7e10;  1 drivers
v0x563a6f39ca60_0 .net *"_ivl_288", 40 0, L_0x563a6f3c81d0;  1 drivers
v0x563a6f39cb40_0 .net *"_ivl_29", 0 0, L_0x563a6f3c0740;  1 drivers
L_0x7fb511280410 .functor BUFT 1, C4<00000000000000000000000000000000000000000>, C4<0>, C4<0>, C4<0>;
v0x563a6f39cc20_0 .net/2u *"_ivl_290", 40 0, L_0x7fb511280410;  1 drivers
v0x563a6f39cd00_0 .net *"_ivl_292", 40 0, L_0x563a6f3c8360;  1 drivers
L_0x7fb511280458 .functor BUFT 1, C4<00000000000000000000000000000000000000000>, C4<0>, C4<0>, C4<0>;
v0x563a6f39cde0_0 .net/2u *"_ivl_294", 40 0, L_0x7fb511280458;  1 drivers
v0x563a6f39cec0_0 .net *"_ivl_296", 40 0, L_0x563a6f3c86e0;  1 drivers
v0x563a6f39cfa0_0 .net *"_ivl_298", 40 0, L_0x563a6f3c8870;  1 drivers
v0x563a6f39d080_0 .net *"_ivl_300", 40 0, L_0x563a6f3c8c50;  1 drivers
v0x563a6f39d160_0 .net *"_ivl_302", 40 0, L_0x563a6f3c8de0;  1 drivers
v0x563a6f39d240_0 .net *"_ivl_304", 40 0, L_0x563a6f3c91d0;  1 drivers
v0x563a6f39d320_0 .net *"_ivl_306", 40 0, L_0x563a6f3c9360;  1 drivers
v0x563a6f39d400_0 .net *"_ivl_331", 4 0, L_0x563a6f3cac00;  1 drivers
v0x563a6f39d4e0_0 .net *"_ivl_338", 31 0, L_0x563a6f3cb010;  1 drivers
v0x563a6f39d5c0_0 .net *"_ivl_34", 31 0, L_0x563a6f3c0a30;  1 drivers
L_0x7fb5112804a0 .functor BUFT 1, C4<0000000000000000>, C4<0>, C4<0>, C4<0>;
v0x563a6f39d6a0_0 .net *"_ivl_341", 15 0, L_0x7fb5112804a0;  1 drivers
L_0x7fb5112804e8 .functor BUFT 1, C4<00000000000000000000000000000000>, C4<0>, C4<0>, C4<0>;
v0x563a6f39d780_0 .net/2u *"_ivl_342", 31 0, L_0x7fb5112804e8;  1 drivers
v0x563a6f39d860_0 .net *"_ivl_344", 0 0, L_0x563a6f3cb390;  1 drivers
L_0x7fb51127f210 .functor BUFT 1, C4<00000000000000000000000000000>, C4<0>, C4<0>, C4<0>;
v0x563a6f39d920_0 .net *"_ivl_37", 28 0, L_0x7fb51127f210;  1 drivers
L_0x7fb51127f258 .functor BUFT 1, C4<00000000000000000000000000000000>, C4<0>, C4<0>, C4<0>;
v0x563a6f39da00_0 .net/2u *"_ivl_38", 31 0, L_0x7fb51127f258;  1 drivers
v0x563a6f39dae0_0 .net *"_ivl_40", 0 0, L_0x563a6f3c0b80;  1 drivers
L_0x7fb51127f2a0 .functor BUFT 1, C4<00000000000000000000000000000000100010000>, C4<0>, C4<0>, C4<0>;
v0x563a6f39dba0_0 .net/2u *"_ivl_42", 40 0, L_0x7fb51127f2a0;  1 drivers
v0x563a6f39dc80_0 .net *"_ivl_44", 31 0, L_0x563a6f3c0cb0;  1 drivers
L_0x7fb51127f2e8 .functor BUFT 1, C4<00000000000000000000000000000>, C4<0>, C4<0>, C4<0>;
v0x563a6f39e570_0 .net *"_ivl_47", 28 0, L_0x7fb51127f2e8;  1 drivers
L_0x7fb51127f330 .functor BUFT 1, C4<00000000000000000000000000000001>, C4<0>, C4<0>, C4<0>;
v0x563a6f39e650_0 .net/2u *"_ivl_48", 31 0, L_0x7fb51127f330;  1 drivers
v0x563a6f39e730_0 .net *"_ivl_5", 0 0, L_0x563a6f3bfde0;  1 drivers
v0x563a6f39e810_0 .net *"_ivl_50", 0 0, L_0x563a6f3c0e10;  1 drivers
L_0x7fb51127f378 .functor BUFT 1, C4<00000000000000000000000000010100110110000>, C4<0>, C4<0>, C4<0>;
v0x563a6f39e8d0_0 .net/2u *"_ivl_52", 40 0, L_0x7fb51127f378;  1 drivers
v0x563a6f39e9b0_0 .net *"_ivl_54", 31 0, L_0x563a6f3c0f50;  1 drivers
L_0x7fb51127f3c0 .functor BUFT 1, C4<00000000000000000000000000000>, C4<0>, C4<0>, C4<0>;
v0x563a6f39ea90_0 .net *"_ivl_57", 28 0, L_0x7fb51127f3c0;  1 drivers
L_0x7fb51127f408 .functor BUFT 1, C4<00000000000000000000000000000010>, C4<0>, C4<0>, C4<0>;
v0x563a6f39eb70_0 .net/2u *"_ivl_58", 31 0, L_0x7fb51127f408;  1 drivers
v0x563a6f39ec50_0 .net *"_ivl_6", 0 0, L_0x563a6f3bfe80;  1 drivers
v0x563a6f39ed30_0 .net *"_ivl_60", 0 0, L_0x563a6f3c1070;  1 drivers
L_0x7fb51127f450 .functor BUFT 1, C4<00000000000000000000000000000001100010000>, C4<0>, C4<0>, C4<0>;
v0x563a6f39edf0_0 .net/2u *"_ivl_62", 40 0, L_0x7fb51127f450;  1 drivers
v0x563a6f39eed0_0 .net *"_ivl_64", 31 0, L_0x563a6f3c11b0;  1 drivers
L_0x7fb51127f498 .functor BUFT 1, C4<00000000000000000000000000000>, C4<0>, C4<0>, C4<0>;
v0x563a6f39efb0_0 .net *"_ivl_67", 28 0, L_0x7fb51127f498;  1 drivers
L_0x7fb51127f4e0 .functor BUFT 1, C4<00000000000000000000000000000011>, C4<0>, C4<0>, C4<0>;
v0x563a6f39f090_0 .net/2u *"_ivl_68", 31 0, L_0x7fb51127f4e0;  1 drivers
v0x563a6f39f170_0 .net *"_ivl_70", 0 0, L_0x563a6f3c1330;  1 drivers
L_0x7fb51127f528 .functor BUFT 1, C4<00000000000000000000000000010100110110000>, C4<0>, C4<0>, C4<0>;
v0x563a6f39f230_0 .net/2u *"_ivl_72", 40 0, L_0x7fb51127f528;  1 drivers
v0x563a6f39f310_0 .net *"_ivl_74", 31 0, L_0x563a6f3c1470;  1 drivers
L_0x7fb51127f570 .functor BUFT 1, C4<00000000000000000000000000000>, C4<0>, C4<0>, C4<0>;
v0x563a6f39f3f0_0 .net *"_ivl_77", 28 0, L_0x7fb51127f570;  1 drivers
L_0x7fb51127f5b8 .functor BUFT 1, C4<00000000000000000000000000000100>, C4<0>, C4<0>, C4<0>;
v0x563a6f39f4d0_0 .net/2u *"_ivl_78", 31 0, L_0x7fb51127f5b8;  1 drivers
v0x563a6f39f5b0_0 .net *"_ivl_80", 0 0, L_0x563a6f3c1600;  1 drivers
L_0x7fb51127f600 .functor BUFT 1, C4<000001>, C4<0>, C4<0>, C4<0>;
v0x563a6f39f670_0 .net/2u *"_ivl_82", 5 0, L_0x7fb51127f600;  1 drivers
v0x563a6f39f750_0 .net *"_ivl_84", 0 0, L_0x563a6f3c1770;  1 drivers
L_0x7fb51127f648 .functor BUFT 1, C4<00000000000000000000000000000000000000001>, C4<0>, C4<0>, C4<0>;
v0x563a6f39f810_0 .net/2u *"_ivl_86", 40 0, L_0x7fb51127f648;  1 drivers
L_0x7fb51127f690 .functor BUFT 1, C4<001000>, C4<0>, C4<0>, C4<0>;
v0x563a6f39f8f0_0 .net/2u *"_ivl_88", 5 0, L_0x7fb51127f690;  1 drivers
v0x563a6f39f9d0_0 .net *"_ivl_90", 0 0, L_0x563a6f3c1510;  1 drivers
L_0x7fb51127f6d8 .functor BUFT 1, C4<00000000000000000000000000010100000000111>, C4<0>, C4<0>, C4<0>;
v0x563a6f39fa90_0 .net/2u *"_ivl_92", 40 0, L_0x7fb51127f6d8;  1 drivers
L_0x7fb51127f720 .functor BUFT 1, C4<001001>, C4<0>, C4<0>, C4<0>;
v0x563a6f39fb70_0 .net/2u *"_ivl_94", 5 0, L_0x7fb51127f720;  1 drivers
v0x563a6f39fc50_0 .net *"_ivl_96", 0 0, L_0x563a6f3c1a10;  1 drivers
L_0x7fb51127f768 .functor BUFT 1, C4<00000000000000000000000000010100010000111>, C4<0>, C4<0>, C4<0>;
v0x563a6f39fd10_0 .net/2u *"_ivl_98", 40 0, L_0x7fb51127f768;  1 drivers
v0x563a6f39fdf0_0 .net "cAI", 0 0, L_0x563a6f3c98a0;  alias, 1 drivers
v0x563a6f39feb0_0 .net "cAS", 0 0, L_0x563a6f3c9bc0;  alias, 1 drivers
v0x563a6f39ff70_0 .net "cCn", 0 0, L_0x563a6f3ca760;  alias, 1 drivers
v0x563a6f3a0010_0 .net "cES", 0 0, L_0x563a6f3ca410;  alias, 1 drivers
v0x563a6f3a00b0_0 .net "cII", 0 0, L_0x563a6f3cab60;  alias, 1 drivers
v0x563a6f3a0170_0 .net "cL", 3 0, L_0x563a6f3caf70;  alias, 1 drivers
v0x563a6f3a0260_0 .net "cLS", 0 0, L_0x563a6f3ca800;  alias, 1 drivers
v0x563a6f3a0330_0 .net "cMI", 0 0, L_0x563a6f3ca030;  alias, 1 drivers
v0x563a6f3a03d0_0 .net "cPI", 0 0, L_0x563a6f3c9c60;  alias, 1 drivers
v0x563a6f3a04a0_0 .net "cPS", 0 0, L_0x563a6f3c9f90;  alias, 1 drivers
v0x563a6f3a0570_0 .net "cRI", 0 0, L_0x563a6f3ca370;  alias, 1 drivers
v0x563a6f3a0610_0 .net "clk", 0 0, v0x563a6f3a78c0_0;  alias, 1 drivers
v0x563a6f3a06e0_0 .var "counter", 2 0;
v0x563a6f3a0780_0 .net "decode", 15 0, L_0x563a6f3c9760;  alias, 1 drivers
v0x563a6f3a0840_0 .net "inst", 7 0, v0x563a6f3a7340_0;  1 drivers
v0x563a6f3a0920_0 .net "opcode", 5 0, L_0x563a6f3c0990;  1 drivers
v0x563a6f3a0a00_0 .net "psr", 3 0, v0x563a6f394ef0_0;  alias, 1 drivers
v0x563a6f3a0af0_0 .net "reset", 0 0, v0x563a6f3a7a20_0;  alias, 1 drivers
E_0x563a6f2eb2e0 .event anyedge, L_0x563a6f3cb390;
E_0x563a6f2d42c0/0 .event negedge, v0x563a6f394c70_0;
E_0x563a6f2d42c0/1 .event posedge, v0x563a6f394fd0_0;
E_0x563a6f2d42c0 .event/or E_0x563a6f2d42c0/0, E_0x563a6f2d42c0/1;
L_0x563a6f3bfc30 .part v0x563a6f3a7340_0, 7, 1;
L_0x563a6f3bfde0 .part v0x563a6f3a7340_0, 6, 1;
L_0x563a6f3c0050 .part v0x563a6f3a7340_0, 7, 1;
L_0x563a6f3c0160 .part v0x563a6f3a7340_0, 6, 1;
L_0x563a6f3c0310 .part v0x563a6f3a7340_0, 7, 1;
L_0x563a6f3c03b0 .part v0x563a6f3a7340_0, 6, 1;
L_0x563a6f3c06a0 .part v0x563a6f3a7340_0, 7, 1;
L_0x563a6f3c0740 .part v0x563a6f3a7340_0, 6, 1;
L_0x563a6f3c0990 .part v0x563a6f3a7340_0, 0, 6;
L_0x563a6f3c0a30 .concat [ 3 29 0 0], v0x563a6f3a06e0_0, L_0x7fb51127f210;
L_0x563a6f3c0b80 .cmp/eq 32, L_0x563a6f3c0a30, L_0x7fb51127f258;
L_0x563a6f3c0cb0 .concat [ 3 29 0 0], v0x563a6f3a06e0_0, L_0x7fb51127f2e8;
L_0x563a6f3c0e10 .cmp/eq 32, L_0x563a6f3c0cb0, L_0x7fb51127f330;
L_0x563a6f3c0f50 .concat [ 3 29 0 0], v0x563a6f3a06e0_0, L_0x7fb51127f3c0;
L_0x563a6f3c1070 .cmp/eq 32, L_0x563a6f3c0f50, L_0x7fb51127f408;
L_0x563a6f3c11b0 .concat [ 3 29 0 0], v0x563a6f3a06e0_0, L_0x7fb51127f498;
L_0x563a6f3c1330 .cmp/eq 32, L_0x563a6f3c11b0, L_0x7fb51127f4e0;
L_0x563a6f3c1470 .concat [ 3 29 0 0], v0x563a6f3a06e0_0, L_0x7fb51127f570;
L_0x563a6f3c1600 .cmp/eq 32, L_0x563a6f3c1470, L_0x7fb51127f5b8;
L_0x563a6f3c1770 .cmp/eq 6, L_0x563a6f3c0990, L_0x7fb51127f600;
L_0x563a6f3c1510 .cmp/eq 6, L_0x563a6f3c0990, L_0x7fb51127f690;
L_0x563a6f3c1a10 .cmp/eq 6, L_0x563a6f3c0990, L_0x7fb51127f720;
L_0x563a6f3c1bd0 .cmp/eq 6, L_0x563a6f3c0990, L_0x7fb51127f7b0;
L_0x563a6f3c1d20 .cmp/eq 6, L_0x563a6f3c0990, L_0x7fb51127f840;
L_0x563a6f3c1f40 .functor MUXZ 41, L_0x7fb51127f8d0, L_0x7fb51127f888, L_0x563a6f3c1d20, C4<>;
L_0x563a6f3c2100 .functor MUXZ 41, L_0x563a6f3c1f40, L_0x7fb51127f7f8, L_0x563a6f3c1bd0, C4<>;
L_0x563a6f3c2370 .functor MUXZ 41, L_0x563a6f3c2100, L_0x7fb51127f768, L_0x563a6f3c1a10, C4<>;
L_0x563a6f3c2500 .functor MUXZ 41, L_0x563a6f3c2370, L_0x7fb51127f6d8, L_0x563a6f3c1510, C4<>;
L_0x563a6f3c2780 .functor MUXZ 41, L_0x563a6f3c2500, L_0x7fb51127f648, L_0x563a6f3c1770, C4<>;
L_0x563a6f3c2910 .cmp/eq 6, L_0x563a6f3c0990, L_0x7fb51127f918;
L_0x563a6f3c2b00 .cmp/eq 6, L_0x563a6f3c0990, L_0x7fb51127f9a8;
L_0x563a6f3c2bf0 .cmp/eq 6, L_0x563a6f3c0990, L_0x7fb51127fa38;
L_0x563a6f3c2df0 .cmp/eq 6, L_0x563a6f3c0990, L_0x7fb51127fa80;
L_0x563a6f3c2ee0 .part v0x563a6f394ef0_0, 2, 1;
L_0x563a6f3c30a0 .concat [ 1 31 0 0], L_0x563a6f3c2ee0, L_0x7fb51127fac8;
L_0x563a6f3c3190 .cmp/eq 32, L_0x563a6f3c30a0, L_0x7fb51127fb10;
L_0x563a6f3c3500 .cmp/eq 6, L_0x563a6f3c0990, L_0x7fb51127fba0;
L_0x563a6f3c35a0 .cmp/eq 6, L_0x563a6f3c0990, L_0x7fb51127fc30;
L_0x563a6f3c37d0 .cmp/eq 6, L_0x563a6f3c0990, L_0x7fb51127fcc0;
L_0x563a6f3c3920 .cmp/eq 6, L_0x563a6f3c0990, L_0x7fb51127fd50;
L_0x563a6f3c3bc0 .functor MUXZ 41, L_0x7fb51127fde0, L_0x7fb51127fd98, L_0x563a6f3c3920, C4<>;
L_0x563a6f3c3d80 .functor MUXZ 41, L_0x563a6f3c3bc0, L_0x7fb51127fd08, L_0x563a6f3c37d0, C4<>;
L_0x563a6f3c4070 .functor MUXZ 41, L_0x563a6f3c3d80, L_0x7fb51127fc78, L_0x563a6f3c35a0, C4<>;
L_0x563a6f3c4200 .functor MUXZ 41, L_0x563a6f3c4070, L_0x7fb51127fbe8, L_0x563a6f3c3500, C4<>;
L_0x563a6f3c4500 .functor MUXZ 41, L_0x563a6f3c4200, L_0x7fb51127fb58, L_0x563a6f3c3020, C4<>;
L_0x563a6f3c4690 .functor MUXZ 41, L_0x563a6f3c4500, L_0x7fb51127f9f0, L_0x563a6f3c2b00, C4<>;
L_0x563a6f3c49a0 .functor MUXZ 41, L_0x563a6f3c4690, L_0x7fb51127f960, L_0x563a6f3c2910, C4<>;
L_0x563a6f3c4b30 .functor MUXZ 41, L_0x7fb51127fe28, L_0x563a6f3c49a0, L_0x563a6f3c0200, C4<>;
L_0x563a6f3c4e50 .functor MUXZ 41, L_0x563a6f3c4b30, L_0x563a6f3c2780, L_0x563a6f3bff40, C4<>;
L_0x563a6f3c4fe0 .concat [ 3 29 0 0], v0x563a6f3a06e0_0, L_0x7fb51127fe70;
L_0x563a6f3c5270 .cmp/eq 32, L_0x563a6f3c4fe0, L_0x7fb51127feb8;
L_0x563a6f3c53b0 .cmp/eq 6, L_0x563a6f3c0990, L_0x7fb51127ff00;
L_0x563a6f3c5650 .cmp/eq 6, L_0x563a6f3c0990, L_0x7fb51127ff90;
L_0x563a6f3c5950 .cmp/eq 6, L_0x563a6f3c0990, L_0x7fb511280020;
L_0x563a6f3c5c00 .cmp/eq 6, L_0x563a6f3c0990, L_0x7fb511280068;
L_0x563a6f3c5cf0 .part v0x563a6f394ef0_0, 2, 1;
L_0x563a6f3c5f60 .concat [ 1 31 0 0], L_0x563a6f3c5cf0, L_0x7fb5112800b0;
L_0x563a6f3c60a0 .cmp/eq 32, L_0x563a6f3c5f60, L_0x7fb5112800f8;
L_0x563a6f3c6650 .cmp/eq 6, L_0x563a6f3c0990, L_0x7fb511280188;
L_0x563a6f3c6b50 .cmp/eq 6, L_0x563a6f3c0990, L_0x7fb511280218;
L_0x563a6f3c6e30 .cmp/eq 6, L_0x563a6f3c0990, L_0x7fb5112802a8;
L_0x563a6f3c6f20 .cmp/eq 6, L_0x563a6f3c0990, L_0x7fb511280338;
L_0x563a6f3c7210 .functor MUXZ 41, L_0x7fb5112803c8, L_0x7fb511280380, L_0x563a6f3c6f20, C4<>;
L_0x563a6f3c73a0 .functor MUXZ 41, L_0x563a6f3c7210, L_0x7fb5112802f0, L_0x563a6f3c6e30, C4<>;
L_0x563a6f3c7740 .functor MUXZ 41, L_0x563a6f3c73a0, L_0x7fb511280260, L_0x563a6f3c6b50, C4<>;
L_0x563a6f3c78d0 .functor MUXZ 41, L_0x563a6f3c7740, L_0x7fb5112801d0, L_0x563a6f3c6650, C4<>;
L_0x563a6f3c7c80 .functor MUXZ 41, L_0x563a6f3c78d0, L_0x7fb511280140, L_0x563a6f3c64d0, C4<>;
L_0x563a6f3c7e10 .functor MUXZ 41, L_0x563a6f3c7c80, L_0x7fb51127ffd8, L_0x563a6f3c5650, C4<>;
L_0x563a6f3c81d0 .functor MUXZ 41, L_0x563a6f3c7e10, L_0x7fb51127ff48, L_0x563a6f3c53b0, C4<>;
L_0x563a6f3c8360 .functor MUXZ 41, L_0x7fb511280410, L_0x563a6f3c81d0, L_0x563a6f3c0200, C4<>;
L_0x563a6f3c86e0 .functor MUXZ 41, L_0x7fb511280458, L_0x563a6f3c8360, L_0x563a6f3c5270, C4<>;
L_0x563a6f3c8870 .functor MUXZ 41, L_0x563a6f3c86e0, L_0x563a6f3c4e50, L_0x563a6f3c1600, C4<>;
L_0x563a6f3c8c50 .functor MUXZ 41, L_0x563a6f3c8870, L_0x7fb51127f528, L_0x563a6f3c1330, C4<>;
L_0x563a6f3c8de0 .functor MUXZ 41, L_0x563a6f3c8c50, L_0x7fb51127f450, L_0x563a6f3c1070, C4<>;
L_0x563a6f3c91d0 .functor MUXZ 41, L_0x563a6f3c8de0, L_0x7fb51127f378, L_0x563a6f3c0e10, C4<>;
L_0x563a6f3c9360 .functor MUXZ 41, L_0x563a6f3c91d0, L_0x7fb51127f2a0, L_0x563a6f3c0b80, C4<>;
L_0x563a6f3c9760 .part L_0x563a6f3c9360, 0, 16;
L_0x563a6f3c98a0 .part L_0x563a6f3c9760, 0, 1;
L_0x563a6f3c9bc0 .part L_0x563a6f3c9760, 1, 1;
L_0x563a6f3c9c60 .part L_0x563a6f3c9760, 2, 1;
L_0x563a6f3c9f90 .part L_0x563a6f3c9760, 3, 1;
L_0x563a6f3ca030 .part L_0x563a6f3c9760, 4, 1;
L_0x563a6f3ca370 .part L_0x563a6f3c9760, 5, 1;
L_0x563a6f3ca410 .part L_0x563a6f3c9760, 6, 1;
L_0x563a6f3ca760 .part L_0x563a6f3c9760, 7, 1;
L_0x563a6f3ca800 .part L_0x563a6f3c9760, 8, 1;
L_0x563a6f3cab60 .part L_0x563a6f3c9760, 9, 1;
L_0x563a6f3cac00 .part L_0x563a6f3c9760, 10, 5;
L_0x563a6f3caf70 .part L_0x563a6f3cac00, 0, 4;
L_0x563a6f3cb010 .concat [ 16 16 0 0], L_0x563a6f3c9760, L_0x7fb5112804a0;
L_0x563a6f3cb390 .cmp/eq 32, L_0x563a6f3cb010, L_0x7fb5112804e8;
S_0x563a6f3a0da0 .scope module, "ram" "memory" 2 338, 2 71 0, S_0x563a6f370e50;
 .timescale 0 0;
    .port_info 0 /INPUT 1 "clk";
    .port_info 1 /INPUT 1 "reset";
    .port_info 2 /INPUT 1 "MI";
    .port_info 3 /INPUT 1 "RI";
    .port_info 4 /INPUT 8 "write";
    .port_info 5 /OUTPUT 8 "read";
    .port_info 6 /OUTPUT 8 "mar";
P_0x563a6f3a0f60 .param/l "WIDTH" 0 2 71, +C4<00000000000000000000000000001000>;
P_0x563a6f3a0fa0 .param/l "abs" 1 2 87, +C4<00000000000000000000000000000001000000>;
P_0x563a6f3a0fe0 .param/l "adc" 1 2 101, C4<01001>;
P_0x563a6f3a1020 .param/l "adca" 1 2 106, C4<00000000000000000000000000000001001001>;
P_0x563a6f3a1060 .param/l "add" 1 2 100, C4<01000>;
P_0x563a6f3a10a0 .param/l "adda" 1 2 105, C4<00000000000000000000000000000001001000>;
P_0x563a6f3a10e0 .param/l "count" 1 2 113, +C4<00000000000000000000000000001101>;
P_0x563a6f3a1120 .param/l "first" 1 2 111, +C4<00000000000000000000000000001011>;
P_0x563a6f3a1160 .param/l "imm" 1 2 86, +C4<00000000000000000000000000000000000000>;
P_0x563a6f3a11a0 .param/l "jump" 1 2 95, C4<00000000000000000000000000000001000100>;
P_0x563a6f3a11e0 .param/l "jumpc" 1 2 97, C4<00000000000000000000000000000001000110>;
P_0x563a6f3a1220 .param/l "jumpn" 1 2 98, C4<00000000000000000000000000000001000111>;
P_0x563a6f3a1260 .param/l "jumpz" 1 2 96, C4<00000000000000000000000000000001000101>;
P_0x563a6f3a12a0 .param/l "loada" 1 2 91, C4<00000000000000000000000000000001000001>;
P_0x563a6f3a12e0 .param/l "loadi" 1 2 90, C4<00001>;
P_0x563a6f3a1320 .param/l "off" 1 2 88, +C4<00000000000000000000000000000010000000>;
P_0x563a6f3a1360 .param/l "sbb" 1 2 102, C4<01010>;
P_0x563a6f3a13a0 .param/l "sbba" 1 2 107, C4<00000000000000000000000000000001001010>;
P_0x563a6f3a13e0 .param/l "second" 1 2 112, +C4<00000000000000000000000000001100>;
P_0x563a6f3a1420 .param/l "store" 1 2 93, C4<00000000000000000000000000000001000010>;
P_0x563a6f3a1460 .param/l "sub" 1 2 103, C4<01011>;
P_0x563a6f3a14a0 .param/l "suba" 1 2 108, C4<00000000000000000000000000000001001011>;
P_0x563a6f3a14e0 .param/l "tmp" 1 2 110, +C4<00000000000000000000000000001010>;
L_0x563a6f373720 .functor BUFZ 8, v0x563a6f3a2970_0, C4<00000000>, C4<00000000>, C4<00000000>;
L_0x563a6f33ccd0 .functor BUFZ 8, L_0x563a6f3bf940, C4<00000000>, C4<00000000>, C4<00000000>;
v0x563a6f3a2b30_11 .array/port v0x563a6f3a2b30, 11;
L_0x563a6f3bfbc0 .functor BUFZ 8, v0x563a6f3a2b30_11, C4<00000000>, C4<00000000>, C4<00000000>;
v0x563a6f3a1600_0 .net "MI", 0 0, L_0x563a6f3ca030;  alias, 1 drivers
v0x563a6f3a2170_0 .net "RI", 0 0, L_0x563a6f3ca370;  alias, 1 drivers
v0x563a6f3a2240_0 .net *"_ivl_2", 7 0, L_0x563a6f3bf940;  1 drivers
v0x563a6f3a2310_0 .net *"_ivl_4", 9 0, L_0x563a6f3bf9e0;  1 drivers
L_0x7fb51127f1c8 .functor BUFT 1, C4<00>, C4<0>, C4<0>, C4<0>;
v0x563a6f3a23d0_0 .net *"_ivl_7", 1 0, L_0x7fb51127f1c8;  1 drivers
v0x563a6f3a2500_0 .net "clk", 0 0, v0x563a6f3a78c0_0;  alias, 1 drivers
v0x563a6f3a25f0_0 .net "display", 7 0, L_0x563a6f3bfbc0;  1 drivers
v0x563a6f3a26d0_0 .var/i "finish", 31 0;
v0x563a6f3a27b0_0 .var/i "i", 31 0;
v0x563a6f3a2890_0 .net "mar", 7 0, L_0x563a6f373720;  alias, 1 drivers
v0x563a6f3a2970_0 .var "mem_addr_reg", 7 0;
v0x563a6f3a2a50_0 .var/i "org", 31 0;
v0x563a6f3a2b30 .array "ram", 0 255, 7 0;
v0x563a6f3a5400_0 .net "read", 7 0, L_0x563a6f33ccd0;  alias, 1 drivers
v0x563a6f3a54c0_0 .net "reset", 0 0, v0x563a6f3a7a20_0;  alias, 1 drivers
v0x563a6f3a5560_0 .var/i "start", 31 0;
v0x563a6f3a5620_0 .net "write", 7 0, L_0x563a6f3bf7b0;  alias, 1 drivers
E_0x563a6f375dd0 .event posedge, v0x563a6f394fd0_0, v0x563a6f394c70_0;
L_0x563a6f3bf940 .array/port v0x563a6f3a2b30, L_0x563a6f3bf9e0;
L_0x563a6f3bf9e0 .concat [ 8 2 0 0], v0x563a6f3a2970_0, L_0x7fb51127f1c8;
S_0x563a6f3a5820 .scope module, "rega_mux" "sync_mux_2x1" 2 335, 2 51 0, S_0x563a6f370e50;
 .timescale 0 0;
    .port_info 0 /INPUT 1 "clk";
    .port_info 1 /INPUT 1 "reset";
    .port_info 2 /INPUT 1 "sel";
    .port_info 3 /INPUT 1 "enable";
    .port_info 4 /INPUT 8 "in0";
    .port_info 5 /INPUT 8 "in1";
    .port_info 6 /OUTPUT 8 "out";
P_0x563a6f3a5a00 .param/l "WIDTH" 0 2 51, +C4<00000000000000000000000000001000>;
v0x563a6f3a5b50_0 .net "clk", 0 0, v0x563a6f3a78c0_0;  alias, 1 drivers
v0x563a6f3a5c10_0 .net "enable", 0 0, L_0x563a6f3c98a0;  alias, 1 drivers
v0x563a6f3a5cd0_0 .net "in0", 7 0, L_0x563a6f33ccd0;  alias, 1 drivers
v0x563a6f3a5df0_0 .net "in1", 7 0, L_0x563a6f3bf7b0;  alias, 1 drivers
v0x563a6f3a5e90_0 .var "out", 7 0;
v0x563a6f3a5f80_0 .net "reset", 0 0, v0x563a6f3a7a20_0;  alias, 1 drivers
v0x563a6f3a6020_0 .net "sel", 0 0, L_0x563a6f3c9bc0;  alias, 1 drivers
    .scope S_0x563a6f340630;
T_0 ;
    %wait E_0x563a6f2e9c20;
    %load/vec4 v0x563a6f394fd0_0;
    %pad/u 32;
    %cmpi/e 1, 0, 32;
    %jmp/0xz  T_0.0, 4;
    %pushi/vec4 0, 0, 4;
    %assign/vec4 v0x563a6f394ef0_0, 0;
    %jmp T_0.1;
T_0.0 ;
    %load/vec4 v0x563a6f3941a0_0;
    %pad/u 32;
    %cmpi/e 1, 0, 32;
    %jmp/0xz  T_0.2, 4;
    %load/vec4 v0x563a6f395090_0;
    %parti/s 1, 8, 5;
    %ix/load 4, 0, 0;
    %ix/load 5, 0, 0;
    %flag_set/imm 4, 0;
    %assign/vec4/off/d v0x563a6f394ef0_0, 4, 5;
    %load/vec4 v0x563a6f393f20_0;
    %parti/s 1, 7, 4;
    %ix/load 4, 1, 0;
    %ix/load 5, 0, 0;
    %flag_set/imm 4, 0;
    %assign/vec4/off/d v0x563a6f394ef0_0, 4, 5;
    %load/vec4 v0x563a6f393f20_0;
    %pad/u 32;
    %cmpi/e 0, 0, 32;
    %flag_mov 8, 4;
    %jmp/0 T_0.4, 8;
    %pushi/vec4 1, 0, 2;
    %jmp/1 T_0.5, 8;
T_0.4 ; End of true expr.
    %pushi/vec4 0, 0, 2;
    %jmp/0 T_0.5, 8;
 ; End of false expr.
    %blend;
T_0.5;
    %pad/s 1;
    %ix/load 4, 2, 0;
    %ix/load 5, 0, 0;
    %flag_set/imm 4, 0;
    %assign/vec4/off/d v0x563a6f394ef0_0, 4, 5;
    %pushi/vec4 0, 0, 1;
    %ix/load 4, 3, 0;
    %ix/load 5, 0, 0;
    %flag_set/imm 4, 0;
    %assign/vec4/off/d v0x563a6f394ef0_0, 4, 5;
T_0.2 ;
T_0.1 ;
    %jmp T_0;
    .thread T_0;
    .scope S_0x563a6f3a5820;
T_1 ;
    %wait E_0x563a6f375dd0;
    %load/vec4 v0x563a6f3a5f80_0;
    %pad/u 32;
    %cmpi/e 1, 0, 32;
    %jmp/0xz  T_1.0, 4;
    %pushi/vec4 0, 0, 8;
    %store/vec4 v0x563a6f3a5e90_0, 0, 8;
    %jmp T_1.1;
T_1.0 ;
    %load/vec4 v0x563a6f3a5c10_0;
    %flag_set/vec4 8;
    %jmp/0xz  T_1.2, 8;
    %load/vec4 v0x563a6f3a6020_0;
    %pad/u 32;
    %cmpi/e 1, 0, 32;
    %jmp/0xz  T_1.4, 4;
    %load/vec4 v0x563a6f3a5df0_0;
    %store/vec4 v0x563a6f3a5e90_0, 0, 8;
    %jmp T_1.5;
T_1.4 ;
    %load/vec4 v0x563a6f3a5cd0_0;
    %store/vec4 v0x563a6f3a5e90_0, 0, 8;
T_1.5 ;
T_1.2 ;
T_1.1 ;
    %jmp T_1;
    .thread T_1;
    .scope S_0x563a6f3a0da0;
T_2 ;
    %wait E_0x563a6f375dd0;
    %load/vec4 v0x563a6f3a54c0_0;
    %pad/u 32;
    %cmpi/e 1, 0, 32;
    %jmp/0xz  T_2.0, 4;
    %pushi/vec4 100, 0, 32;
    %store/vec4 v0x563a6f3a5560_0, 0, 32;
    %pushi/vec4 200, 0, 32;
    %store/vec4 v0x563a6f3a26d0_0, 0, 32;
    %pushi/vec4 0, 0, 8;
    %assign/vec4 v0x563a6f3a2970_0, 0;
    %pushi/vec4 0, 0, 32;
    %store/vec4 v0x563a6f3a27b0_0, 0, 32;
T_2.2 ;
    %load/vec4 v0x563a6f3a27b0_0;
    %cmpi/s 128, 0, 32;
    %jmp/0xz T_2.3, 5;
    %pushi/vec4 0, 0, 8;
    %ix/getv/s 4, v0x563a6f3a27b0_0;
    %store/vec4a v0x563a6f3a2b30, 4, 0;
    ; show_stmt_assign_vector: Get l-value for compressed += operand
    %load/vec4 v0x563a6f3a27b0_0;
    %pushi/vec4 1, 0, 32;
    %add;
    %store/vec4 v0x563a6f3a27b0_0, 0, 32;
    %jmp T_2.2;
T_2.3 ;
    %load/vec4 v0x563a6f3a5560_0;
    %store/vec4 v0x563a6f3a2a50_0, 0, 32;
    %load/vec4 v0x563a6f3a2a50_0;
    %subi 1, 0, 32;
    %pad/s 8;
    %ix/load 4, 0, 0;
    %flag_set/imm 4, 0;
    %store/vec4a v0x563a6f3a2b30, 4, 0;
    %pushi/vec4 0, 0, 8;
    %ix/load 4, 11, 0;
    %flag_set/imm 4, 0;
    %store/vec4a v0x563a6f3a2b30, 4, 0;
    %pushi/vec4 1, 0, 8;
    %ix/load 4, 12, 0;
    %flag_set/imm 4, 0;
    %store/vec4a v0x563a6f3a2b30, 4, 0;
    %pushi/vec4 5, 0, 8;
    %ix/load 4, 13, 0;
    %flag_set/imm 4, 0;
    %store/vec4a v0x563a6f3a2b30, 4, 0;
    %load/vec4 v0x563a6f3a2a50_0;
    %dup/vec4;
    %pushi/vec4 1, 0, 32;
    %add;
    %store/vec4 v0x563a6f3a2a50_0, 0, 32;
    %store/vec4 v0x563a6f3a5560_0, 0, 32;
    %pushi/vec4 65, 0, 8;
    %ix/getv/s 4, v0x563a6f3a5560_0;
    %store/vec4a v0x563a6f3a2b30, 4, 0;
    %pushi/vec4 13, 0, 8;
    %load/vec4 v0x563a6f3a2a50_0;
    %dup/vec4;
    %pushi/vec4 1, 0, 32;
    %add;
    %store/vec4 v0x563a6f3a2a50_0, 0, 32;
    %ix/vec4/s 4;
    %store/vec4a v0x563a6f3a2b30, 4, 0;
    %pushi/vec4 10, 0, 8;
    %load/vec4 v0x563a6f3a2a50_0;
    %dup/vec4;
    %pushi/vec4 1, 0, 32;
    %add;
    %store/vec4 v0x563a6f3a2a50_0, 0, 32;
    %ix/vec4/s 4;
    %store/vec4a v0x563a6f3a2b30, 4, 0;
    %pushi/vec4 0, 0, 8;
    %load/vec4 v0x563a6f3a2a50_0;
    %dup/vec4;
    %pushi/vec4 1, 0, 32;
    %add;
    %store/vec4 v0x563a6f3a2a50_0, 0, 32;
    %ix/vec4/s 4;
    %store/vec4a v0x563a6f3a2b30, 4, 0;
    %pushi/vec4 66, 0, 8;
    %load/vec4 v0x563a6f3a2a50_0;
    %dup/vec4;
    %pushi/vec4 1, 0, 32;
    %add;
    %store/vec4 v0x563a6f3a2a50_0, 0, 32;
    %ix/vec4/s 4;
    %store/vec4a v0x563a6f3a2b30, 4, 0;
    %pushi/vec4 13, 0, 8;
    %load/vec4 v0x563a6f3a2a50_0;
    %dup/vec4;
    %pushi/vec4 1, 0, 32;
    %add;
    %store/vec4 v0x563a6f3a2a50_0, 0, 32;
    %ix/vec4/s 4;
    %store/vec4a v0x563a6f3a2b30, 4, 0;
    %pushi/vec4 69, 0, 8;
    %load/vec4 v0x563a6f3a2a50_0;
    %dup/vec4;
    %pushi/vec4 1, 0, 32;
    %add;
    %store/vec4 v0x563a6f3a2a50_0, 0, 32;
    %ix/vec4/s 4;
    %store/vec4a v0x563a6f3a2b30, 4, 0;
    %load/vec4 v0x563a6f3a26d0_0;
    %subi 1, 0, 32;
    %pad/s 8;
    %load/vec4 v0x563a6f3a2a50_0;
    %dup/vec4;
    %pushi/vec4 1, 0, 32;
    %add;
    %store/vec4 v0x563a6f3a2a50_0, 0, 32;
    %ix/vec4/s 4;
    %store/vec4a v0x563a6f3a2b30, 4, 0;
    %pushi/vec4 65, 0, 8;
    %load/vec4 v0x563a6f3a2a50_0;
    %dup/vec4;
    %pushi/vec4 1, 0, 32;
    %add;
    %store/vec4 v0x563a6f3a2a50_0, 0, 32;
    %ix/vec4/s 4;
    %store/vec4a v0x563a6f3a2b30, 4, 0;
    %pushi/vec4 12, 0, 8;
    %load/vec4 v0x563a6f3a2a50_0;
    %dup/vec4;
    %pushi/vec4 1, 0, 32;
    %add;
    %store/vec4 v0x563a6f3a2a50_0, 0, 32;
    %ix/vec4/s 4;
    %store/vec4a v0x563a6f3a2b30, 4, 0;
    %pushi/vec4 66, 0, 8;
    %load/vec4 v0x563a6f3a2a50_0;
    %dup/vec4;
    %pushi/vec4 1, 0, 32;
    %add;
    %store/vec4 v0x563a6f3a2a50_0, 0, 32;
    %ix/vec4/s 4;
    %store/vec4a v0x563a6f3a2b30, 4, 0;
    %pushi/vec4 10, 0, 8;
    %load/vec4 v0x563a6f3a2a50_0;
    %dup/vec4;
    %pushi/vec4 1, 0, 32;
    %add;
    %store/vec4 v0x563a6f3a2a50_0, 0, 32;
    %ix/vec4/s 4;
    %store/vec4a v0x563a6f3a2b30, 4, 0;
    %pushi/vec4 72, 0, 8;
    %load/vec4 v0x563a6f3a2a50_0;
    %dup/vec4;
    %pushi/vec4 1, 0, 32;
    %add;
    %store/vec4 v0x563a6f3a2a50_0, 0, 32;
    %ix/vec4/s 4;
    %store/vec4a v0x563a6f3a2b30, 4, 0;
    %pushi/vec4 11, 0, 8;
    %load/vec4 v0x563a6f3a2a50_0;
    %dup/vec4;
    %pushi/vec4 1, 0, 32;
    %add;
    %store/vec4 v0x563a6f3a2a50_0, 0, 32;
    %ix/vec4/s 4;
    %store/vec4a v0x563a6f3a2b30, 4, 0;
    %pushi/vec4 66, 0, 8;
    %load/vec4 v0x563a6f3a2a50_0;
    %dup/vec4;
    %pushi/vec4 1, 0, 32;
    %add;
    %store/vec4 v0x563a6f3a2a50_0, 0, 32;
    %ix/vec4/s 4;
    %store/vec4a v0x563a6f3a2b30, 4, 0;
    %pushi/vec4 12, 0, 8;
    %load/vec4 v0x563a6f3a2a50_0;
    %dup/vec4;
    %pushi/vec4 1, 0, 32;
    %add;
    %store/vec4 v0x563a6f3a2a50_0, 0, 32;
    %ix/vec4/s 4;
    %store/vec4a v0x563a6f3a2b30, 4, 0;
    %pushi/vec4 65, 0, 8;
    %load/vec4 v0x563a6f3a2a50_0;
    %dup/vec4;
    %pushi/vec4 1, 0, 32;
    %add;
    %store/vec4 v0x563a6f3a2a50_0, 0, 32;
    %ix/vec4/s 4;
    %store/vec4a v0x563a6f3a2b30, 4, 0;
    %pushi/vec4 10, 0, 8;
    %load/vec4 v0x563a6f3a2a50_0;
    %dup/vec4;
    %pushi/vec4 1, 0, 32;
    %add;
    %store/vec4 v0x563a6f3a2a50_0, 0, 32;
    %ix/vec4/s 4;
    %store/vec4a v0x563a6f3a2b30, 4, 0;
    %pushi/vec4 66, 0, 8;
    %load/vec4 v0x563a6f3a2a50_0;
    %dup/vec4;
    %pushi/vec4 1, 0, 32;
    %add;
    %store/vec4 v0x563a6f3a2a50_0, 0, 32;
    %ix/vec4/s 4;
    %store/vec4a v0x563a6f3a2b30, 4, 0;
    %pushi/vec4 11, 0, 8;
    %load/vec4 v0x563a6f3a2a50_0;
    %dup/vec4;
    %pushi/vec4 1, 0, 32;
    %add;
    %store/vec4 v0x563a6f3a2a50_0, 0, 32;
    %ix/vec4/s 4;
    %store/vec4a v0x563a6f3a2b30, 4, 0;
    %pushi/vec4 68, 0, 8;
    %load/vec4 v0x563a6f3a2a50_0;
    %dup/vec4;
    %pushi/vec4 1, 0, 32;
    %add;
    %store/vec4 v0x563a6f3a2a50_0, 0, 32;
    %ix/vec4/s 4;
    %store/vec4a v0x563a6f3a2b30, 4, 0;
    %load/vec4 v0x563a6f3a5560_0;
    %subi 1, 0, 32;
    %pad/s 8;
    %load/vec4 v0x563a6f3a2a50_0;
    %dup/vec4;
    %pushi/vec4 1, 0, 32;
    %add;
    %store/vec4 v0x563a6f3a2a50_0, 0, 32;
    %ix/vec4/s 4;
    %store/vec4a v0x563a6f3a2b30, 4, 0;
    %pushi/vec4 255, 0, 8;
    %ix/getv/s 4, v0x563a6f3a26d0_0;
    %store/vec4a v0x563a6f3a2b30, 4, 0;
    %jmp T_2.1;
T_2.0 ;
    %load/vec4 v0x563a6f3a1600_0;
    %pad/u 32;
    %cmpi/e 1, 0, 32;
    %jmp/0xz  T_2.4, 4;
    %load/vec4 v0x563a6f3a5620_0;
    %assign/vec4 v0x563a6f3a2970_0, 0;
T_2.4 ;
    %load/vec4 v0x563a6f3a2170_0;
    %pad/u 32;
    %cmpi/e 1, 0, 32;
    %jmp/0xz  T_2.6, 4;
    %load/vec4 v0x563a6f3a5620_0;
    %load/vec4 v0x563a6f3a2970_0;
    %pad/u 10;
    %ix/vec4 3;
    %ix/load 4, 0, 0; Constant delay
    %assign/vec4/a/d v0x563a6f3a2b30, 0, 4;
T_2.6 ;
T_2.1 ;
    %jmp T_2;
    .thread T_2;
    .scope S_0x563a6f395330;
T_3 ;
    %wait E_0x563a6f2d42c0;
    %load/vec4 v0x563a6f3a0af0_0;
    %pad/u 32;
    %cmpi/e 1, 0, 32;
    %jmp/0xz  T_3.0, 4;
    %pushi/vec4 0, 0, 3;
    %assign/vec4 v0x563a6f3a06e0_0, 0;
    %jmp T_3.1;
T_3.0 ;
    %load/vec4 v0x563a6f3a06e0_0;
    %addi 1, 0, 3;
    %assign/vec4 v0x563a6f3a06e0_0, 0;
T_3.1 ;
    %jmp T_3;
    .thread T_3;
    .scope S_0x563a6f395330;
T_4 ;
    %wait E_0x563a6f2eb2e0;
    %pushi/vec4 0, 0, 3;
    %assign/vec4 v0x563a6f3a06e0_0, 0;
    %jmp T_4;
    .thread T_4, $push;
    .scope S_0x563a6f370e50;
T_5 ;
    %wait E_0x563a6f2e9c20;
    %load/vec4 v0x563a6f3a7710_0;
    %pad/u 32;
    %cmpi/e 1, 0, 32;
    %jmp/0xz  T_5.0, 4;
    %pushi/vec4 0, 0, 8;
    %assign/vec4 v0x563a6f3a7340_0, 0;
    %jmp T_5.1;
T_5.0 ;
    %load/vec4 v0x563a6f3a6560_0;
    %pad/u 32;
    %cmpi/e 1, 0, 32;
    %jmp/0xz  T_5.2, 4;
    %load/vec4 v0x563a6f3a7540_0;
    %assign/vec4 v0x563a6f3a7340_0, 0;
T_5.2 ;
T_5.1 ;
    %jmp T_5;
    .thread T_5;
    .scope S_0x563a6f2e1200;
T_6 ;
    %pushi/vec4 0, 0, 1;
    %store/vec4 v0x563a6f3a78c0_0, 0, 1;
    %pushi/vec4 1, 0, 1;
    %store/vec4 v0x563a6f3a7a20_0, 0, 1;
T_6.0 ;
    %delay 1, 0;
    %load/vec4 v0x563a6f3a78c0_0;
    %inv;
    %store/vec4 v0x563a6f3a78c0_0, 0, 1;
    %load/vec4 v0x563a6f3a7a20_0;
    %pad/u 32;
    %pushi/vec4 1, 0, 32;
    %cmp/e;
    %flag_get/vec4 4;
    %load/vec4 v0x563a6f3a78c0_0;
    %and;
    %flag_set/vec4 8;
    %jmp/0xz  T_6.1, 8;
    %pushi/vec4 0, 0, 1;
    %store/vec4 v0x563a6f3a7a20_0, 0, 1;
T_6.1 ;
    %jmp T_6.0;
    %end;
    .thread T_6;
    .scope S_0x563a6f2e1200;
T_7 ;
    %load/vec4 v0x563a6f3a7960_0;
    %cmpi/e 1, 1, 1;
    %jmp/0xz  T_7.0, 4;
    %vpi_call 2 374 "$finish" {0 0 0};
T_7.0 ;
    %end;
    .thread T_7;
    .scope S_0x563a6f2e1200;
T_8 ;
    %vpi_call 2 378 "$dumpfile", "testbench.vcd" {0 0 0};
    %vpi_call 2 379 "$dumpvars", 32'sb00000000000000000000000000000000, S_0x563a6f2e1200 {0 0 0};
    %vpi_call 2 382 "$monitor", $time, ":\011clk=%B | reset=%B | halt=%B", v0x563a6f3a78c0_0, v0x563a6f3a7a20_0, v0x563a6f3a7960_0 {0 0 0};
    %delay 2000, 0;
    %vpi_call 2 405 "$finish" {0 0 0};
    %end;
    .thread T_8;
# The file index is used to find the file name in the following table.
:file_names 3;
    "N/A";
    "<interactive>";
    "tiny.sv";
