#! /usr/bin/vvp
:ivl_version "12.0 (stable)" "(v12_0-dirty)";
:ivl_delay_selection "TYPICAL";
:vpi_time_precision + 0;
:vpi_module "/usr/lib/ivl/system.vpi";
:vpi_module "/usr/lib/ivl/vhdl_sys.vpi";
:vpi_module "/usr/lib/ivl/vhdl_textio.vpi";
:vpi_module "/usr/lib/ivl/v2005_math.vpi";
:vpi_module "/usr/lib/ivl/va_math.vpi";
S_0x562479a9c2e0 .scope module, "testbench" "testbench" 2 3;
 .timescale 0 0;
v0x562479b63af0_0 .var "clk", 0 0;
v0x562479b63b90_0 .net "halt", 0 0, v0x562479b634d0_0;  1 drivers
v0x562479b63c50_0 .var "reset", 0 0;
S_0x562479b2c500 .scope module, "tiny" "processor" 2 8, 3 306 0, S_0x562479a9c2e0;
 .timescale 0 0;
    .port_info 0 /INPUT 1 "clk";
    .port_info 1 /INPUT 1 "reset";
    .port_info 2 /OUTPUT 1 "halt";
P_0x562479aa3a90 .param/l "WIDTH" 0 3 306, +C4<00000000000000000000000000001000>;
L_0x562479b877f0 .functor AND 1, v0x562479b63af0_0, L_0x562479b87700, C4<1>, C4<1>;
v0x562479b62240_0 .net "AI", 0 0, L_0x562479b85ad0;  1 drivers
v0x562479b62350_0 .net "AS", 0 0, L_0x562479b85df0;  1 drivers
v0x562479b62460_0 .net "C_in", 0 0, L_0x562479b86990;  1 drivers
v0x562479b62550_0 .net "ES", 0 0, L_0x562479b86640;  1 drivers
v0x562479b625f0_0 .net "II", 0 0, L_0x562479b86d90;  1 drivers
v0x562479b626e0_0 .net "L", 3 0, L_0x562479b871a0;  1 drivers
v0x562479b627d0_0 .net "LS", 0 0, L_0x562479b86a30;  1 drivers
v0x562479b628c0_0 .net "MI", 0 0, L_0x562479b86260;  1 drivers
v0x562479b629b0_0 .net "PI", 0 0, L_0x562479b85e90;  1 drivers
v0x562479b62a50_0 .net "PS", 0 0, L_0x562479b861c0;  1 drivers
v0x562479b62b40_0 .net "RI", 0 0, L_0x562479b865a0;  1 drivers
v0x562479b62c30_0 .net *"_ivl_0", 7 0, L_0x562479b7b8f0;  1 drivers
L_0x7f6419c93530 .functor BUFT 1, C4<11111111>, C4<0>, C4<0>, C4<0>;
v0x562479b62cd0_0 .net/2u *"_ivl_10", 7 0, L_0x7f6419c93530;  1 drivers
v0x562479b62d90_0 .net *"_ivl_12", 0 0, L_0x562479b87700;  1 drivers
v0x562479b62e50_0 .net *"_ivl_14", 0 0, L_0x562479b877f0;  1 drivers
L_0x7f6419c92180 .functor BUFT 1, C4<0000>, C4<0>, C4<0>, C4<0>;
v0x562479b62f30_0 .net *"_ivl_3", 3 0, L_0x7f6419c92180;  1 drivers
v0x562479b63010_0 .net "accumulator_bus", 7 0, v0x562479b61f20_0;  1 drivers
v0x562479b63230_0 .net "alu_out_bus", 7 0, L_0x562479b7b5a0;  1 drivers
v0x562479b632f0_0 .net "clk", 0 0, v0x562479b63af0_0;  1 drivers
v0x562479b63390_0 .net "counter", 2 0, v0x562479b5c730_0;  1 drivers
v0x562479b63430_0 .net "decode", 15 0, L_0x562479b85990;  1 drivers
v0x562479b634d0_0 .var "halt", 0 0;
v0x562479b63570_0 .var "inst", 7 0;
v0x562479b63630_0 .net "mar", 7 0, L_0x562479b2e980;  1 drivers
v0x562479b636d0_0 .net "psr_bus", 3 0, v0x562479b50f40_0;  1 drivers
v0x562479b63770_0 .net "ram_read_bus", 7 0, L_0x562479af8380;  1 drivers
v0x562479b63830_0 .net "ram_write_bus", 7 0, L_0x562479b7b9e0;  1 drivers
v0x562479b63940_0 .net "reset", 0 0, v0x562479b63c50_0;  1 drivers
E_0x562479aa7a00 .event posedge, L_0x562479b877f0;
L_0x562479b7b8f0 .concat [ 4 4 0 0], v0x562479b50f40_0, L_0x7f6419c92180;
L_0x562479b7b9e0 .functor MUXZ 8, L_0x562479b7b5a0, L_0x562479b7b8f0, L_0x562479b86640, C4<>;
L_0x562479b87700 .cmp/eq 8, v0x562479b63570_0, L_0x7f6419c93530;
S_0x562479afbce0 .scope module, "alu" "alu16" 3 329, 3 3 0, S_0x562479b2c500;
 .timescale 0 0;
    .port_info 0 /INPUT 1 "clk";
    .port_info 1 /INPUT 1 "reset";
    .port_info 2 /INPUT 8 "A";
    .port_info 3 /INPUT 8 "B";
    .port_info 4 /OUTPUT 8 "E";
    .port_info 5 /INPUT 4 "L";
    .port_info 6 /INPUT 1 "LS";
    .port_info 7 /INPUT 1 "Cn";
    .port_info 8 /INPUT 1 "PI";
    .port_info 9 /INPUT 1 "PS";
    .port_info 10 /OUTPUT 4 "psr";
P_0x562479b04020 .param/l "WIDTH" 0 3 3, +C4<00000000000000000000000000001000>;
L_0x7f6419c920f0 .functor BUFT 1, C4<000000001>, C4<0>, C4<0>, C4<0>;
L_0x562479b64d60 .functor AND 9, L_0x7f6419c920f0, L_0x562479b7b080, C4<111111111>, C4<111111111>;
v0x562479b4fcf0_0 .net "A", 7 0, v0x562479b61f20_0;  alias, 1 drivers
v0x562479b4fdf0_0 .net "B", 7 0, L_0x562479af8380;  alias, 1 drivers
v0x562479b4fed0_0 .net "Cn", 0 0, L_0x562479b86990;  alias, 1 drivers
v0x562479b4ff70_0 .net "E", 7 0, L_0x562479b7b5a0;  alias, 1 drivers
v0x562479b50050_0 .net "L", 3 0, L_0x562479b871a0;  alias, 1 drivers
v0x562479b50130_0 .net "LS", 0 0, L_0x562479b86a30;  alias, 1 drivers
v0x562479b501f0_0 .net "PI", 0 0, L_0x562479b85e90;  alias, 1 drivers
v0x562479b502b0_0 .net "PS", 0 0, L_0x562479b861c0;  alias, 1 drivers
L_0x7f6419c92018 .functor BUFT 1, C4<00000000>, C4<0>, C4<0>, C4<0>;
v0x562479b50370_0 .net/2u *"_ivl_73", 7 0, L_0x7f6419c92018;  1 drivers
L_0x7f6419c92060 .functor BUFT 1, C4<0>, C4<0>, C4<0>, C4<0>;
v0x562479b504e0_0 .net/2u *"_ivl_77", 0 0, L_0x7f6419c92060;  1 drivers
v0x562479b505c0_0 .net *"_ivl_79", 8 0, L_0x562479b6aac0;  1 drivers
L_0x7f6419c920a8 .functor BUFT 1, C4<0>, C4<0>, C4<0>, C4<0>;
v0x562479b506a0_0 .net/2u *"_ivl_81", 0 0, L_0x7f6419c920a8;  1 drivers
v0x562479b50780_0 .net *"_ivl_83", 8 0, L_0x562479b6ac00;  1 drivers
v0x562479b50860_0 .net *"_ivl_85", 8 0, L_0x562479b6af30;  1 drivers
v0x562479b50940_0 .net/2u *"_ivl_87", 8 0, L_0x7f6419c920f0;  1 drivers
v0x562479b50a20_0 .net *"_ivl_89", 8 0, L_0x562479b7b080;  1 drivers
L_0x7f6419c92138 .functor BUFT 1, C4<00000000>, C4<0>, C4<0>, C4<0>;
v0x562479b50b00_0 .net *"_ivl_92", 7 0, L_0x7f6419c92138;  1 drivers
v0x562479b50be0_0 .net *"_ivl_93", 8 0, L_0x562479b64d60;  1 drivers
v0x562479b50cc0_0 .net "clk", 0 0, v0x562479b63af0_0;  alias, 1 drivers
v0x562479b50d80_0 .net "lA", 7 0, L_0x562479b6a7f0;  1 drivers
v0x562479b50e60_0 .net "lB", 7 0, L_0x562479b69490;  1 drivers
v0x562479b50f40_0 .var "psr", 3 0;
v0x562479b51020_0 .net "reset", 0 0, v0x562479b63c50_0;  alias, 1 drivers
v0x562479b510e0_0 .net "tE", 8 0, L_0x562479b7b460;  1 drivers
E_0x562479aa8fa0/0 .event negedge, v0x562479b51020_0;
E_0x562479aa8fa0/1 .event posedge, v0x562479b50cc0_0;
E_0x562479aa8fa0 .event/or E_0x562479aa8fa0/0, E_0x562479aa8fa0/1;
L_0x562479b63cf0 .part v0x562479b61f20_0, 0, 1;
L_0x562479b63d90 .part L_0x562479af8380, 0, 1;
L_0x562479b63ec0 .part L_0x562479b871a0, 3, 1;
L_0x562479b63f60 .part L_0x562479b871a0, 2, 1;
L_0x562479b641c0 .part L_0x562479af8380, 0, 1;
L_0x562479b64260 .part L_0x562479b871a0, 1, 1;
L_0x562479b64340 .part L_0x562479b871a0, 0, 1;
L_0x562479b64700 .part v0x562479b61f20_0, 1, 1;
L_0x562479b64880 .part L_0x562479af8380, 1, 1;
L_0x562479b64920 .part L_0x562479b871a0, 3, 1;
L_0x562479b64a20 .part L_0x562479b871a0, 2, 1;
L_0x562479b64cc0 .part L_0x562479af8380, 1, 1;
L_0x562479b64dd0 .part L_0x562479b871a0, 1, 1;
L_0x562479b64e70 .part L_0x562479b871a0, 0, 1;
L_0x562479b652e0 .part v0x562479b61f20_0, 2, 1;
L_0x562479b65380 .part L_0x562479af8380, 2, 1;
L_0x562479b655c0 .part L_0x562479b871a0, 3, 1;
L_0x562479b65660 .part L_0x562479b871a0, 2, 1;
L_0x562479b65930 .part L_0x562479af8380, 2, 1;
L_0x562479b659d0 .part L_0x562479b871a0, 1, 1;
L_0x562479b65700 .part L_0x562479b871a0, 0, 1;
L_0x562479b65e70 .part v0x562479b61f20_0, 3, 1;
L_0x562479b65fd0 .part L_0x562479af8380, 3, 1;
L_0x562479b66070 .part L_0x562479b871a0, 3, 1;
L_0x562479b661e0 .part L_0x562479b871a0, 2, 1;
L_0x562479b66410 .part L_0x562479af8380, 3, 1;
L_0x562479b66590 .part L_0x562479b871a0, 1, 1;
L_0x562479b66630 .part L_0x562479b871a0, 0, 1;
L_0x562479b66b10 .part v0x562479b61f20_0, 4, 1;
L_0x562479b66bb0 .part L_0x562479af8380, 4, 1;
L_0x562479b66d50 .part L_0x562479b871a0, 3, 1;
L_0x562479b66df0 .part L_0x562479b871a0, 2, 1;
L_0x562479b67130 .part L_0x562479af8380, 4, 1;
L_0x562479b671d0 .part L_0x562479b871a0, 1, 1;
L_0x562479b67390 .part L_0x562479b871a0, 0, 1;
L_0x562479b67780 .part v0x562479b61f20_0, 5, 1;
L_0x562479b67270 .part L_0x562479af8380, 5, 1;
L_0x562479b67950 .part L_0x562479b871a0, 3, 1;
L_0x562479b67b30 .part L_0x562479b871a0, 2, 1;
L_0x562479b67d10 .part L_0x562479af8380, 5, 1;
L_0x562479b67f00 .part L_0x562479b871a0, 1, 1;
L_0x562479b67fa0 .part L_0x562479b871a0, 0, 1;
L_0x562479b684c0 .part v0x562479b61f20_0, 6, 1;
L_0x562479b68560 .part L_0x562479af8380, 6, 1;
L_0x562479b68980 .part L_0x562479b871a0, 3, 1;
L_0x562479b68a20 .part L_0x562479b871a0, 2, 1;
L_0x562479b68dd0 .part L_0x562479af8380, 6, 1;
L_0x562479b68e70 .part L_0x562479b871a0, 1, 1;
L_0x562479b690a0 .part L_0x562479b871a0, 0, 1;
LS_0x562479b69490_0_0 .concat8 [ 1 1 1 1], L_0x562479b64570, L_0x562479b65150, L_0x562479b65ce0, L_0x562479b66980;
LS_0x562479b69490_0_4 .concat8 [ 1 1 1 1], L_0x562479b675f0, L_0x562479b68330, L_0x562479b69300, L_0x562479b6a610;
L_0x562479b69490 .concat8 [ 4 4 0 0], LS_0x562479b69490_0_0, LS_0x562479b69490_0_4;
L_0x562479b69950 .part v0x562479b61f20_0, 7, 1;
L_0x562479b699f0 .part L_0x562479af8380, 7, 1;
L_0x562479b69c40 .part L_0x562479b871a0, 3, 1;
L_0x562479b69ce0 .part L_0x562479b871a0, 2, 1;
L_0x562479b6a0d0 .part L_0x562479af8380, 7, 1;
L_0x562479b6a170 .part L_0x562479b871a0, 1, 1;
L_0x562479b6a3e0 .part L_0x562479b871a0, 0, 1;
L_0x562479b6a7f0 .functor MUXZ 8, v0x562479b61f20_0, L_0x7f6419c92018, L_0x562479b86a30, C4<>;
L_0x562479b6aac0 .concat [ 8 1 0 0], L_0x562479b6a7f0, L_0x7f6419c92060;
L_0x562479b6ac00 .concat [ 8 1 0 0], L_0x562479b69490, L_0x7f6419c920a8;
L_0x562479b6af30 .arith/sum 9, L_0x562479b6aac0, L_0x562479b6ac00;
L_0x562479b7b080 .concat [ 1 8 0 0], L_0x562479b86990, L_0x7f6419c92138;
L_0x562479b7b460 .arith/sum 9, L_0x562479b6af30, L_0x562479b64d60;
L_0x562479b7b5a0 .part L_0x562479b7b460, 0, 8;
S_0x562479af77c0 .scope generate, "genblk1[0]" "genblk1[0]" 3 21, 3 21 0, S_0x562479afbce0;
 .timescale 0 0;
P_0x562479a6c1d0 .param/l "i" 1 3 21, +C4<00>;
v0x562479ab2d60_0 .net *"_ivl_0", 0 0, L_0x562479b63cf0;  1 drivers
v0x562479ab08a0_0 .net *"_ivl_1", 0 0, L_0x562479b63d90;  1 drivers
v0x562479ad25d0_0 .net *"_ivl_11", 0 0, L_0x562479b64570;  1 drivers
v0x562479b2eae0_0 .net *"_ivl_2", 0 0, L_0x562479b63ec0;  1 drivers
v0x562479b2eb80_0 .net *"_ivl_3", 0 0, L_0x562479b63f60;  1 drivers
v0x562479af8440_0 .net *"_ivl_4", 0 0, L_0x562479b640f0;  1 drivers
v0x562479af8510_0 .net *"_ivl_6", 0 0, L_0x562479b641c0;  1 drivers
v0x562479b4a6d0_0 .net *"_ivl_7", 0 0, L_0x562479b64260;  1 drivers
v0x562479b4a7b0_0 .net *"_ivl_8", 0 0, L_0x562479b64340;  1 drivers
v0x562479b4a890_0 .net *"_ivl_9", 0 0, L_0x562479b643e0;  1 drivers
L_0x562479b640f0 .functor MUXZ 1, L_0x562479b63f60, L_0x562479b63ec0, L_0x562479b63d90, C4<>;
L_0x562479b643e0 .functor MUXZ 1, L_0x562479b64340, L_0x562479b64260, L_0x562479b641c0, C4<>;
L_0x562479b64570 .functor MUXZ 1, L_0x562479b643e0, L_0x562479b640f0, L_0x562479b63cf0, C4<>;
S_0x562479b4a970 .scope generate, "genblk1[1]" "genblk1[1]" 3 21, 3 21 0, S_0x562479afbce0;
 .timescale 0 0;
P_0x562479b4ab40 .param/l "i" 1 3 21, +C4<01>;
v0x562479b4ac00_0 .net *"_ivl_0", 0 0, L_0x562479b64700;  1 drivers
v0x562479b4ace0_0 .net *"_ivl_1", 0 0, L_0x562479b64880;  1 drivers
v0x562479b4adc0_0 .net *"_ivl_11", 0 0, L_0x562479b65150;  1 drivers
v0x562479b4ae80_0 .net *"_ivl_2", 0 0, L_0x562479b64920;  1 drivers
v0x562479b4af60_0 .net *"_ivl_3", 0 0, L_0x562479b64a20;  1 drivers
v0x562479b4b090_0 .net *"_ivl_4", 0 0, L_0x562479b64bd0;  1 drivers
v0x562479b4b170_0 .net *"_ivl_6", 0 0, L_0x562479b64cc0;  1 drivers
v0x562479b4b250_0 .net *"_ivl_7", 0 0, L_0x562479b64dd0;  1 drivers
v0x562479b4b330_0 .net *"_ivl_8", 0 0, L_0x562479b64e70;  1 drivers
v0x562479b4b410_0 .net *"_ivl_9", 0 0, L_0x562479b64f90;  1 drivers
L_0x562479b64bd0 .functor MUXZ 1, L_0x562479b64a20, L_0x562479b64920, L_0x562479b64880, C4<>;
L_0x562479b64f90 .functor MUXZ 1, L_0x562479b64e70, L_0x562479b64dd0, L_0x562479b64cc0, C4<>;
L_0x562479b65150 .functor MUXZ 1, L_0x562479b64f90, L_0x562479b64bd0, L_0x562479b64700, C4<>;
S_0x562479b4b4f0 .scope generate, "genblk1[2]" "genblk1[2]" 3 21, 3 21 0, S_0x562479afbce0;
 .timescale 0 0;
P_0x562479b4b6a0 .param/l "i" 1 3 21, +C4<010>;
v0x562479b4b760_0 .net *"_ivl_0", 0 0, L_0x562479b652e0;  1 drivers
v0x562479b4b840_0 .net *"_ivl_1", 0 0, L_0x562479b65380;  1 drivers
v0x562479b4b920_0 .net *"_ivl_11", 0 0, L_0x562479b65ce0;  1 drivers
v0x562479b4b9e0_0 .net *"_ivl_2", 0 0, L_0x562479b655c0;  1 drivers
v0x562479b4bac0_0 .net *"_ivl_3", 0 0, L_0x562479b65660;  1 drivers
v0x562479b4bbf0_0 .net *"_ivl_4", 0 0, L_0x562479b657a0;  1 drivers
v0x562479b4bcd0_0 .net *"_ivl_6", 0 0, L_0x562479b65930;  1 drivers
v0x562479b4bdb0_0 .net *"_ivl_7", 0 0, L_0x562479b659d0;  1 drivers
v0x562479b4be90_0 .net *"_ivl_8", 0 0, L_0x562479b65700;  1 drivers
v0x562479b4bf70_0 .net *"_ivl_9", 0 0, L_0x562479b65b20;  1 drivers
L_0x562479b657a0 .functor MUXZ 1, L_0x562479b65660, L_0x562479b655c0, L_0x562479b65380, C4<>;
L_0x562479b65b20 .functor MUXZ 1, L_0x562479b65700, L_0x562479b659d0, L_0x562479b65930, C4<>;
L_0x562479b65ce0 .functor MUXZ 1, L_0x562479b65b20, L_0x562479b657a0, L_0x562479b652e0, C4<>;
S_0x562479b4c050 .scope generate, "genblk1[3]" "genblk1[3]" 3 21, 3 21 0, S_0x562479afbce0;
 .timescale 0 0;
P_0x562479b4c200 .param/l "i" 1 3 21, +C4<011>;
v0x562479b4c2e0_0 .net *"_ivl_0", 0 0, L_0x562479b65e70;  1 drivers
v0x562479b4c3c0_0 .net *"_ivl_1", 0 0, L_0x562479b65fd0;  1 drivers
v0x562479b4c4a0_0 .net *"_ivl_11", 0 0, L_0x562479b66980;  1 drivers
v0x562479b4c560_0 .net *"_ivl_2", 0 0, L_0x562479b66070;  1 drivers
v0x562479b4c640_0 .net *"_ivl_3", 0 0, L_0x562479b661e0;  1 drivers
v0x562479b4c770_0 .net *"_ivl_4", 0 0, L_0x562479b66280;  1 drivers
v0x562479b4c850_0 .net *"_ivl_6", 0 0, L_0x562479b66410;  1 drivers
v0x562479b4c930_0 .net *"_ivl_7", 0 0, L_0x562479b66590;  1 drivers
v0x562479b4ca10_0 .net *"_ivl_8", 0 0, L_0x562479b66630;  1 drivers
v0x562479b4cb80_0 .net *"_ivl_9", 0 0, L_0x562479b667c0;  1 drivers
L_0x562479b66280 .functor MUXZ 1, L_0x562479b661e0, L_0x562479b66070, L_0x562479b65fd0, C4<>;
L_0x562479b667c0 .functor MUXZ 1, L_0x562479b66630, L_0x562479b66590, L_0x562479b66410, C4<>;
L_0x562479b66980 .functor MUXZ 1, L_0x562479b667c0, L_0x562479b66280, L_0x562479b65e70, C4<>;
S_0x562479b4cc60 .scope generate, "genblk1[4]" "genblk1[4]" 3 21, 3 21 0, S_0x562479afbce0;
 .timescale 0 0;
P_0x562479b4ce60 .param/l "i" 1 3 21, +C4<0100>;
v0x562479b4cf40_0 .net *"_ivl_0", 0 0, L_0x562479b66b10;  1 drivers
v0x562479b4d020_0 .net *"_ivl_1", 0 0, L_0x562479b66bb0;  1 drivers
v0x562479b4d100_0 .net *"_ivl_11", 0 0, L_0x562479b675f0;  1 drivers
v0x562479b4d1c0_0 .net *"_ivl_2", 0 0, L_0x562479b66d50;  1 drivers
v0x562479b4d2a0_0 .net *"_ivl_3", 0 0, L_0x562479b66df0;  1 drivers
v0x562479b4d3d0_0 .net *"_ivl_4", 0 0, L_0x562479b66fa0;  1 drivers
v0x562479b4d4b0_0 .net *"_ivl_6", 0 0, L_0x562479b67130;  1 drivers
v0x562479b4d590_0 .net *"_ivl_7", 0 0, L_0x562479b671d0;  1 drivers
v0x562479b4d670_0 .net *"_ivl_8", 0 0, L_0x562479b67390;  1 drivers
v0x562479b4d7e0_0 .net *"_ivl_9", 0 0, L_0x562479b67430;  1 drivers
L_0x562479b66fa0 .functor MUXZ 1, L_0x562479b66df0, L_0x562479b66d50, L_0x562479b66bb0, C4<>;
L_0x562479b67430 .functor MUXZ 1, L_0x562479b67390, L_0x562479b671d0, L_0x562479b67130, C4<>;
L_0x562479b675f0 .functor MUXZ 1, L_0x562479b67430, L_0x562479b66fa0, L_0x562479b66b10, C4<>;
S_0x562479b4d8c0 .scope generate, "genblk1[5]" "genblk1[5]" 3 21, 3 21 0, S_0x562479afbce0;
 .timescale 0 0;
P_0x562479b4da70 .param/l "i" 1 3 21, +C4<0101>;
v0x562479b4db50_0 .net *"_ivl_0", 0 0, L_0x562479b67780;  1 drivers
v0x562479b4dc30_0 .net *"_ivl_1", 0 0, L_0x562479b67270;  1 drivers
v0x562479b4dd10_0 .net *"_ivl_11", 0 0, L_0x562479b68330;  1 drivers
v0x562479b4ddd0_0 .net *"_ivl_2", 0 0, L_0x562479b67950;  1 drivers
v0x562479b4deb0_0 .net *"_ivl_3", 0 0, L_0x562479b67b30;  1 drivers
v0x562479b4dfe0_0 .net *"_ivl_4", 0 0, L_0x562479b67bd0;  1 drivers
v0x562479b4e0c0_0 .net *"_ivl_6", 0 0, L_0x562479b67d10;  1 drivers
v0x562479b4e1a0_0 .net *"_ivl_7", 0 0, L_0x562479b67f00;  1 drivers
v0x562479b4e280_0 .net *"_ivl_8", 0 0, L_0x562479b67fa0;  1 drivers
v0x562479b4e3f0_0 .net *"_ivl_9", 0 0, L_0x562479b681a0;  1 drivers
L_0x562479b67bd0 .functor MUXZ 1, L_0x562479b67b30, L_0x562479b67950, L_0x562479b67270, C4<>;
L_0x562479b681a0 .functor MUXZ 1, L_0x562479b67fa0, L_0x562479b67f00, L_0x562479b67d10, C4<>;
L_0x562479b68330 .functor MUXZ 1, L_0x562479b681a0, L_0x562479b67bd0, L_0x562479b67780, C4<>;
S_0x562479b4e4d0 .scope generate, "genblk1[6]" "genblk1[6]" 3 21, 3 21 0, S_0x562479afbce0;
 .timescale 0 0;
P_0x562479b4e680 .param/l "i" 1 3 21, +C4<0110>;
v0x562479b4e760_0 .net *"_ivl_0", 0 0, L_0x562479b684c0;  1 drivers
v0x562479b4e840_0 .net *"_ivl_1", 0 0, L_0x562479b68560;  1 drivers
v0x562479b4e920_0 .net *"_ivl_11", 0 0, L_0x562479b69300;  1 drivers
v0x562479b4e9e0_0 .net *"_ivl_2", 0 0, L_0x562479b68980;  1 drivers
v0x562479b4eac0_0 .net *"_ivl_3", 0 0, L_0x562479b68a20;  1 drivers
v0x562479b4ebf0_0 .net *"_ivl_4", 0 0, L_0x562479b68c40;  1 drivers
v0x562479b4ecd0_0 .net *"_ivl_6", 0 0, L_0x562479b68dd0;  1 drivers
v0x562479b4edb0_0 .net *"_ivl_7", 0 0, L_0x562479b68e70;  1 drivers
v0x562479b4ee90_0 .net *"_ivl_8", 0 0, L_0x562479b690a0;  1 drivers
v0x562479b4f000_0 .net *"_ivl_9", 0 0, L_0x562479b69140;  1 drivers
L_0x562479b68c40 .functor MUXZ 1, L_0x562479b68a20, L_0x562479b68980, L_0x562479b68560, C4<>;
L_0x562479b69140 .functor MUXZ 1, L_0x562479b690a0, L_0x562479b68e70, L_0x562479b68dd0, C4<>;
L_0x562479b69300 .functor MUXZ 1, L_0x562479b69140, L_0x562479b68c40, L_0x562479b684c0, C4<>;
S_0x562479b4f0e0 .scope generate, "genblk1[7]" "genblk1[7]" 3 21, 3 21 0, S_0x562479afbce0;
 .timescale 0 0;
P_0x562479b4f290 .param/l "i" 1 3 21, +C4<0111>;
v0x562479b4f370_0 .net *"_ivl_0", 0 0, L_0x562479b69950;  1 drivers
v0x562479b4f450_0 .net *"_ivl_1", 0 0, L_0x562479b699f0;  1 drivers
v0x562479b4f530_0 .net *"_ivl_11", 0 0, L_0x562479b6a610;  1 drivers
v0x562479b4f5f0_0 .net *"_ivl_2", 0 0, L_0x562479b69c40;  1 drivers
v0x562479b4f6d0_0 .net *"_ivl_3", 0 0, L_0x562479b69ce0;  1 drivers
v0x562479b4f800_0 .net *"_ivl_4", 0 0, L_0x562479b69f40;  1 drivers
v0x562479b4f8e0_0 .net *"_ivl_6", 0 0, L_0x562479b6a0d0;  1 drivers
v0x562479b4f9c0_0 .net *"_ivl_7", 0 0, L_0x562479b6a170;  1 drivers
v0x562479b4faa0_0 .net *"_ivl_8", 0 0, L_0x562479b6a3e0;  1 drivers
v0x562479b4fc10_0 .net *"_ivl_9", 0 0, L_0x562479b6a480;  1 drivers
L_0x562479b69f40 .functor MUXZ 1, L_0x562479b69ce0, L_0x562479b69c40, L_0x562479b699f0, C4<>;
L_0x562479b6a480 .functor MUXZ 1, L_0x562479b6a3e0, L_0x562479b6a170, L_0x562479b6a0d0, C4<>;
L_0x562479b6a610 .functor MUXZ 1, L_0x562479b6a480, L_0x562479b69f40, L_0x562479b69950, C4<>;
S_0x562479b51380 .scope module, "cu" "controlunit" 3 342, 3 173 0, S_0x562479b2c500;
 .timescale 0 0;
    .port_info 0 /INPUT 1 "clk";
    .port_info 1 /INPUT 1 "reset";
    .port_info 2 /INPUT 8 "inst";
    .port_info 3 /INPUT 4 "psr";
    .port_info 4 /OUTPUT 1 "cAI";
    .port_info 5 /OUTPUT 1 "cAS";
    .port_info 6 /OUTPUT 1 "cPI";
    .port_info 7 /OUTPUT 1 "cPS";
    .port_info 8 /OUTPUT 1 "cMI";
    .port_info 9 /OUTPUT 1 "cRI";
    .port_info 10 /OUTPUT 1 "cES";
    .port_info 11 /OUTPUT 1 "cCn";
    .port_info 12 /OUTPUT 4 "cL";
    .port_info 13 /OUTPUT 1 "cLS";
    .port_info 14 /OUTPUT 1 "cII";
    .port_info 15 /OUTPUT 16 "decode";
    .port_info 16 /OUTPUT 3 "counter";
P_0x562479b51530 .param/l "AI" 0 3 176, +C4<00000000000000000000000000000001>;
P_0x562479b51570 .param/l "AS" 0 3 177, +C4<000000000000000000000000000000010>;
P_0x562479b515b0 .param/l "BUF_A" 0 3 191, C4<11000000000000>;
P_0x562479b515f0 .param/l "BUF_B" 0 3 193, C4<10100000000000>;
P_0x562479b51630 .param/l "Cn" 0 3 183, +C4<000000000000000000000000000000010000000>;
P_0x562479b51670 .param/l "ES" 0 3 182, +C4<00000000000000000000000000000001000000>;
P_0x562479b516b0 .param/l "GEN_0" 0 3 189, C4<0000000000000000000000000000000100000000>;
P_0x562479b516f0 .param/l "GEN_1" 0 3 190, C4<0000000000000000000000000011110100000000>;
P_0x562479b51730 .param/l "II" 0 3 185, +C4<00000000000000000000000000000001000000000>;
P_0x562479b51770 .param/l "LS" 0 3 184, +C4<0000000000000000000000000000000100000000>;
P_0x562479b517b0 .param/l "MI" 0 3 180, +C4<000000000000000000000000000000010000>;
P_0x562479b517f0 .param/l "NEG_A" 0 3 192, C4<00110000000000>;
P_0x562479b51830 .param/l "NEG_B" 0 3 194, C4<01010000000000>;
P_0x562479b51870 .param/l "PI" 0 3 178, +C4<0000000000000000000000000000000100>;
P_0x562479b518b0 .param/l "PS" 0 3 179, +C4<00000000000000000000000000000001000>;
P_0x562479b518f0 .param/l "RI" 0 3 181, +C4<0000000000000000000000000000000100000>;
P_0x562479b51930 .param/l "add" 0 3 206, C4<001000>;
P_0x562479b51970 .param/l "addc" 0 3 207, C4<001001>;
P_0x562479b519b0 .param/l "jump" 0 3 201, C4<000100>;
P_0x562479b519f0 .param/l "jumpc" 0 3 203, C4<000110>;
P_0x562479b51a30 .param/l "jumpn" 0 3 204, C4<000111>;
P_0x562479b51a70 .param/l "jumpz" 0 3 202, C4<000101>;
P_0x562479b51ab0 .param/l "load" 0 3 196, C4<000001>;
P_0x562479b51af0 .param/l "loadi" 0 3 197, C4<000001>;
P_0x562479b51b30 .param/l "store" 0 3 199, C4<000010>;
P_0x562479b51b70 .param/l "sub" 0 3 209, C4<001011>;
P_0x562479b51bb0 .param/l "subb" 0 3 208, C4<001010>;
L_0x562479b7bf50 .functor NOT 1, L_0x562479b7be60, C4<0>, C4<0>, C4<0>;
L_0x562479b7c0b0 .functor NOT 1, L_0x562479b7c010, C4<0>, C4<0>, C4<0>;
L_0x562479b7c170 .functor AND 1, L_0x562479b7bf50, L_0x562479b7c0b0, C4<1>, C4<1>;
L_0x562479b7c320 .functor NOT 1, L_0x562479b7c280, C4<0>, C4<0>, C4<0>;
L_0x562479b7c430 .functor AND 1, L_0x562479b7c320, L_0x562479b7c390, C4<1>, C4<1>;
L_0x562479b7c6c0 .functor NOT 1, L_0x562479b7c5e0, C4<0>, C4<0>, C4<0>;
L_0x562479b7c7c0 .functor AND 1, L_0x562479b7c540, L_0x562479b7c6c0, C4<1>, C4<1>;
L_0x562479b7ca60 .functor AND 1, L_0x562479b7c8d0, L_0x562479b7c970, C4<1>, C4<1>;
L_0x562479b7cf80 .functor AND 1, L_0x562479b7f020, L_0x562479b7f3c0, C4<1>, C4<1>;
L_0x562479b7f250 .functor OR 1, L_0x562479b7ee20, L_0x562479b7cf80, C4<0>, C4<0>;
L_0x562479b825f0 .functor AND 1, L_0x562479b81e30, L_0x562479b822d0, C4<1>, C4<1>;
L_0x562479b82700 .functor OR 1, L_0x562479b81b80, L_0x562479b825f0, C4<0>, C4<0>;
v0x562479b51eb0_0 .net "TYPE_ABS", 0 0, L_0x562479b7c430;  1 drivers
v0x562479b52ae0_0 .net "TYPE_IMM", 0 0, L_0x562479b7c170;  1 drivers
v0x562479b52ba0_0 .net "TYPE_OFF", 0 0, L_0x562479b7c7c0;  1 drivers
v0x562479b52c70_0 .net "TYPE_REG", 0 0, L_0x562479b7ca60;  1 drivers
v0x562479b52d30_0 .net *"_ivl_1", 0 0, L_0x562479b7be60;  1 drivers
L_0x7f6419c927b0 .functor BUFT 1, C4<001010>, C4<0>, C4<0>, C4<0>;
v0x562479b52e60_0 .net/2u *"_ivl_100", 5 0, L_0x7f6419c927b0;  1 drivers
v0x562479b52f40_0 .net *"_ivl_102", 0 0, L_0x562479b7de00;  1 drivers
L_0x7f6419c927f8 .functor BUFT 1, C4<00000000000000000000000000001010000000111>, C4<0>, C4<0>, C4<0>;
v0x562479b53000_0 .net/2u *"_ivl_104", 40 0, L_0x7f6419c927f8;  1 drivers
L_0x7f6419c92840 .functor BUFT 1, C4<001011>, C4<0>, C4<0>, C4<0>;
v0x562479b530e0_0 .net/2u *"_ivl_106", 5 0, L_0x7f6419c92840;  1 drivers
v0x562479b53250_0 .net *"_ivl_108", 0 0, L_0x562479b7df50;  1 drivers
v0x562479b53310_0 .net *"_ivl_11", 0 0, L_0x562479b7c280;  1 drivers
L_0x7f6419c92888 .functor BUFT 1, C4<00000000000000000000000000001010010000111>, C4<0>, C4<0>, C4<0>;
v0x562479b533f0_0 .net/2u *"_ivl_110", 40 0, L_0x7f6419c92888;  1 drivers
L_0x7f6419c928d0 .functor BUFT 1, C4<00000000000000000000000000000000000000000>, C4<0>, C4<0>, C4<0>;
v0x562479b534d0_0 .net/2u *"_ivl_112", 40 0, L_0x7f6419c928d0;  1 drivers
v0x562479b535b0_0 .net *"_ivl_114", 40 0, L_0x562479b7e170;  1 drivers
v0x562479b53690_0 .net *"_ivl_116", 40 0, L_0x562479b7e330;  1 drivers
v0x562479b53770_0 .net *"_ivl_118", 40 0, L_0x562479b7e5a0;  1 drivers
v0x562479b53850_0 .net *"_ivl_12", 0 0, L_0x562479b7c320;  1 drivers
v0x562479b53a40_0 .net *"_ivl_120", 40 0, L_0x562479b7e730;  1 drivers
v0x562479b53b20_0 .net *"_ivl_122", 40 0, L_0x562479b7e9b0;  1 drivers
L_0x7f6419c92918 .functor BUFT 1, C4<000001>, C4<0>, C4<0>, C4<0>;
v0x562479b53c00_0 .net/2u *"_ivl_124", 5 0, L_0x7f6419c92918;  1 drivers
v0x562479b53ce0_0 .net *"_ivl_126", 0 0, L_0x562479b7eb40;  1 drivers
L_0x7f6419c92960 .functor BUFT 1, C4<00000000000000000000000000010100100010000>, C4<0>, C4<0>, C4<0>;
v0x562479b53da0_0 .net/2u *"_ivl_128", 40 0, L_0x7f6419c92960;  1 drivers
L_0x7f6419c929a8 .functor BUFT 1, C4<000010>, C4<0>, C4<0>, C4<0>;
v0x562479b53e80_0 .net/2u *"_ivl_130", 5 0, L_0x7f6419c929a8;  1 drivers
v0x562479b53f60_0 .net *"_ivl_132", 0 0, L_0x562479b7ed30;  1 drivers
L_0x7f6419c929f0 .functor BUFT 1, C4<00000000000000000000000000010100100010000>, C4<0>, C4<0>, C4<0>;
v0x562479b54020_0 .net/2u *"_ivl_134", 40 0, L_0x7f6419c929f0;  1 drivers
L_0x7f6419c92a38 .functor BUFT 1, C4<000100>, C4<0>, C4<0>, C4<0>;
v0x562479b54100_0 .net/2u *"_ivl_136", 5 0, L_0x7f6419c92a38;  1 drivers
v0x562479b541e0_0 .net *"_ivl_138", 0 0, L_0x562479b7ee20;  1 drivers
L_0x7f6419c92a80 .functor BUFT 1, C4<000101>, C4<0>, C4<0>, C4<0>;
v0x562479b542a0_0 .net/2u *"_ivl_140", 5 0, L_0x7f6419c92a80;  1 drivers
v0x562479b54380_0 .net *"_ivl_142", 0 0, L_0x562479b7f020;  1 drivers
v0x562479b54440_0 .net *"_ivl_145", 0 0, L_0x562479b7f110;  1 drivers
v0x562479b54520_0 .net *"_ivl_146", 31 0, L_0x562479b7f2d0;  1 drivers
L_0x7f6419c92ac8 .functor BUFT 1, C4<0000000000000000000000000000000>, C4<0>, C4<0>, C4<0>;
v0x562479b54600_0 .net *"_ivl_149", 30 0, L_0x7f6419c92ac8;  1 drivers
v0x562479b546e0_0 .net *"_ivl_15", 0 0, L_0x562479b7c390;  1 drivers
L_0x7f6419c92b10 .functor BUFT 1, C4<00000000000000000000000000000001>, C4<0>, C4<0>, C4<0>;
v0x562479b547c0_0 .net/2u *"_ivl_150", 31 0, L_0x7f6419c92b10;  1 drivers
v0x562479b548a0_0 .net *"_ivl_152", 0 0, L_0x562479b7f3c0;  1 drivers
v0x562479b54960_0 .net *"_ivl_154", 0 0, L_0x562479b7cf80;  1 drivers
v0x562479b54a40_0 .net *"_ivl_156", 0 0, L_0x562479b7f250;  1 drivers
L_0x7f6419c92b58 .functor BUFT 1, C4<00000000000000000000000000000000100010001>, C4<0>, C4<0>, C4<0>;
v0x562479b54b20_0 .net/2u *"_ivl_158", 40 0, L_0x7f6419c92b58;  1 drivers
L_0x7f6419c92ba0 .functor BUFT 1, C4<001000>, C4<0>, C4<0>, C4<0>;
v0x562479b54c00_0 .net/2u *"_ivl_160", 5 0, L_0x7f6419c92ba0;  1 drivers
v0x562479b54ce0_0 .net *"_ivl_162", 0 0, L_0x562479b7f730;  1 drivers
L_0x7f6419c92be8 .functor BUFT 1, C4<00000000000000000000000000010100100010000>, C4<0>, C4<0>, C4<0>;
v0x562479b54da0_0 .net/2u *"_ivl_164", 40 0, L_0x7f6419c92be8;  1 drivers
L_0x7f6419c92c30 .functor BUFT 1, C4<001001>, C4<0>, C4<0>, C4<0>;
v0x562479b54e80_0 .net/2u *"_ivl_166", 5 0, L_0x7f6419c92c30;  1 drivers
v0x562479b54f60_0 .net *"_ivl_168", 0 0, L_0x562479b7f7d0;  1 drivers
L_0x7f6419c92c78 .functor BUFT 1, C4<00000000000000000000000000010100100010000>, C4<0>, C4<0>, C4<0>;
v0x562479b55020_0 .net/2u *"_ivl_170", 40 0, L_0x7f6419c92c78;  1 drivers
L_0x7f6419c92cc0 .functor BUFT 1, C4<001011>, C4<0>, C4<0>, C4<0>;
v0x562479b55100_0 .net/2u *"_ivl_172", 5 0, L_0x7f6419c92cc0;  1 drivers
v0x562479b551e0_0 .net *"_ivl_174", 0 0, L_0x562479b7fa00;  1 drivers
L_0x7f6419c92d08 .functor BUFT 1, C4<00000000000000000000000000010100100010000>, C4<0>, C4<0>, C4<0>;
v0x562479b552a0_0 .net/2u *"_ivl_176", 40 0, L_0x7f6419c92d08;  1 drivers
L_0x7f6419c92d50 .functor BUFT 1, C4<001010>, C4<0>, C4<0>, C4<0>;
v0x562479b55380_0 .net/2u *"_ivl_178", 5 0, L_0x7f6419c92d50;  1 drivers
v0x562479b55460_0 .net *"_ivl_180", 0 0, L_0x562479b7fb50;  1 drivers
L_0x7f6419c92d98 .functor BUFT 1, C4<00000000000000000000000000010100100010000>, C4<0>, C4<0>, C4<0>;
v0x562479b55520_0 .net/2u *"_ivl_182", 40 0, L_0x7f6419c92d98;  1 drivers
L_0x7f6419c92de0 .functor BUFT 1, C4<00000000000000000000000000000000000000000>, C4<0>, C4<0>, C4<0>;
v0x562479b55600_0 .net/2u *"_ivl_184", 40 0, L_0x7f6419c92de0;  1 drivers
v0x562479b556e0_0 .net *"_ivl_186", 40 0, L_0x562479b7fdf0;  1 drivers
v0x562479b557c0_0 .net *"_ivl_188", 40 0, L_0x562479b7ffb0;  1 drivers
v0x562479b558a0_0 .net *"_ivl_19", 0 0, L_0x562479b7c540;  1 drivers
v0x562479b55980_0 .net *"_ivl_190", 40 0, L_0x562479b802a0;  1 drivers
v0x562479b55a60_0 .net *"_ivl_192", 40 0, L_0x562479b80430;  1 drivers
v0x562479b55b40_0 .net *"_ivl_194", 40 0, L_0x562479b80730;  1 drivers
v0x562479b55c20_0 .net *"_ivl_196", 40 0, L_0x562479b808c0;  1 drivers
v0x562479b55d00_0 .net *"_ivl_198", 40 0, L_0x562479b80bd0;  1 drivers
v0x562479b55de0_0 .net *"_ivl_2", 0 0, L_0x562479b7bf50;  1 drivers
L_0x7f6419c92e28 .functor BUFT 1, C4<00000000000000000000000000000000000000000>, C4<0>, C4<0>, C4<0>;
v0x562479b55ec0_0 .net/2u *"_ivl_200", 40 0, L_0x7f6419c92e28;  1 drivers
v0x562479b55fa0_0 .net *"_ivl_202", 40 0, L_0x562479b80d60;  1 drivers
v0x562479b56080_0 .net *"_ivl_204", 40 0, L_0x562479b81080;  1 drivers
v0x562479b56160_0 .net *"_ivl_206", 31 0, L_0x562479b81210;  1 drivers
L_0x7f6419c92e70 .functor BUFT 1, C4<00000000000000000000000000000>, C4<0>, C4<0>, C4<0>;
v0x562479b56240_0 .net *"_ivl_209", 28 0, L_0x7f6419c92e70;  1 drivers
v0x562479b56730_0 .net *"_ivl_21", 0 0, L_0x562479b7c5e0;  1 drivers
L_0x7f6419c92eb8 .functor BUFT 1, C4<00000000000000000000000000000101>, C4<0>, C4<0>, C4<0>;
v0x562479b56810_0 .net/2u *"_ivl_210", 31 0, L_0x7f6419c92eb8;  1 drivers
v0x562479b568f0_0 .net *"_ivl_212", 0 0, L_0x562479b814a0;  1 drivers
L_0x7f6419c92f00 .functor BUFT 1, C4<000001>, C4<0>, C4<0>, C4<0>;
v0x562479b569b0_0 .net/2u *"_ivl_214", 5 0, L_0x7f6419c92f00;  1 drivers
v0x562479b56a90_0 .net *"_ivl_216", 0 0, L_0x562479b815e0;  1 drivers
L_0x7f6419c92f48 .functor BUFT 1, C4<00000000000000000000000000000000000000001>, C4<0>, C4<0>, C4<0>;
v0x562479b56b50_0 .net/2u *"_ivl_218", 40 0, L_0x7f6419c92f48;  1 drivers
v0x562479b56c30_0 .net *"_ivl_22", 0 0, L_0x562479b7c6c0;  1 drivers
L_0x7f6419c92f90 .functor BUFT 1, C4<000010>, C4<0>, C4<0>, C4<0>;
v0x562479b56d10_0 .net/2u *"_ivl_220", 5 0, L_0x7f6419c92f90;  1 drivers
v0x562479b56df0_0 .net *"_ivl_222", 0 0, L_0x562479b81880;  1 drivers
L_0x7f6419c92fd8 .functor BUFT 1, C4<00000000000000000000000000011000100100000>, C4<0>, C4<0>, C4<0>;
v0x562479b56eb0_0 .net/2u *"_ivl_224", 40 0, L_0x7f6419c92fd8;  1 drivers
L_0x7f6419c93020 .functor BUFT 1, C4<000100>, C4<0>, C4<0>, C4<0>;
v0x562479b56f90_0 .net/2u *"_ivl_226", 5 0, L_0x7f6419c93020;  1 drivers
v0x562479b57070_0 .net *"_ivl_228", 0 0, L_0x562479b81b80;  1 drivers
L_0x7f6419c93068 .functor BUFT 1, C4<000101>, C4<0>, C4<0>, C4<0>;
v0x562479b57130_0 .net/2u *"_ivl_230", 5 0, L_0x7f6419c93068;  1 drivers
v0x562479b57210_0 .net *"_ivl_232", 0 0, L_0x562479b81e30;  1 drivers
v0x562479b572d0_0 .net *"_ivl_235", 0 0, L_0x562479b81f20;  1 drivers
v0x562479b573b0_0 .net *"_ivl_236", 31 0, L_0x562479b82190;  1 drivers
L_0x7f6419c930b0 .functor BUFT 1, C4<0000000000000000000000000000000>, C4<0>, C4<0>, C4<0>;
v0x562479b57490_0 .net *"_ivl_239", 30 0, L_0x7f6419c930b0;  1 drivers
L_0x7f6419c930f8 .functor BUFT 1, C4<00000000000000000000000000000001>, C4<0>, C4<0>, C4<0>;
v0x562479b57570_0 .net/2u *"_ivl_240", 31 0, L_0x7f6419c930f8;  1 drivers
v0x562479b57650_0 .net *"_ivl_242", 0 0, L_0x562479b822d0;  1 drivers
v0x562479b57710_0 .net *"_ivl_244", 0 0, L_0x562479b825f0;  1 drivers
v0x562479b577f0_0 .net *"_ivl_246", 0 0, L_0x562479b82700;  1 drivers
L_0x7f6419c93140 .functor BUFT 1, C4<00000000000000000000000000011000100110000>, C4<0>, C4<0>, C4<0>;
v0x562479b578d0_0 .net/2u *"_ivl_248", 40 0, L_0x7f6419c93140;  1 drivers
L_0x7f6419c93188 .functor BUFT 1, C4<001000>, C4<0>, C4<0>, C4<0>;
v0x562479b579b0_0 .net/2u *"_ivl_250", 5 0, L_0x7f6419c93188;  1 drivers
v0x562479b57a90_0 .net *"_ivl_252", 0 0, L_0x562479b82880;  1 drivers
L_0x7f6419c931d0 .functor BUFT 1, C4<00000000000000000000000000010100000000111>, C4<0>, C4<0>, C4<0>;
v0x562479b57b50_0 .net/2u *"_ivl_254", 40 0, L_0x7f6419c931d0;  1 drivers
L_0x7f6419c93218 .functor BUFT 1, C4<001001>, C4<0>, C4<0>, C4<0>;
v0x562479b57c30_0 .net/2u *"_ivl_256", 5 0, L_0x7f6419c93218;  1 drivers
v0x562479b57d10_0 .net *"_ivl_258", 0 0, L_0x562479b82d80;  1 drivers
L_0x7f6419c93260 .functor BUFT 1, C4<00000000000000000000000000010100010000111>, C4<0>, C4<0>, C4<0>;
v0x562479b57dd0_0 .net/2u *"_ivl_260", 40 0, L_0x7f6419c93260;  1 drivers
L_0x7f6419c932a8 .functor BUFT 1, C4<001010>, C4<0>, C4<0>, C4<0>;
v0x562479b57eb0_0 .net/2u *"_ivl_262", 5 0, L_0x7f6419c932a8;  1 drivers
v0x562479b57f90_0 .net *"_ivl_264", 0 0, L_0x562479b83060;  1 drivers
L_0x7f6419c932f0 .functor BUFT 1, C4<00000000000000000000000000001010000000111>, C4<0>, C4<0>, C4<0>;
v0x562479b58050_0 .net/2u *"_ivl_266", 40 0, L_0x7f6419c932f0;  1 drivers
L_0x7f6419c93338 .functor BUFT 1, C4<001011>, C4<0>, C4<0>, C4<0>;
v0x562479b58130_0 .net/2u *"_ivl_268", 5 0, L_0x7f6419c93338;  1 drivers
v0x562479b58210_0 .net *"_ivl_27", 0 0, L_0x562479b7c8d0;  1 drivers
v0x562479b582f0_0 .net *"_ivl_270", 0 0, L_0x562479b83150;  1 drivers
L_0x7f6419c93380 .functor BUFT 1, C4<00000000000000000000000000001010010000111>, C4<0>, C4<0>, C4<0>;
v0x562479b583b0_0 .net/2u *"_ivl_272", 40 0, L_0x7f6419c93380;  1 drivers
L_0x7f6419c933c8 .functor BUFT 1, C4<00000000000000000000000000000000000000000>, C4<0>, C4<0>, C4<0>;
v0x562479b58490_0 .net/2u *"_ivl_274", 40 0, L_0x7f6419c933c8;  1 drivers
v0x562479b58570_0 .net *"_ivl_276", 40 0, L_0x562479b83440;  1 drivers
v0x562479b58650_0 .net *"_ivl_278", 40 0, L_0x562479b835d0;  1 drivers
v0x562479b58730_0 .net *"_ivl_280", 40 0, L_0x562479b83970;  1 drivers
v0x562479b58810_0 .net *"_ivl_282", 40 0, L_0x562479b83b00;  1 drivers
v0x562479b588f0_0 .net *"_ivl_284", 40 0, L_0x562479b83eb0;  1 drivers
v0x562479b589d0_0 .net *"_ivl_286", 40 0, L_0x562479b84040;  1 drivers
v0x562479b58ab0_0 .net *"_ivl_288", 40 0, L_0x562479b84400;  1 drivers
v0x562479b58b90_0 .net *"_ivl_29", 0 0, L_0x562479b7c970;  1 drivers
L_0x7f6419c93410 .functor BUFT 1, C4<00000000000000000000000000000000000000000>, C4<0>, C4<0>, C4<0>;
v0x562479b58c70_0 .net/2u *"_ivl_290", 40 0, L_0x7f6419c93410;  1 drivers
v0x562479b58d50_0 .net *"_ivl_292", 40 0, L_0x562479b84590;  1 drivers
L_0x7f6419c93458 .functor BUFT 1, C4<00000000000000000000000000000000000000000>, C4<0>, C4<0>, C4<0>;
v0x562479b58e30_0 .net/2u *"_ivl_294", 40 0, L_0x7f6419c93458;  1 drivers
v0x562479b58f10_0 .net *"_ivl_296", 40 0, L_0x562479b84910;  1 drivers
v0x562479b58ff0_0 .net *"_ivl_298", 40 0, L_0x562479b84aa0;  1 drivers
v0x562479b590d0_0 .net *"_ivl_300", 40 0, L_0x562479b84e80;  1 drivers
v0x562479b591b0_0 .net *"_ivl_302", 40 0, L_0x562479b85010;  1 drivers
v0x562479b59290_0 .net *"_ivl_304", 40 0, L_0x562479b85400;  1 drivers
v0x562479b59370_0 .net *"_ivl_306", 40 0, L_0x562479b85590;  1 drivers
v0x562479b59450_0 .net *"_ivl_331", 4 0, L_0x562479b86e30;  1 drivers
v0x562479b59530_0 .net *"_ivl_338", 31 0, L_0x562479b87240;  1 drivers
v0x562479b59610_0 .net *"_ivl_34", 31 0, L_0x562479b7cc60;  1 drivers
L_0x7f6419c934a0 .functor BUFT 1, C4<0000000000000000>, C4<0>, C4<0>, C4<0>;
v0x562479b596f0_0 .net *"_ivl_341", 15 0, L_0x7f6419c934a0;  1 drivers
L_0x7f6419c934e8 .functor BUFT 1, C4<00000000000000000000000000000000>, C4<0>, C4<0>, C4<0>;
v0x562479b597d0_0 .net/2u *"_ivl_342", 31 0, L_0x7f6419c934e8;  1 drivers
v0x562479b598b0_0 .net *"_ivl_344", 0 0, L_0x562479b875c0;  1 drivers
L_0x7f6419c92210 .functor BUFT 1, C4<00000000000000000000000000000>, C4<0>, C4<0>, C4<0>;
v0x562479b59970_0 .net *"_ivl_37", 28 0, L_0x7f6419c92210;  1 drivers
L_0x7f6419c92258 .functor BUFT 1, C4<00000000000000000000000000000000>, C4<0>, C4<0>, C4<0>;
v0x562479b59a50_0 .net/2u *"_ivl_38", 31 0, L_0x7f6419c92258;  1 drivers
v0x562479b59b30_0 .net *"_ivl_40", 0 0, L_0x562479b7cdb0;  1 drivers
L_0x7f6419c922a0 .functor BUFT 1, C4<00000000000000000000000000000000100010000>, C4<0>, C4<0>, C4<0>;
v0x562479b59bf0_0 .net/2u *"_ivl_42", 40 0, L_0x7f6419c922a0;  1 drivers
v0x562479b59cd0_0 .net *"_ivl_44", 31 0, L_0x562479b7cee0;  1 drivers
L_0x7f6419c922e8 .functor BUFT 1, C4<00000000000000000000000000000>, C4<0>, C4<0>, C4<0>;
v0x562479b5a5c0_0 .net *"_ivl_47", 28 0, L_0x7f6419c922e8;  1 drivers
L_0x7f6419c92330 .functor BUFT 1, C4<00000000000000000000000000000001>, C4<0>, C4<0>, C4<0>;
v0x562479b5a6a0_0 .net/2u *"_ivl_48", 31 0, L_0x7f6419c92330;  1 drivers
v0x562479b5a780_0 .net *"_ivl_5", 0 0, L_0x562479b7c010;  1 drivers
v0x562479b5a860_0 .net *"_ivl_50", 0 0, L_0x562479b7d040;  1 drivers
L_0x7f6419c92378 .functor BUFT 1, C4<00000000000000000000000000010100110110000>, C4<0>, C4<0>, C4<0>;
v0x562479b5a920_0 .net/2u *"_ivl_52", 40 0, L_0x7f6419c92378;  1 drivers
v0x562479b5aa00_0 .net *"_ivl_54", 31 0, L_0x562479b7d180;  1 drivers
L_0x7f6419c923c0 .functor BUFT 1, C4<00000000000000000000000000000>, C4<0>, C4<0>, C4<0>;
v0x562479b5aae0_0 .net *"_ivl_57", 28 0, L_0x7f6419c923c0;  1 drivers
L_0x7f6419c92408 .functor BUFT 1, C4<00000000000000000000000000000010>, C4<0>, C4<0>, C4<0>;
v0x562479b5abc0_0 .net/2u *"_ivl_58", 31 0, L_0x7f6419c92408;  1 drivers
v0x562479b5aca0_0 .net *"_ivl_6", 0 0, L_0x562479b7c0b0;  1 drivers
v0x562479b5ad80_0 .net *"_ivl_60", 0 0, L_0x562479b7d2a0;  1 drivers
L_0x7f6419c92450 .functor BUFT 1, C4<00000000000000000000000000000001100010000>, C4<0>, C4<0>, C4<0>;
v0x562479b5ae40_0 .net/2u *"_ivl_62", 40 0, L_0x7f6419c92450;  1 drivers
v0x562479b5af20_0 .net *"_ivl_64", 31 0, L_0x562479b7d3e0;  1 drivers
L_0x7f6419c92498 .functor BUFT 1, C4<00000000000000000000000000000>, C4<0>, C4<0>, C4<0>;
v0x562479b5b000_0 .net *"_ivl_67", 28 0, L_0x7f6419c92498;  1 drivers
L_0x7f6419c924e0 .functor BUFT 1, C4<00000000000000000000000000000011>, C4<0>, C4<0>, C4<0>;
v0x562479b5b0e0_0 .net/2u *"_ivl_68", 31 0, L_0x7f6419c924e0;  1 drivers
v0x562479b5b1c0_0 .net *"_ivl_70", 0 0, L_0x562479b7d560;  1 drivers
L_0x7f6419c92528 .functor BUFT 1, C4<00000000000000000000000000010100110110000>, C4<0>, C4<0>, C4<0>;
v0x562479b5b280_0 .net/2u *"_ivl_72", 40 0, L_0x7f6419c92528;  1 drivers
v0x562479b5b360_0 .net *"_ivl_74", 31 0, L_0x562479b7d6a0;  1 drivers
L_0x7f6419c92570 .functor BUFT 1, C4<00000000000000000000000000000>, C4<0>, C4<0>, C4<0>;
v0x562479b5b440_0 .net *"_ivl_77", 28 0, L_0x7f6419c92570;  1 drivers
L_0x7f6419c925b8 .functor BUFT 1, C4<00000000000000000000000000000100>, C4<0>, C4<0>, C4<0>;
v0x562479b5b520_0 .net/2u *"_ivl_78", 31 0, L_0x7f6419c925b8;  1 drivers
v0x562479b5b600_0 .net *"_ivl_80", 0 0, L_0x562479b7d830;  1 drivers
L_0x7f6419c92600 .functor BUFT 1, C4<000001>, C4<0>, C4<0>, C4<0>;
v0x562479b5b6c0_0 .net/2u *"_ivl_82", 5 0, L_0x7f6419c92600;  1 drivers
v0x562479b5b7a0_0 .net *"_ivl_84", 0 0, L_0x562479b7d9a0;  1 drivers
L_0x7f6419c92648 .functor BUFT 1, C4<00000000000000000000000000000000000000001>, C4<0>, C4<0>, C4<0>;
v0x562479b5b860_0 .net/2u *"_ivl_86", 40 0, L_0x7f6419c92648;  1 drivers
L_0x7f6419c92690 .functor BUFT 1, C4<001000>, C4<0>, C4<0>, C4<0>;
v0x562479b5b940_0 .net/2u *"_ivl_88", 5 0, L_0x7f6419c92690;  1 drivers
v0x562479b5ba20_0 .net *"_ivl_90", 0 0, L_0x562479b7d740;  1 drivers
L_0x7f6419c926d8 .functor BUFT 1, C4<00000000000000000000000000010100000000111>, C4<0>, C4<0>, C4<0>;
v0x562479b5bae0_0 .net/2u *"_ivl_92", 40 0, L_0x7f6419c926d8;  1 drivers
L_0x7f6419c92720 .functor BUFT 1, C4<001001>, C4<0>, C4<0>, C4<0>;
v0x562479b5bbc0_0 .net/2u *"_ivl_94", 5 0, L_0x7f6419c92720;  1 drivers
v0x562479b5bca0_0 .net *"_ivl_96", 0 0, L_0x562479b7dc40;  1 drivers
L_0x7f6419c92768 .functor BUFT 1, C4<00000000000000000000000000010100010000111>, C4<0>, C4<0>, C4<0>;
v0x562479b5bd60_0 .net/2u *"_ivl_98", 40 0, L_0x7f6419c92768;  1 drivers
v0x562479b5be40_0 .net "cAI", 0 0, L_0x562479b85ad0;  alias, 1 drivers
v0x562479b5bf00_0 .net "cAS", 0 0, L_0x562479b85df0;  alias, 1 drivers
v0x562479b5bfc0_0 .net "cCn", 0 0, L_0x562479b86990;  alias, 1 drivers
v0x562479b5c060_0 .net "cES", 0 0, L_0x562479b86640;  alias, 1 drivers
v0x562479b5c100_0 .net "cII", 0 0, L_0x562479b86d90;  alias, 1 drivers
v0x562479b5c1c0_0 .net "cL", 3 0, L_0x562479b871a0;  alias, 1 drivers
v0x562479b5c2b0_0 .net "cLS", 0 0, L_0x562479b86a30;  alias, 1 drivers
v0x562479b5c380_0 .net "cMI", 0 0, L_0x562479b86260;  alias, 1 drivers
v0x562479b5c420_0 .net "cPI", 0 0, L_0x562479b85e90;  alias, 1 drivers
v0x562479b5c4f0_0 .net "cPS", 0 0, L_0x562479b861c0;  alias, 1 drivers
v0x562479b5c5c0_0 .net "cRI", 0 0, L_0x562479b865a0;  alias, 1 drivers
v0x562479b5c660_0 .net "clk", 0 0, v0x562479b63af0_0;  alias, 1 drivers
v0x562479b5c730_0 .var "counter", 2 0;
v0x562479b5c7d0_0 .net "decode", 15 0, L_0x562479b85990;  alias, 1 drivers
v0x562479b5c890_0 .net "inst", 7 0, v0x562479b63570_0;  1 drivers
v0x562479b5c970_0 .net "opcode", 5 0, L_0x562479b7cbc0;  1 drivers
v0x562479b5ca50_0 .net "psr", 3 0, v0x562479b50f40_0;  alias, 1 drivers
v0x562479b5cb40_0 .net "reset", 0 0, v0x562479b63c50_0;  alias, 1 drivers
E_0x562479a8f380 .event anyedge, L_0x562479b875c0;
E_0x562479b309d0/0 .event negedge, v0x562479b50cc0_0;
E_0x562479b309d0/1 .event posedge, v0x562479b51020_0;
E_0x562479b309d0 .event/or E_0x562479b309d0/0, E_0x562479b309d0/1;
L_0x562479b7be60 .part v0x562479b63570_0, 7, 1;
L_0x562479b7c010 .part v0x562479b63570_0, 6, 1;
L_0x562479b7c280 .part v0x562479b63570_0, 7, 1;
L_0x562479b7c390 .part v0x562479b63570_0, 6, 1;
L_0x562479b7c540 .part v0x562479b63570_0, 7, 1;
L_0x562479b7c5e0 .part v0x562479b63570_0, 6, 1;
L_0x562479b7c8d0 .part v0x562479b63570_0, 7, 1;
L_0x562479b7c970 .part v0x562479b63570_0, 6, 1;
L_0x562479b7cbc0 .part v0x562479b63570_0, 0, 6;
L_0x562479b7cc60 .concat [ 3 29 0 0], v0x562479b5c730_0, L_0x7f6419c92210;
L_0x562479b7cdb0 .cmp/eq 32, L_0x562479b7cc60, L_0x7f6419c92258;
L_0x562479b7cee0 .concat [ 3 29 0 0], v0x562479b5c730_0, L_0x7f6419c922e8;
L_0x562479b7d040 .cmp/eq 32, L_0x562479b7cee0, L_0x7f6419c92330;
L_0x562479b7d180 .concat [ 3 29 0 0], v0x562479b5c730_0, L_0x7f6419c923c0;
L_0x562479b7d2a0 .cmp/eq 32, L_0x562479b7d180, L_0x7f6419c92408;
L_0x562479b7d3e0 .concat [ 3 29 0 0], v0x562479b5c730_0, L_0x7f6419c92498;
L_0x562479b7d560 .cmp/eq 32, L_0x562479b7d3e0, L_0x7f6419c924e0;
L_0x562479b7d6a0 .concat [ 3 29 0 0], v0x562479b5c730_0, L_0x7f6419c92570;
L_0x562479b7d830 .cmp/eq 32, L_0x562479b7d6a0, L_0x7f6419c925b8;
L_0x562479b7d9a0 .cmp/eq 6, L_0x562479b7cbc0, L_0x7f6419c92600;
L_0x562479b7d740 .cmp/eq 6, L_0x562479b7cbc0, L_0x7f6419c92690;
L_0x562479b7dc40 .cmp/eq 6, L_0x562479b7cbc0, L_0x7f6419c92720;
L_0x562479b7de00 .cmp/eq 6, L_0x562479b7cbc0, L_0x7f6419c927b0;
L_0x562479b7df50 .cmp/eq 6, L_0x562479b7cbc0, L_0x7f6419c92840;
L_0x562479b7e170 .functor MUXZ 41, L_0x7f6419c928d0, L_0x7f6419c92888, L_0x562479b7df50, C4<>;
L_0x562479b7e330 .functor MUXZ 41, L_0x562479b7e170, L_0x7f6419c927f8, L_0x562479b7de00, C4<>;
L_0x562479b7e5a0 .functor MUXZ 41, L_0x562479b7e330, L_0x7f6419c92768, L_0x562479b7dc40, C4<>;
L_0x562479b7e730 .functor MUXZ 41, L_0x562479b7e5a0, L_0x7f6419c926d8, L_0x562479b7d740, C4<>;
L_0x562479b7e9b0 .functor MUXZ 41, L_0x562479b7e730, L_0x7f6419c92648, L_0x562479b7d9a0, C4<>;
L_0x562479b7eb40 .cmp/eq 6, L_0x562479b7cbc0, L_0x7f6419c92918;
L_0x562479b7ed30 .cmp/eq 6, L_0x562479b7cbc0, L_0x7f6419c929a8;
L_0x562479b7ee20 .cmp/eq 6, L_0x562479b7cbc0, L_0x7f6419c92a38;
L_0x562479b7f020 .cmp/eq 6, L_0x562479b7cbc0, L_0x7f6419c92a80;
L_0x562479b7f110 .part v0x562479b50f40_0, 2, 1;
L_0x562479b7f2d0 .concat [ 1 31 0 0], L_0x562479b7f110, L_0x7f6419c92ac8;
L_0x562479b7f3c0 .cmp/eq 32, L_0x562479b7f2d0, L_0x7f6419c92b10;
L_0x562479b7f730 .cmp/eq 6, L_0x562479b7cbc0, L_0x7f6419c92ba0;
L_0x562479b7f7d0 .cmp/eq 6, L_0x562479b7cbc0, L_0x7f6419c92c30;
L_0x562479b7fa00 .cmp/eq 6, L_0x562479b7cbc0, L_0x7f6419c92cc0;
L_0x562479b7fb50 .cmp/eq 6, L_0x562479b7cbc0, L_0x7f6419c92d50;
L_0x562479b7fdf0 .functor MUXZ 41, L_0x7f6419c92de0, L_0x7f6419c92d98, L_0x562479b7fb50, C4<>;
L_0x562479b7ffb0 .functor MUXZ 41, L_0x562479b7fdf0, L_0x7f6419c92d08, L_0x562479b7fa00, C4<>;
L_0x562479b802a0 .functor MUXZ 41, L_0x562479b7ffb0, L_0x7f6419c92c78, L_0x562479b7f7d0, C4<>;
L_0x562479b80430 .functor MUXZ 41, L_0x562479b802a0, L_0x7f6419c92be8, L_0x562479b7f730, C4<>;
L_0x562479b80730 .functor MUXZ 41, L_0x562479b80430, L_0x7f6419c92b58, L_0x562479b7f250, C4<>;
L_0x562479b808c0 .functor MUXZ 41, L_0x562479b80730, L_0x7f6419c929f0, L_0x562479b7ed30, C4<>;
L_0x562479b80bd0 .functor MUXZ 41, L_0x562479b808c0, L_0x7f6419c92960, L_0x562479b7eb40, C4<>;
L_0x562479b80d60 .functor MUXZ 41, L_0x7f6419c92e28, L_0x562479b80bd0, L_0x562479b7c430, C4<>;
L_0x562479b81080 .functor MUXZ 41, L_0x562479b80d60, L_0x562479b7e9b0, L_0x562479b7c170, C4<>;
L_0x562479b81210 .concat [ 3 29 0 0], v0x562479b5c730_0, L_0x7f6419c92e70;
L_0x562479b814a0 .cmp/eq 32, L_0x562479b81210, L_0x7f6419c92eb8;
L_0x562479b815e0 .cmp/eq 6, L_0x562479b7cbc0, L_0x7f6419c92f00;
L_0x562479b81880 .cmp/eq 6, L_0x562479b7cbc0, L_0x7f6419c92f90;
L_0x562479b81b80 .cmp/eq 6, L_0x562479b7cbc0, L_0x7f6419c93020;
L_0x562479b81e30 .cmp/eq 6, L_0x562479b7cbc0, L_0x7f6419c93068;
L_0x562479b81f20 .part v0x562479b50f40_0, 2, 1;
L_0x562479b82190 .concat [ 1 31 0 0], L_0x562479b81f20, L_0x7f6419c930b0;
L_0x562479b822d0 .cmp/eq 32, L_0x562479b82190, L_0x7f6419c930f8;
L_0x562479b82880 .cmp/eq 6, L_0x562479b7cbc0, L_0x7f6419c93188;
L_0x562479b82d80 .cmp/eq 6, L_0x562479b7cbc0, L_0x7f6419c93218;
L_0x562479b83060 .cmp/eq 6, L_0x562479b7cbc0, L_0x7f6419c932a8;
L_0x562479b83150 .cmp/eq 6, L_0x562479b7cbc0, L_0x7f6419c93338;
L_0x562479b83440 .functor MUXZ 41, L_0x7f6419c933c8, L_0x7f6419c93380, L_0x562479b83150, C4<>;
L_0x562479b835d0 .functor MUXZ 41, L_0x562479b83440, L_0x7f6419c932f0, L_0x562479b83060, C4<>;
L_0x562479b83970 .functor MUXZ 41, L_0x562479b835d0, L_0x7f6419c93260, L_0x562479b82d80, C4<>;
L_0x562479b83b00 .functor MUXZ 41, L_0x562479b83970, L_0x7f6419c931d0, L_0x562479b82880, C4<>;
L_0x562479b83eb0 .functor MUXZ 41, L_0x562479b83b00, L_0x7f6419c93140, L_0x562479b82700, C4<>;
L_0x562479b84040 .functor MUXZ 41, L_0x562479b83eb0, L_0x7f6419c92fd8, L_0x562479b81880, C4<>;
L_0x562479b84400 .functor MUXZ 41, L_0x562479b84040, L_0x7f6419c92f48, L_0x562479b815e0, C4<>;
L_0x562479b84590 .functor MUXZ 41, L_0x7f6419c93410, L_0x562479b84400, L_0x562479b7c430, C4<>;
L_0x562479b84910 .functor MUXZ 41, L_0x7f6419c93458, L_0x562479b84590, L_0x562479b814a0, C4<>;
L_0x562479b84aa0 .functor MUXZ 41, L_0x562479b84910, L_0x562479b81080, L_0x562479b7d830, C4<>;
L_0x562479b84e80 .functor MUXZ 41, L_0x562479b84aa0, L_0x7f6419c92528, L_0x562479b7d560, C4<>;
L_0x562479b85010 .functor MUXZ 41, L_0x562479b84e80, L_0x7f6419c92450, L_0x562479b7d2a0, C4<>;
L_0x562479b85400 .functor MUXZ 41, L_0x562479b85010, L_0x7f6419c92378, L_0x562479b7d040, C4<>;
L_0x562479b85590 .functor MUXZ 41, L_0x562479b85400, L_0x7f6419c922a0, L_0x562479b7cdb0, C4<>;
L_0x562479b85990 .part L_0x562479b85590, 0, 16;
L_0x562479b85ad0 .part L_0x562479b85990, 0, 1;
L_0x562479b85df0 .part L_0x562479b85990, 1, 1;
L_0x562479b85e90 .part L_0x562479b85990, 2, 1;
L_0x562479b861c0 .part L_0x562479b85990, 3, 1;
L_0x562479b86260 .part L_0x562479b85990, 4, 1;
L_0x562479b865a0 .part L_0x562479b85990, 5, 1;
L_0x562479b86640 .part L_0x562479b85990, 6, 1;
L_0x562479b86990 .part L_0x562479b85990, 7, 1;
L_0x562479b86a30 .part L_0x562479b85990, 8, 1;
L_0x562479b86d90 .part L_0x562479b85990, 9, 1;
L_0x562479b86e30 .part L_0x562479b85990, 10, 5;
L_0x562479b871a0 .part L_0x562479b86e30, 0, 4;
L_0x562479b87240 .concat [ 16 16 0 0], L_0x562479b85990, L_0x7f6419c934a0;
L_0x562479b875c0 .cmp/eq 32, L_0x562479b87240, L_0x7f6419c934e8;
S_0x562479b5cdf0 .scope module, "ram" "memory" 3 338, 3 71 0, S_0x562479b2c500;
 .timescale 0 0;
    .port_info 0 /INPUT 1 "clk";
    .port_info 1 /INPUT 1 "reset";
    .port_info 2 /INPUT 1 "MI";
    .port_info 3 /INPUT 1 "RI";
    .port_info 4 /INPUT 8 "write";
    .port_info 5 /OUTPUT 8 "read";
    .port_info 6 /OUTPUT 8 "mar";
P_0x562479b5cfb0 .param/l "WIDTH" 0 3 71, +C4<00000000000000000000000000001000>;
P_0x562479b5cff0 .param/l "abs" 1 3 87, +C4<00000000000000000000000000000001000000>;
P_0x562479b5d030 .param/l "adc" 1 3 101, C4<01001>;
P_0x562479b5d070 .param/l "adca" 1 3 106, C4<00000000000000000000000000000001001001>;
P_0x562479b5d0b0 .param/l "add" 1 3 100, C4<01000>;
P_0x562479b5d0f0 .param/l "adda" 1 3 105, C4<00000000000000000000000000000001001000>;
P_0x562479b5d130 .param/l "count" 1 3 113, +C4<00000000000000000000000000001101>;
P_0x562479b5d170 .param/l "first" 1 3 111, +C4<00000000000000000000000000001011>;
P_0x562479b5d1b0 .param/l "imm" 1 3 86, +C4<00000000000000000000000000000000000000>;
P_0x562479b5d1f0 .param/l "jump" 1 3 95, C4<00000000000000000000000000000001000100>;
P_0x562479b5d230 .param/l "jumpc" 1 3 97, C4<00000000000000000000000000000001000110>;
P_0x562479b5d270 .param/l "jumpn" 1 3 98, C4<00000000000000000000000000000001000111>;
P_0x562479b5d2b0 .param/l "jumpz" 1 3 96, C4<00000000000000000000000000000001000101>;
P_0x562479b5d2f0 .param/l "loada" 1 3 91, C4<00000000000000000000000000000001000001>;
P_0x562479b5d330 .param/l "loadi" 1 3 90, C4<00001>;
P_0x562479b5d370 .param/l "off" 1 3 88, +C4<00000000000000000000000000000010000000>;
P_0x562479b5d3b0 .param/l "sbb" 1 3 102, C4<01010>;
P_0x562479b5d3f0 .param/l "sbba" 1 3 107, C4<00000000000000000000000000000001001010>;
P_0x562479b5d430 .param/l "second" 1 3 112, +C4<00000000000000000000000000001100>;
P_0x562479b5d470 .param/l "store" 1 3 93, C4<00000000000000000000000000000001000010>;
P_0x562479b5d4b0 .param/l "sub" 1 3 103, C4<01011>;
P_0x562479b5d4f0 .param/l "suba" 1 3 108, C4<00000000000000000000000000000001001011>;
P_0x562479b5d530 .param/l "tmp" 1 3 110, +C4<00000000000000000000000000001010>;
L_0x562479b2e980 .functor BUFZ 8, v0x562479b5ea00_0, C4<00000000>, C4<00000000>, C4<00000000>;
L_0x562479af8380 .functor BUFZ 8, L_0x562479b7bb70, C4<00000000>, C4<00000000>, C4<00000000>;
v0x562479b5ebc0_11 .array/port v0x562479b5ebc0, 11;
L_0x562479b7bdf0 .functor BUFZ 8, v0x562479b5ebc0_11, C4<00000000>, C4<00000000>, C4<00000000>;
v0x562479b5d650_0 .net "MI", 0 0, L_0x562479b86260;  alias, 1 drivers
v0x562479b5e200_0 .net "RI", 0 0, L_0x562479b865a0;  alias, 1 drivers
v0x562479b5e2d0_0 .net *"_ivl_2", 7 0, L_0x562479b7bb70;  1 drivers
v0x562479b5e3a0_0 .net *"_ivl_4", 9 0, L_0x562479b7bc10;  1 drivers
L_0x7f6419c921c8 .functor BUFT 1, C4<00>, C4<0>, C4<0>, C4<0>;
v0x562479b5e460_0 .net *"_ivl_7", 1 0, L_0x7f6419c921c8;  1 drivers
v0x562479b5e590_0 .net "clk", 0 0, v0x562479b63af0_0;  alias, 1 drivers
v0x562479b5e680_0 .net "display", 7 0, L_0x562479b7bdf0;  1 drivers
v0x562479b5e760_0 .var/i "finish", 31 0;
v0x562479b5e840_0 .var/i "i", 31 0;
v0x562479b5e920_0 .net "mar", 7 0, L_0x562479b2e980;  alias, 1 drivers
v0x562479b5ea00_0 .var "mem_addr_reg", 7 0;
v0x562479b5eae0_0 .var/i "org", 31 0;
v0x562479b5ebc0 .array "ram", 0 255, 7 0;
v0x562479b61490_0 .net "read", 7 0, L_0x562479af8380;  alias, 1 drivers
v0x562479b61550_0 .net "reset", 0 0, v0x562479b63c50_0;  alias, 1 drivers
v0x562479b615f0_0 .var/i "start", 31 0;
v0x562479b616b0_0 .net "write", 7 0, L_0x562479b7b9e0;  alias, 1 drivers
E_0x562479b5e150 .event posedge, v0x562479b51020_0, v0x562479b50cc0_0;
L_0x562479b7bb70 .array/port v0x562479b5ebc0, L_0x562479b7bc10;
L_0x562479b7bc10 .concat [ 8 2 0 0], v0x562479b5ea00_0, L_0x7f6419c921c8;
S_0x562479b618b0 .scope module, "rega_mux" "sync_mux_2x1" 3 335, 3 51 0, S_0x562479b2c500;
 .timescale 0 0;
    .port_info 0 /INPUT 1 "clk";
    .port_info 1 /INPUT 1 "reset";
    .port_info 2 /INPUT 1 "sel";
    .port_info 3 /INPUT 1 "enable";
    .port_info 4 /INPUT 8 "in0";
    .port_info 5 /INPUT 8 "in1";
    .port_info 6 /OUTPUT 8 "out";
P_0x562479b61a90 .param/l "WIDTH" 0 3 51, +C4<00000000000000000000000000001000>;
v0x562479b61be0_0 .net "clk", 0 0, v0x562479b63af0_0;  alias, 1 drivers
v0x562479b61ca0_0 .net "enable", 0 0, L_0x562479b85ad0;  alias, 1 drivers
v0x562479b61d60_0 .net "in0", 7 0, L_0x562479af8380;  alias, 1 drivers
v0x562479b61e80_0 .net "in1", 7 0, L_0x562479b7b9e0;  alias, 1 drivers
v0x562479b61f20_0 .var "out", 7 0;
v0x562479b62010_0 .net "reset", 0 0, v0x562479b63c50_0;  alias, 1 drivers
v0x562479b620b0_0 .net "sel", 0 0, L_0x562479b85df0;  alias, 1 drivers
    .scope S_0x562479afbce0;
T_0 ;
    %wait E_0x562479aa8fa0;
    %load/vec4 v0x562479b51020_0;
    %pad/u 32;
    %cmpi/e 1, 0, 32;
    %jmp/0xz  T_0.0, 4;
    %pushi/vec4 0, 0, 4;
    %assign/vec4 v0x562479b50f40_0, 0;
    %jmp T_0.1;
T_0.0 ;
    %load/vec4 v0x562479b501f0_0;
    %pad/u 32;
    %cmpi/e 1, 0, 32;
    %jmp/0xz  T_0.2, 4;
    %load/vec4 v0x562479b510e0_0;
    %parti/s 1, 8, 5;
    %ix/load 4, 0, 0;
    %ix/load 5, 0, 0;
    %flag_set/imm 4, 0;
    %assign/vec4/off/d v0x562479b50f40_0, 4, 5;
    %load/vec4 v0x562479b4ff70_0;
    %parti/s 1, 7, 4;
    %ix/load 4, 1, 0;
    %ix/load 5, 0, 0;
    %flag_set/imm 4, 0;
    %assign/vec4/off/d v0x562479b50f40_0, 4, 5;
    %load/vec4 v0x562479b4ff70_0;
    %pad/u 32;
    %cmpi/e 0, 0, 32;
    %flag_mov 8, 4;
    %jmp/0 T_0.4, 8;
    %pushi/vec4 1, 0, 2;
    %jmp/1 T_0.5, 8;
T_0.4 ; End of true expr.
    %pushi/vec4 0, 0, 2;
    %jmp/0 T_0.5, 8;
 ; End of false expr.
    %blend;
T_0.5;
    %pad/s 1;
    %ix/load 4, 2, 0;
    %ix/load 5, 0, 0;
    %flag_set/imm 4, 0;
    %assign/vec4/off/d v0x562479b50f40_0, 4, 5;
    %pushi/vec4 0, 0, 1;
    %ix/load 4, 3, 0;
    %ix/load 5, 0, 0;
    %flag_set/imm 4, 0;
    %assign/vec4/off/d v0x562479b50f40_0, 4, 5;
T_0.2 ;
T_0.1 ;
    %jmp T_0;
    .thread T_0;
    .scope S_0x562479b618b0;
T_1 ;
    %wait E_0x562479b5e150;
    %load/vec4 v0x562479b62010_0;
    %pad/u 32;
    %cmpi/e 1, 0, 32;
    %jmp/0xz  T_1.0, 4;
    %pushi/vec4 0, 0, 8;
    %store/vec4 v0x562479b61f20_0, 0, 8;
    %jmp T_1.1;
T_1.0 ;
    %load/vec4 v0x562479b61ca0_0;
    %flag_set/vec4 8;
    %jmp/0xz  T_1.2, 8;
    %load/vec4 v0x562479b620b0_0;
    %pad/u 32;
    %cmpi/e 1, 0, 32;
    %jmp/0xz  T_1.4, 4;
    %load/vec4 v0x562479b61e80_0;
    %store/vec4 v0x562479b61f20_0, 0, 8;
    %jmp T_1.5;
T_1.4 ;
    %load/vec4 v0x562479b61d60_0;
    %store/vec4 v0x562479b61f20_0, 0, 8;
T_1.5 ;
T_1.2 ;
T_1.1 ;
    %jmp T_1;
    .thread T_1;
    .scope S_0x562479b5cdf0;
T_2 ;
    %wait E_0x562479b5e150;
    %load/vec4 v0x562479b61550_0;
    %pad/u 32;
    %cmpi/e 1, 0, 32;
    %jmp/0xz  T_2.0, 4;
    %pushi/vec4 100, 0, 32;
    %store/vec4 v0x562479b615f0_0, 0, 32;
    %pushi/vec4 200, 0, 32;
    %store/vec4 v0x562479b5e760_0, 0, 32;
    %pushi/vec4 0, 0, 8;
    %assign/vec4 v0x562479b5ea00_0, 0;
    %pushi/vec4 0, 0, 32;
    %store/vec4 v0x562479b5e840_0, 0, 32;
T_2.2 ;
    %load/vec4 v0x562479b5e840_0;
    %cmpi/s 128, 0, 32;
    %jmp/0xz T_2.3, 5;
    %pushi/vec4 0, 0, 8;
    %ix/getv/s 4, v0x562479b5e840_0;
    %store/vec4a v0x562479b5ebc0, 4, 0;
    ; show_stmt_assign_vector: Get l-value for compressed += operand
    %load/vec4 v0x562479b5e840_0;
    %pushi/vec4 1, 0, 32;
    %add;
    %store/vec4 v0x562479b5e840_0, 0, 32;
    %jmp T_2.2;
T_2.3 ;
    %load/vec4 v0x562479b615f0_0;
    %store/vec4 v0x562479b5eae0_0, 0, 32;
    %load/vec4 v0x562479b5eae0_0;
    %subi 1, 0, 32;
    %pad/s 8;
    %ix/load 4, 0, 0;
    %flag_set/imm 4, 0;
    %store/vec4a v0x562479b5ebc0, 4, 0;
    %pushi/vec4 0, 0, 8;
    %ix/load 4, 11, 0;
    %flag_set/imm 4, 0;
    %store/vec4a v0x562479b5ebc0, 4, 0;
    %pushi/vec4 1, 0, 8;
    %ix/load 4, 12, 0;
    %flag_set/imm 4, 0;
    %store/vec4a v0x562479b5ebc0, 4, 0;
    %pushi/vec4 10, 0, 8;
    %ix/load 4, 13, 0;
    %flag_set/imm 4, 0;
    %store/vec4a v0x562479b5ebc0, 4, 0;
    %load/vec4 v0x562479b5eae0_0;
    %dup/vec4;
    %pushi/vec4 1, 0, 32;
    %add;
    %store/vec4 v0x562479b5eae0_0, 0, 32;
    %store/vec4 v0x562479b615f0_0, 0, 32;
    %pushi/vec4 65, 0, 8;
    %ix/getv/s 4, v0x562479b615f0_0;
    %store/vec4a v0x562479b5ebc0, 4, 0;
    %pushi/vec4 13, 0, 8;
    %load/vec4 v0x562479b5eae0_0;
    %dup/vec4;
    %pushi/vec4 1, 0, 32;
    %add;
    %store/vec4 v0x562479b5eae0_0, 0, 32;
    %ix/vec4/s 4;
    %store/vec4a v0x562479b5ebc0, 4, 0;
    %pushi/vec4 10, 0, 8;
    %load/vec4 v0x562479b5eae0_0;
    %dup/vec4;
    %pushi/vec4 1, 0, 32;
    %add;
    %store/vec4 v0x562479b5eae0_0, 0, 32;
    %ix/vec4/s 4;
    %store/vec4a v0x562479b5ebc0, 4, 0;
    %pushi/vec4 0, 0, 8;
    %load/vec4 v0x562479b5eae0_0;
    %dup/vec4;
    %pushi/vec4 1, 0, 32;
    %add;
    %store/vec4 v0x562479b5eae0_0, 0, 32;
    %ix/vec4/s 4;
    %store/vec4a v0x562479b5ebc0, 4, 0;
    %pushi/vec4 66, 0, 8;
    %load/vec4 v0x562479b5eae0_0;
    %dup/vec4;
    %pushi/vec4 1, 0, 32;
    %add;
    %store/vec4 v0x562479b5eae0_0, 0, 32;
    %ix/vec4/s 4;
    %store/vec4a v0x562479b5ebc0, 4, 0;
    %pushi/vec4 13, 0, 8;
    %load/vec4 v0x562479b5eae0_0;
    %dup/vec4;
    %pushi/vec4 1, 0, 32;
    %add;
    %store/vec4 v0x562479b5eae0_0, 0, 32;
    %ix/vec4/s 4;
    %store/vec4a v0x562479b5ebc0, 4, 0;
    %pushi/vec4 69, 0, 8;
    %load/vec4 v0x562479b5eae0_0;
    %dup/vec4;
    %pushi/vec4 1, 0, 32;
    %add;
    %store/vec4 v0x562479b5eae0_0, 0, 32;
    %ix/vec4/s 4;
    %store/vec4a v0x562479b5ebc0, 4, 0;
    %load/vec4 v0x562479b5e760_0;
    %subi 1, 0, 32;
    %pad/s 8;
    %load/vec4 v0x562479b5eae0_0;
    %dup/vec4;
    %pushi/vec4 1, 0, 32;
    %add;
    %store/vec4 v0x562479b5eae0_0, 0, 32;
    %ix/vec4/s 4;
    %store/vec4a v0x562479b5ebc0, 4, 0;
    %pushi/vec4 65, 0, 8;
    %load/vec4 v0x562479b5eae0_0;
    %dup/vec4;
    %pushi/vec4 1, 0, 32;
    %add;
    %store/vec4 v0x562479b5eae0_0, 0, 32;
    %ix/vec4/s 4;
    %store/vec4a v0x562479b5ebc0, 4, 0;
    %pushi/vec4 12, 0, 8;
    %load/vec4 v0x562479b5eae0_0;
    %dup/vec4;
    %pushi/vec4 1, 0, 32;
    %add;
    %store/vec4 v0x562479b5eae0_0, 0, 32;
    %ix/vec4/s 4;
    %store/vec4a v0x562479b5ebc0, 4, 0;
    %pushi/vec4 66, 0, 8;
    %load/vec4 v0x562479b5eae0_0;
    %dup/vec4;
    %pushi/vec4 1, 0, 32;
    %add;
    %store/vec4 v0x562479b5eae0_0, 0, 32;
    %ix/vec4/s 4;
    %store/vec4a v0x562479b5ebc0, 4, 0;
    %pushi/vec4 10, 0, 8;
    %load/vec4 v0x562479b5eae0_0;
    %dup/vec4;
    %pushi/vec4 1, 0, 32;
    %add;
    %store/vec4 v0x562479b5eae0_0, 0, 32;
    %ix/vec4/s 4;
    %store/vec4a v0x562479b5ebc0, 4, 0;
    %pushi/vec4 72, 0, 8;
    %load/vec4 v0x562479b5eae0_0;
    %dup/vec4;
    %pushi/vec4 1, 0, 32;
    %add;
    %store/vec4 v0x562479b5eae0_0, 0, 32;
    %ix/vec4/s 4;
    %store/vec4a v0x562479b5ebc0, 4, 0;
    %pushi/vec4 11, 0, 8;
    %load/vec4 v0x562479b5eae0_0;
    %dup/vec4;
    %pushi/vec4 1, 0, 32;
    %add;
    %store/vec4 v0x562479b5eae0_0, 0, 32;
    %ix/vec4/s 4;
    %store/vec4a v0x562479b5ebc0, 4, 0;
    %pushi/vec4 66, 0, 8;
    %load/vec4 v0x562479b5eae0_0;
    %dup/vec4;
    %pushi/vec4 1, 0, 32;
    %add;
    %store/vec4 v0x562479b5eae0_0, 0, 32;
    %ix/vec4/s 4;
    %store/vec4a v0x562479b5ebc0, 4, 0;
    %pushi/vec4 12, 0, 8;
    %load/vec4 v0x562479b5eae0_0;
    %dup/vec4;
    %pushi/vec4 1, 0, 32;
    %add;
    %store/vec4 v0x562479b5eae0_0, 0, 32;
    %ix/vec4/s 4;
    %store/vec4a v0x562479b5ebc0, 4, 0;
    %pushi/vec4 65, 0, 8;
    %load/vec4 v0x562479b5eae0_0;
    %dup/vec4;
    %pushi/vec4 1, 0, 32;
    %add;
    %store/vec4 v0x562479b5eae0_0, 0, 32;
    %ix/vec4/s 4;
    %store/vec4a v0x562479b5ebc0, 4, 0;
    %pushi/vec4 10, 0, 8;
    %load/vec4 v0x562479b5eae0_0;
    %dup/vec4;
    %pushi/vec4 1, 0, 32;
    %add;
    %store/vec4 v0x562479b5eae0_0, 0, 32;
    %ix/vec4/s 4;
    %store/vec4a v0x562479b5ebc0, 4, 0;
    %pushi/vec4 66, 0, 8;
    %load/vec4 v0x562479b5eae0_0;
    %dup/vec4;
    %pushi/vec4 1, 0, 32;
    %add;
    %store/vec4 v0x562479b5eae0_0, 0, 32;
    %ix/vec4/s 4;
    %store/vec4a v0x562479b5ebc0, 4, 0;
    %pushi/vec4 11, 0, 8;
    %load/vec4 v0x562479b5eae0_0;
    %dup/vec4;
    %pushi/vec4 1, 0, 32;
    %add;
    %store/vec4 v0x562479b5eae0_0, 0, 32;
    %ix/vec4/s 4;
    %store/vec4a v0x562479b5ebc0, 4, 0;
    %pushi/vec4 68, 0, 8;
    %load/vec4 v0x562479b5eae0_0;
    %dup/vec4;
    %pushi/vec4 1, 0, 32;
    %add;
    %store/vec4 v0x562479b5eae0_0, 0, 32;
    %ix/vec4/s 4;
    %store/vec4a v0x562479b5ebc0, 4, 0;
    %load/vec4 v0x562479b615f0_0;
    %subi 1, 0, 32;
    %pad/s 8;
    %load/vec4 v0x562479b5eae0_0;
    %dup/vec4;
    %pushi/vec4 1, 0, 32;
    %add;
    %store/vec4 v0x562479b5eae0_0, 0, 32;
    %ix/vec4/s 4;
    %store/vec4a v0x562479b5ebc0, 4, 0;
    %pushi/vec4 255, 0, 8;
    %ix/getv/s 4, v0x562479b5e760_0;
    %store/vec4a v0x562479b5ebc0, 4, 0;
    %jmp T_2.1;
T_2.0 ;
    %load/vec4 v0x562479b5d650_0;
    %pad/u 32;
    %cmpi/e 1, 0, 32;
    %jmp/0xz  T_2.4, 4;
    %load/vec4 v0x562479b616b0_0;
    %assign/vec4 v0x562479b5ea00_0, 0;
T_2.4 ;
    %load/vec4 v0x562479b5e200_0;
    %pad/u 32;
    %cmpi/e 1, 0, 32;
    %jmp/0xz  T_2.6, 4;
    %load/vec4 v0x562479b616b0_0;
    %load/vec4 v0x562479b5ea00_0;
    %pad/u 10;
    %ix/vec4 3;
    %ix/load 4, 0, 0; Constant delay
    %assign/vec4/a/d v0x562479b5ebc0, 0, 4;
T_2.6 ;
T_2.1 ;
    %jmp T_2;
    .thread T_2;
    .scope S_0x562479b51380;
T_3 ;
    %wait E_0x562479b309d0;
    %load/vec4 v0x562479b5cb40_0;
    %pad/u 32;
    %cmpi/e 1, 0, 32;
    %jmp/0xz  T_3.0, 4;
    %pushi/vec4 0, 0, 3;
    %assign/vec4 v0x562479b5c730_0, 0;
    %jmp T_3.1;
T_3.0 ;
    %load/vec4 v0x562479b5c730_0;
    %addi 1, 0, 3;
    %assign/vec4 v0x562479b5c730_0, 0;
T_3.1 ;
    %jmp T_3;
    .thread T_3;
    .scope S_0x562479b51380;
T_4 ;
    %wait E_0x562479a8f380;
    %pushi/vec4 0, 0, 3;
    %assign/vec4 v0x562479b5c730_0, 0;
    %jmp T_4;
    .thread T_4, $push;
    .scope S_0x562479b2c500;
T_5 ;
    %wait E_0x562479b5e150;
    %load/vec4 v0x562479b63940_0;
    %pad/u 32;
    %cmpi/e 1, 0, 32;
    %jmp/0xz  T_5.0, 4;
    %pushi/vec4 0, 0, 8;
    %assign/vec4 v0x562479b63570_0, 0;
    %jmp T_5.1;
T_5.0 ;
    %load/vec4 v0x562479b625f0_0;
    %pad/u 32;
    %cmpi/e 1, 0, 32;
    %jmp/0xz  T_5.2, 4;
    %load/vec4 v0x562479b63770_0;
    %assign/vec4 v0x562479b63570_0, 0;
    %pushi/vec4 0, 0, 1;
    %assign/vec4 v0x562479b634d0_0, 0;
T_5.2 ;
T_5.1 ;
    %jmp T_5;
    .thread T_5;
    .scope S_0x562479b2c500;
T_6 ;
    %wait E_0x562479aa7a00;
    %pushi/vec4 1, 0, 1;
    %assign/vec4 v0x562479b634d0_0, 0;
    %jmp T_6;
    .thread T_6;
    .scope S_0x562479a9c2e0;
T_7 ;
    %pushi/vec4 0, 0, 1;
    %store/vec4 v0x562479b63af0_0, 0, 1;
    %pushi/vec4 1, 0, 1;
    %store/vec4 v0x562479b63c50_0, 0, 1;
T_7.0 ;
    %delay 1, 0;
    %load/vec4 v0x562479b63af0_0;
    %inv;
    %store/vec4 v0x562479b63af0_0, 0, 1;
    %load/vec4 v0x562479b63c50_0;
    %pad/u 32;
    %pushi/vec4 1, 0, 32;
    %cmp/e;
    %flag_get/vec4 4;
    %load/vec4 v0x562479b63af0_0;
    %and;
    %flag_set/vec4 8;
    %jmp/0xz  T_7.1, 8;
    %pushi/vec4 0, 0, 1;
    %store/vec4 v0x562479b63c50_0, 0, 1;
    %jmp T_7.2;
T_7.1 ;
    %load/vec4 v0x562479b63b90_0;
    %flag_set/vec4 8;
    %jmp/0xz  T_7.3, 8;
    %vpi_call 2 19 "$finish" {0 0 0};
T_7.3 ;
T_7.2 ;
    %jmp T_7.0;
    %end;
    .thread T_7;
    .scope S_0x562479a9c2e0;
T_8 ;
    %vpi_call 2 24 "$dumpfile", "testbench.vcd" {0 0 0};
    %vpi_call 2 25 "$dumpvars", 32'sb00000000000000000000000000000000, S_0x562479a9c2e0 {0 0 0};
    %vpi_call 2 27 "$monitor", $time, ":\011clk=%B | reset=%B | halt=%B", v0x562479b63af0_0, v0x562479b63c50_0, v0x562479b63b90_0 {0 0 0};
    %delay 2000, 0;
    %vpi_call 2 30 "$finish" {0 0 0};
    %end;
    .thread T_8;
# The file index is used to find the file name in the following table.
:file_names 4;
    "N/A";
    "<interactive>";
    "testbench.sv";
    "tiny.sv";
